created virtual environment CPython3.10.13.final.0-64 in 829ms
  creator CPython3Posix(dest=/localscratch/ragrawal.37866012.0/env, clear=False, no_vcs_ignore=False, global=False)
  seeder FromAppData(download=False, pip=bundle, setuptools=bundle, wheel=bundle, via=copy, app_data_dir=/home/ragrawal/.local/share/virtualenv)
    added seed packages: pip==24.1.2, setuptools==70.2.0, wheel==0.43.0
  activators BashActivator,CShellActivator,FishActivator,NushellActivator,PowerShellActivator,PythonActivator
Looking in links: /cvmfs/soft.computecanada.ca/custom/python/wheelhouse/gentoo2023/x86-64-v3, /cvmfs/soft.computecanada.ca/custom/python/wheelhouse/gentoo2023/generic, /cvmfs/soft.computecanada.ca/custom/python/wheelhouse/generic
Requirement already satisfied: pip in /localscratch/ragrawal.37866012.0/env/lib/python3.10/site-packages (24.1.2)
Looking in links: /cvmfs/soft.computecanada.ca/custom/python/wheelhouse/gentoo2023/x86-64-v3, /cvmfs/soft.computecanada.ca/custom/python/wheelhouse/gentoo2023/generic, /cvmfs/soft.computecanada.ca/custom/python/wheelhouse/generic
Processing /cvmfs/soft.computecanada.ca/custom/python/wheelhouse/gentoo2023/generic/contourpy-1.2.1+computecanada-cp310-cp310-linux_x86_64.whl (from -r requirements.txt (line 1))
Processing /cvmfs/soft.computecanada.ca/custom/python/wheelhouse/generic/corner-2.2.1+computecanada-py3-none-any.whl (from -r requirements.txt (line 2))
Processing /cvmfs/soft.computecanada.ca/custom/python/wheelhouse/generic/cycler-0.12.1+computecanada-py3-none-any.whl (from -r requirements.txt (line 3))
Processing /cvmfs/soft.computecanada.ca/custom/python/wheelhouse/generic/emcee-3.1.4+computecanada-py2.py3-none-any.whl (from -r requirements.txt (line 4))
Processing /cvmfs/soft.computecanada.ca/custom/python/wheelhouse/generic/fonttools-4.53.0+computecanada-cp310-cp310-linux_x86_64.whl (from -r requirements.txt (line 5))
Processing /cvmfs/soft.computecanada.ca/custom/python/wheelhouse/gentoo2023/x86-64-v3/h5py-3.11.0+computecanada-cp310-cp310-linux_x86_64.whl (from -r requirements.txt (line 6))
Processing /cvmfs/soft.computecanada.ca/custom/python/wheelhouse/generic/joblib-1.4.2+computecanada-py3-none-any.whl (from -r requirements.txt (line 7))
Processing /cvmfs/soft.computecanada.ca/custom/python/wheelhouse/gentoo2023/x86-64-v3/kiwisolver-1.4.5+computecanada-cp310-cp310-linux_x86_64.whl (from -r requirements.txt (line 8))
Processing /cvmfs/soft.computecanada.ca/custom/python/wheelhouse/gentoo2023/x86-64-v3/matplotlib-3.9.0+computecanada-cp310-cp310-linux_x86_64.whl (from -r requirements.txt (line 9))
Processing /cvmfs/soft.computecanada.ca/custom/python/wheelhouse/gentoo2023/generic/numpy-1.26.4+computecanada-cp310-cp310-linux_x86_64.whl (from -r requirements.txt (line 10))
Processing /cvmfs/soft.computecanada.ca/custom/python/wheelhouse/generic/packaging-24.1+computecanada-py3-none-any.whl (from -r requirements.txt (line 11))
Processing /cvmfs/soft.computecanada.ca/custom/python/wheelhouse/gentoo2023/x86-64-v3/pandas-2.2.1+computecanada-cp310-cp310-linux_x86_64.whl (from -r requirements.txt (line 12))
Processing /cvmfs/soft.computecanada.ca/custom/python/wheelhouse/gentoo2023/x86-64-v3/pillow-10.3.0+computecanada-cp310-cp310-linux_x86_64.whl (from -r requirements.txt (line 13))
Processing /cvmfs/soft.computecanada.ca/custom/python/wheelhouse/generic/pyparsing-3.1.2+computecanada-py3-none-any.whl (from -r requirements.txt (line 14))
Processing /cvmfs/soft.computecanada.ca/custom/python/wheelhouse/generic/python_dateutil-2.9.0.post0+computecanada-py2.py3-none-any.whl (from -r requirements.txt (line 15))
Processing /cvmfs/soft.computecanada.ca/custom/python/wheelhouse/generic/pytz-2024.1+computecanada-py2.py3-none-any.whl (from -r requirements.txt (line 16))
Processing /cvmfs/soft.computecanada.ca/custom/python/wheelhouse/generic/schwimmbad-0.3.1+computecanada-py3-none-any.whl (from -r requirements.txt (line 17))
Processing /cvmfs/soft.computecanada.ca/custom/python/wheelhouse/gentoo2023/generic/scikit_learn-1.5.0+computecanada-cp310-cp310-linux_x86_64.whl (from -r requirements.txt (line 18))
Processing /cvmfs/soft.computecanada.ca/custom/python/wheelhouse/gentoo2023/generic/scipy-1.13.1+computecanada-cp310-cp310-linux_x86_64.whl (from -r requirements.txt (line 19))
Processing /cvmfs/soft.computecanada.ca/custom/python/wheelhouse/generic/six-1.16.0+computecanada-py2.py3-none-any.whl (from -r requirements.txt (line 20))
Processing /cvmfs/soft.computecanada.ca/custom/python/wheelhouse/generic/sklearn-0.0+computecanada-py2.py3-none-any.whl (from -r requirements.txt (line 21))
Processing /cvmfs/soft.computecanada.ca/custom/python/wheelhouse/generic/threadpoolctl-3.5.0+computecanada-py3-none-any.whl (from -r requirements.txt (line 22))
Processing /cvmfs/soft.computecanada.ca/custom/python/wheelhouse/generic/tzdata-2024.1+computecanada-py2.py3-none-any.whl (from -r requirements.txt (line 23))
Processing /cvmfs/soft.computecanada.ca/custom/python/wheelhouse/generic/asttokens-2.4.1+computecanada-py2.py3-none-any.whl (from -r requirements.txt (line 24))
Processing /cvmfs/soft.computecanada.ca/custom/python/wheelhouse/generic/decorator-5.1.1+computecanada-py3-none-any.whl (from -r requirements.txt (line 25))
Processing /cvmfs/soft.computecanada.ca/custom/python/wheelhouse/generic/exceptiongroup-1.2.1+computecanada-py3-none-any.whl (from -r requirements.txt (line 26))
Processing /cvmfs/soft.computecanada.ca/custom/python/wheelhouse/generic/executing-2.0.1+computecanada-py2.py3-none-any.whl (from -r requirements.txt (line 27))
Processing /cvmfs/soft.computecanada.ca/custom/python/wheelhouse/generic/ipython-8.25.0+computecanada-py3-none-any.whl (from -r requirements.txt (line 28))
Processing /cvmfs/soft.computecanada.ca/custom/python/wheelhouse/generic/jedi-0.19.1+computecanada-py2.py3-none-any.whl (from -r requirements.txt (line 29))
Processing /cvmfs/soft.computecanada.ca/custom/python/wheelhouse/generic/matplotlib_inline-0.1.7+computecanada-py3-none-any.whl (from -r requirements.txt (line 30))
Processing /cvmfs/soft.computecanada.ca/custom/python/wheelhouse/generic/parso-0.8.4+computecanada-py2.py3-none-any.whl (from -r requirements.txt (line 31))
Processing /cvmfs/soft.computecanada.ca/custom/python/wheelhouse/generic/pexpect-4.9.0+computecanada-py2.py3-none-any.whl (from -r requirements.txt (line 32))
Processing /cvmfs/soft.computecanada.ca/custom/python/wheelhouse/generic/prompt_toolkit-3.0.47+computecanada-py3-none-any.whl (from -r requirements.txt (line 33))
Processing /cvmfs/soft.computecanada.ca/custom/python/wheelhouse/generic/ptyprocess-0.7.0+computecanada-py2.py3-none-any.whl (from -r requirements.txt (line 34))
Processing /cvmfs/soft.computecanada.ca/custom/python/wheelhouse/generic/pure_eval-0.2.2+computecanada-py3-none-any.whl (from -r requirements.txt (line 35))
Processing /cvmfs/soft.computecanada.ca/custom/python/wheelhouse/generic/pygments-2.18.0+computecanada-py3-none-any.whl (from -r requirements.txt (line 36))
Processing /cvmfs/soft.computecanada.ca/custom/python/wheelhouse/generic/stack_data-0.6.3+computecanada-py3-none-any.whl (from -r requirements.txt (line 38))
Processing /cvmfs/soft.computecanada.ca/custom/python/wheelhouse/generic/traitlets-5.14.3+computecanada-py3-none-any.whl (from -r requirements.txt (line 39))
Processing /cvmfs/soft.computecanada.ca/custom/python/wheelhouse/generic/typing_extensions-4.12.2+computecanada-py3-none-any.whl (from -r requirements.txt (line 40))
Processing /cvmfs/soft.computecanada.ca/custom/python/wheelhouse/generic/wcwidth-0.2.13+computecanada-py2.py3-none-any.whl (from -r requirements.txt (line 41))
Installing collected packages: wcwidth, pytz, pure_eval, ptyprocess, tzdata, typing_extensions, traitlets, threadpoolctl, six, schwimmbad, pyparsing, pygments, prompt_toolkit, pillow, pexpect, parso, packaging, numpy, kiwisolver, joblib, fonttools, executing, exceptiongroup, decorator, cycler, scipy, python_dateutil, matplotlib_inline, jedi, h5py, emcee, contourpy, asttokens, stack_data, scikit_learn, pandas, matplotlib, sklearn, ipython, corner
Successfully installed asttokens-2.4.1+computecanada contourpy-1.2.1+computecanada corner-2.2.1+computecanada cycler-0.12.1+computecanada decorator-5.1.1+computecanada emcee-3.1.4+computecanada exceptiongroup-1.2.1+computecanada executing-2.0.1+computecanada fonttools-4.53.0+computecanada h5py-3.11.0+computecanada ipython-8.25.0+computecanada jedi-0.19.1+computecanada joblib-1.4.2+computecanada kiwisolver-1.4.5+computecanada matplotlib-3.9.0+computecanada matplotlib_inline-0.1.7+computecanada numpy-1.26.4+computecanada packaging-24.1+computecanada pandas-2.2.1+computecanada parso-0.8.4+computecanada pexpect-4.9.0+computecanada pillow-10.3.0+computecanada prompt_toolkit-3.0.47+computecanada ptyprocess-0.7.0+computecanada pure_eval-0.2.2+computecanada pygments-2.18.0+computecanada pyparsing-3.1.2+computecanada python_dateutil-2.9.0.post0+computecanada pytz-2024.1+computecanada schwimmbad-0.3.1+computecanada scikit_learn-1.5.0+computecanada scipy-1.13.1+computecanada six-1.16.0+computecanada sklearn-0.0+computecanada stack_data-0.6.3+computecanada threadpoolctl-3.5.0+computecanada traitlets-5.14.3+computecanada typing_extensions-4.12.2+computecanada tzdata-2024.1+computecanada wcwidth-0.2.13+computecanada
[       0.           255497.67952588   511362.68351562   767632.92184222
  1024332.38100963  1281472.70637998  1539055.18857684  1797072.84185009
  2055512.36161874  2314355.84143047  2573582.20123595  2833168.32633692
  3093089.94324007  3353322.27066574  3613840.48654983  3874620.04922533
  4135636.90590436  4396867.61582447  4658289.40990559  4919880.20391909
  5181618.57813382  5443483.73315834  5705455.42915323  5967513.91363083
  6229639.84157954  6491814.19055017  6754018.17254037  7016233.14394877
  7278440.51449572  7540621.65579073  7802757.81014908  8064830.00031487
  8326818.94093947  8588704.95301008  8850467.88295206  9112087.02888525
  9373541.07755784  9634808.05688922  9895865.3109209  10156689.50640962
 10417256.68341519 10677542.36613175 10937521.754921   11197170.02592804
 11456462.77042574 11715376.6113144  11973890.03743697 12231984.49494119
 12489645.76488216 12746865.63236112 13003643.80893674 13259990.00259358
 13515925.93954934 13771487.04210167 14026723.3849544  14281699.53235115
 14536492.9452994  14791190.86369462 15045885.881469   15300670.75298952
 15555633.17588407 15810851.30202043 16066390.53163829 16322301.82894015
 16578621.48063383 16835371.99602566 17092563.7527992  17350197.00749025
 17608263.96906323 17866750.73394868 18125638.97200168 18384907.32176674
 18644532.49834104 18904490.14204388 19164755.4468106  19425303.60904966
 19686110.13466196 19947151.03671011 20208402.95046049 20469843.18706406
 20731449.74238456 20993201.27353769 21255077.05254257 21517056.90401336
 21779121.13192064 22041250.43901972 22303425.84147985 22565628.58047658
 22827840.03196821 23090041.6155217  23352214.70285265 23614340.5266817
 23876400.09057894 24138374.080676   24400242.78049025 24661985.99065699
 24923582.9561515  25185012.30466226 25446252.0012315  25707279.32620417
 25968070.88603317 26228602.66968926 26488850.16741175 26748788.57333438
 27008393.09900561 27267639.43058631 27526504.36765302 27784966.68439979
 28043008.25186014 28300615.44846343 28557780.86042437 28814505.22737996
 29070799.51849139 29326686.93221483 29582204.51318624 29837404.00244988
 30092351.52705252 30347125.83605292 30601815.01916653 30856511.96382607
 31111309.11981906 31366293.32827909 31621541.45393884 31877117.3440133
 32133070.31439825 32389435.05385556 32646232.62779262 32903472.18271765
 33161152.97695735 33419266.44690284 33677798.11815815 33936729.25998286
 34196038.24759474 34455701.63930499 34715694.99849267 34975993.49989562
 35236572.36079738 35497407.13429577 35758473.89650166 36019749.35375372
 36281210.8905442  36542836.57418153 36804605.12836207 37066495.8847428
 37328488.71920396 37590563.9776497  37852702.39480758 38114885.00846187
 38377093.07081121 38639307.95812344 38901511.079523   39163683.78556196
 39425807.27717797 39687862.51572698 39949830.1350029  40211690.35654011
 40473422.91007036 40735006.96182027 40996421.05445392 41257643.0639661
 41518650.18081751 41779418.92518096 42039925.20945334 42300144.46526685
 42560051.85711808 42819622.61027703 43078832.48638867 43337658.44516918
 43596079.53306028 43854078.03674076 44111640.92674819 44368761.58865675
 44625441.79059502 44881693.76296795 45137542.17239457 45393025.67281692
 45648197.64463751 45903125.73302389 46157889.91186192 46412579.04218809
 46667286.21848852 46922103.50134151 47177116.80210437 47432401.64316383
 47688020.28411322 47944020.37711639 48200435.01264311 48457283.8218581
 48714574.73503126 48972306.02886742 49230468.38307109 49489046.76637913
 49748022.0590866  50007372.38250924 50267074.14579157 50527102.84169659
 50787433.63131018 51048041.75802545 51308902.82745592 51569992.9844823 ]
You must install the tqdm library to use progress indicators with emcee
Acceptance ratio
 [0.44102 0.43596 0.44102 0.43264 0.44024 0.43626 0.43936 0.4399  0.43736
 0.43662 0.4354  0.43464 0.43628 0.43864 0.4351  0.43804 0.43718 0.43474
 0.44226 0.4405  0.43848 0.43488 0.43982 0.43572 0.43374 0.43204 0.44086
 0.43706 0.43774 0.4436  0.43766 0.43856 0.43414 0.43828 0.43778 0.43908
 0.44052 0.43484 0.43884 0.43372 0.43602 0.43862 0.4377  0.43638 0.43738
 0.43726 0.43794 0.43856 0.43834 0.43844 0.43848 0.43884 0.43874 0.43966
 0.43412 0.43552 0.43806 0.43844 0.4422  0.44182 0.44032 0.43694 0.4369
 0.434   0.43976 0.43882 0.4341  0.44072 0.43916 0.43254 0.4357  0.43374
 0.4371  0.4394  0.43752 0.43798 0.4322  0.44194 0.43612 0.43884 0.43462
 0.43304 0.43562 0.4338  0.43868 0.43742 0.43442 0.43468 0.4325  0.43404
 0.43942 0.4355  0.43734 0.43634 0.43334 0.43418 0.4362  0.43866 0.43766
 0.43626 0.438   0.44162 0.43808 0.43726 0.43408 0.43524 0.43718 0.44042
 0.43924 0.43998 0.44202 0.43676 0.4312  0.43942 0.43398 0.43838 0.43718
 0.43192 0.44026 0.43694 0.43254 0.43794 0.43628 0.43522 0.43228 0.43818
 0.43498 0.438  ]
[0.44102 0.43596 0.44102 0.43264 0.44024 0.43626 0.43936 0.4399  0.43736
 0.43662 0.4354  0.43464 0.43628 0.43864 0.4351  0.43804 0.43718 0.43474
 0.44226 0.4405  0.43848 0.43488 0.43982 0.43572 0.43374 0.43204 0.44086
 0.43706 0.43774 0.4436  0.43766 0.43856 0.43414 0.43828 0.43778 0.43908
 0.44052 0.43484 0.43884 0.43372 0.43602 0.43862 0.4377  0.43638 0.43738
 0.43726 0.43794 0.43856 0.43834 0.43844 0.43848 0.43884 0.43874 0.43966
 0.43412 0.43552 0.43806 0.43844 0.4422  0.44182 0.44032 0.43694 0.4369
 0.434   0.43976 0.43882 0.4341  0.44072 0.43916 0.43254 0.4357  0.43374
 0.4371  0.4394  0.43752 0.43798 0.4322  0.44194 0.43612 0.43884 0.43462
 0.43304 0.43562 0.4338  0.43868 0.43742 0.43442 0.43468 0.4325  0.43404
 0.43942 0.4355  0.43734 0.43634 0.43334 0.43418 0.4362  0.43866 0.43766
 0.43626 0.438   0.44162 0.43808 0.43726 0.43408 0.43524 0.43718 0.44042
 0.43924 0.43998 0.44202 0.43676 0.4312  0.43942 0.43398 0.43838 0.43718
 0.43192 0.44026 0.43694 0.43254 0.43794 0.43628 0.43522 0.43228 0.43818
 0.43498 0.438  ]
burn-in: 549

thin: 19

flat chain shape: (333056, 8)

flat log prob shape: (333056,)

Samples saved to check/Result_1.txt
