created virtual environment CPython3.10.13.final.0-64 in 1235ms
  creator CPython3Posix(dest=/localscratch/ragrawal.38506884.0/env, clear=False, no_vcs_ignore=False, global=False)
  seeder FromAppData(download=False, pip=bundle, setuptools=bundle, wheel=bundle, via=copy, app_data_dir=/home/ragrawal/.local/share/virtualenv)
    added seed packages: pip==24.1.2, setuptools==70.2.0, wheel==0.43.0
  activators BashActivator,CShellActivator,FishActivator,NushellActivator,PowerShellActivator,PythonActivator
Looking in links: /cvmfs/soft.computecanada.ca/custom/python/wheelhouse/gentoo2023/x86-64-v3, /cvmfs/soft.computecanada.ca/custom/python/wheelhouse/gentoo2023/generic, /cvmfs/soft.computecanada.ca/custom/python/wheelhouse/generic
Requirement already satisfied: pip in /localscratch/ragrawal.38506884.0/env/lib/python3.10/site-packages (24.1.2)
Looking in links: /cvmfs/soft.computecanada.ca/custom/python/wheelhouse/gentoo2023/x86-64-v3, /cvmfs/soft.computecanada.ca/custom/python/wheelhouse/gentoo2023/generic, /cvmfs/soft.computecanada.ca/custom/python/wheelhouse/generic
Processing /cvmfs/soft.computecanada.ca/custom/python/wheelhouse/gentoo2023/generic/contourpy-1.2.1+computecanada-cp310-cp310-linux_x86_64.whl (from -r requirements.txt (line 1))
Processing /cvmfs/soft.computecanada.ca/custom/python/wheelhouse/generic/corner-2.2.1+computecanada-py3-none-any.whl (from -r requirements.txt (line 2))
Processing /cvmfs/soft.computecanada.ca/custom/python/wheelhouse/generic/cycler-0.12.1+computecanada-py3-none-any.whl (from -r requirements.txt (line 3))
Processing /cvmfs/soft.computecanada.ca/custom/python/wheelhouse/generic/emcee-3.1.4+computecanada-py2.py3-none-any.whl (from -r requirements.txt (line 4))
Processing /cvmfs/soft.computecanada.ca/custom/python/wheelhouse/generic/fonttools-4.53.0+computecanada-cp310-cp310-linux_x86_64.whl (from -r requirements.txt (line 5))
Processing /cvmfs/soft.computecanada.ca/custom/python/wheelhouse/gentoo2023/x86-64-v3/h5py-3.11.0+computecanada-cp310-cp310-linux_x86_64.whl (from -r requirements.txt (line 6))
Processing /cvmfs/soft.computecanada.ca/custom/python/wheelhouse/generic/joblib-1.4.2+computecanada-py3-none-any.whl (from -r requirements.txt (line 7))
Processing /cvmfs/soft.computecanada.ca/custom/python/wheelhouse/gentoo2023/x86-64-v3/kiwisolver-1.4.5+computecanada-cp310-cp310-linux_x86_64.whl (from -r requirements.txt (line 8))
Processing /cvmfs/soft.computecanada.ca/custom/python/wheelhouse/gentoo2023/x86-64-v3/matplotlib-3.9.0+computecanada-cp310-cp310-linux_x86_64.whl (from -r requirements.txt (line 9))
Processing /cvmfs/soft.computecanada.ca/custom/python/wheelhouse/gentoo2023/generic/numpy-1.26.4+computecanada-cp310-cp310-linux_x86_64.whl (from -r requirements.txt (line 10))
Processing /cvmfs/soft.computecanada.ca/custom/python/wheelhouse/generic/packaging-24.1+computecanada-py3-none-any.whl (from -r requirements.txt (line 11))
Processing /cvmfs/soft.computecanada.ca/custom/python/wheelhouse/gentoo2023/x86-64-v3/pandas-2.2.1+computecanada-cp310-cp310-linux_x86_64.whl (from -r requirements.txt (line 12))
Processing /cvmfs/soft.computecanada.ca/custom/python/wheelhouse/gentoo2023/x86-64-v3/pillow-10.3.0+computecanada-cp310-cp310-linux_x86_64.whl (from -r requirements.txt (line 13))
Processing /cvmfs/soft.computecanada.ca/custom/python/wheelhouse/generic/pyparsing-3.1.2+computecanada-py3-none-any.whl (from -r requirements.txt (line 14))
Processing /cvmfs/soft.computecanada.ca/custom/python/wheelhouse/generic/python_dateutil-2.9.0.post0+computecanada-py2.py3-none-any.whl (from -r requirements.txt (line 15))
Processing /cvmfs/soft.computecanada.ca/custom/python/wheelhouse/generic/pytz-2024.1+computecanada-py2.py3-none-any.whl (from -r requirements.txt (line 16))
Processing /cvmfs/soft.computecanada.ca/custom/python/wheelhouse/generic/schwimmbad-0.3.1+computecanada-py3-none-any.whl (from -r requirements.txt (line 17))
Processing /cvmfs/soft.computecanada.ca/custom/python/wheelhouse/gentoo2023/generic/scikit_learn-1.5.0+computecanada-cp310-cp310-linux_x86_64.whl (from -r requirements.txt (line 18))
Processing /cvmfs/soft.computecanada.ca/custom/python/wheelhouse/gentoo2023/generic/scipy-1.13.1+computecanada-cp310-cp310-linux_x86_64.whl (from -r requirements.txt (line 19))
Processing /cvmfs/soft.computecanada.ca/custom/python/wheelhouse/generic/six-1.16.0+computecanada-py2.py3-none-any.whl (from -r requirements.txt (line 20))
Processing /cvmfs/soft.computecanada.ca/custom/python/wheelhouse/generic/sklearn-0.0+computecanada-py2.py3-none-any.whl (from -r requirements.txt (line 21))
Processing /cvmfs/soft.computecanada.ca/custom/python/wheelhouse/generic/threadpoolctl-3.5.0+computecanada-py3-none-any.whl (from -r requirements.txt (line 22))
Processing /cvmfs/soft.computecanada.ca/custom/python/wheelhouse/generic/tzdata-2024.1+computecanada-py2.py3-none-any.whl (from -r requirements.txt (line 23))
Processing /cvmfs/soft.computecanada.ca/custom/python/wheelhouse/generic/asttokens-2.4.1+computecanada-py2.py3-none-any.whl (from -r requirements.txt (line 24))
Processing /cvmfs/soft.computecanada.ca/custom/python/wheelhouse/generic/decorator-5.1.1+computecanada-py3-none-any.whl (from -r requirements.txt (line 25))
Processing /cvmfs/soft.computecanada.ca/custom/python/wheelhouse/generic/exceptiongroup-1.2.1+computecanada-py3-none-any.whl (from -r requirements.txt (line 26))
Processing /cvmfs/soft.computecanada.ca/custom/python/wheelhouse/generic/executing-2.0.1+computecanada-py2.py3-none-any.whl (from -r requirements.txt (line 27))
Processing /cvmfs/soft.computecanada.ca/custom/python/wheelhouse/generic/ipython-8.25.0+computecanada-py3-none-any.whl (from -r requirements.txt (line 28))
Processing /cvmfs/soft.computecanada.ca/custom/python/wheelhouse/generic/jedi-0.19.1+computecanada-py2.py3-none-any.whl (from -r requirements.txt (line 29))
Processing /cvmfs/soft.computecanada.ca/custom/python/wheelhouse/generic/matplotlib_inline-0.1.7+computecanada-py3-none-any.whl (from -r requirements.txt (line 30))
Processing /cvmfs/soft.computecanada.ca/custom/python/wheelhouse/generic/parso-0.8.4+computecanada-py2.py3-none-any.whl (from -r requirements.txt (line 31))
Processing /cvmfs/soft.computecanada.ca/custom/python/wheelhouse/generic/pexpect-4.9.0+computecanada-py2.py3-none-any.whl (from -r requirements.txt (line 32))
Processing /cvmfs/soft.computecanada.ca/custom/python/wheelhouse/generic/prompt_toolkit-3.0.47+computecanada-py3-none-any.whl (from -r requirements.txt (line 33))
Processing /cvmfs/soft.computecanada.ca/custom/python/wheelhouse/generic/ptyprocess-0.7.0+computecanada-py2.py3-none-any.whl (from -r requirements.txt (line 34))
Processing /cvmfs/soft.computecanada.ca/custom/python/wheelhouse/generic/pure_eval-0.2.2+computecanada-py3-none-any.whl (from -r requirements.txt (line 35))
Processing /cvmfs/soft.computecanada.ca/custom/python/wheelhouse/generic/pygments-2.18.0+computecanada-py3-none-any.whl (from -r requirements.txt (line 36))
Processing /cvmfs/soft.computecanada.ca/custom/python/wheelhouse/generic/stack_data-0.6.3+computecanada-py3-none-any.whl (from -r requirements.txt (line 38))
Processing /cvmfs/soft.computecanada.ca/custom/python/wheelhouse/generic/traitlets-5.14.3+computecanada-py3-none-any.whl (from -r requirements.txt (line 39))
Processing /cvmfs/soft.computecanada.ca/custom/python/wheelhouse/generic/typing_extensions-4.12.2+computecanada-py3-none-any.whl (from -r requirements.txt (line 40))
Processing /cvmfs/soft.computecanada.ca/custom/python/wheelhouse/generic/wcwidth-0.2.13+computecanada-py2.py3-none-any.whl (from -r requirements.txt (line 41))
Installing collected packages: wcwidth, pytz, pure_eval, ptyprocess, tzdata, typing_extensions, traitlets, threadpoolctl, six, schwimmbad, pyparsing, pygments, prompt_toolkit, pillow, pexpect, parso, packaging, numpy, kiwisolver, joblib, fonttools, executing, exceptiongroup, decorator, cycler, scipy, python_dateutil, matplotlib_inline, jedi, h5py, emcee, contourpy, asttokens, stack_data, scikit_learn, pandas, matplotlib, sklearn, ipython, corner
Successfully installed asttokens-2.4.1+computecanada contourpy-1.2.1+computecanada corner-2.2.1+computecanada cycler-0.12.1+computecanada decorator-5.1.1+computecanada emcee-3.1.4+computecanada exceptiongroup-1.2.1+computecanada executing-2.0.1+computecanada fonttools-4.53.0+computecanada h5py-3.11.0+computecanada ipython-8.25.0+computecanada jedi-0.19.1+computecanada joblib-1.4.2+computecanada kiwisolver-1.4.5+computecanada matplotlib-3.9.0+computecanada matplotlib_inline-0.1.7+computecanada numpy-1.26.4+computecanada packaging-24.1+computecanada pandas-2.2.1+computecanada parso-0.8.4+computecanada pexpect-4.9.0+computecanada pillow-10.3.0+computecanada prompt_toolkit-3.0.47+computecanada ptyprocess-0.7.0+computecanada pure_eval-0.2.2+computecanada pygments-2.18.0+computecanada pyparsing-3.1.2+computecanada python_dateutil-2.9.0.post0+computecanada pytz-2024.1+computecanada schwimmbad-0.3.1+computecanada scikit_learn-1.5.0+computecanada scipy-1.13.1+computecanada six-1.16.0+computecanada sklearn-0.0+computecanada stack_data-0.6.3+computecanada threadpoolctl-3.5.0+computecanada traitlets-5.14.3+computecanada typing_extensions-4.12.2+computecanada tzdata-2024.1+computecanada wcwidth-0.2.13+computecanada
[       0.         257697.578125   515522.421875   773297.578125
  1031097.578125  1288897.578125  1546757.578125  1804635.15625
  2062442.421875  2320332.578125  2578217.421875  2836137.421875
  3094057.421875  3352012.578125  3609992.578125  3867990.15625
  4126000.        4384022.421875  4642080.        4900162.421875
  5158280.       10844932.578125 11362889.84375  11621942.578125
 11881092.421875 12140252.578125 12399497.578125 12658767.421875
 12918120.15625  13177492.421875 13436970.15625  13696522.421875
 13956120.15625  14215750.       14475515.15625  14735342.578125
 14995205.15625  15255135.       15515147.421875 15775267.578125
 16035412.578125]
You must install the tqdm library to use progress indicators with emcee
/localscratch/ragrawal.38506884.0/env/lib/python3.10/site-packages/emcee/moves/red_blue.py:99: RuntimeWarning: invalid value encountered in scalar subtract
  lnpdiff = f + nlp - state.log_prob[j]
WARNING:root:Too few points to create valid contours
Acceptance ratio
 [0.0401    0.0485875 0.0429125 0.0091625 0.043925  0.0453625 0.0441375
 0.0361875 0.032825  0.0401625 0.0445625 0.013775  0.041525  0.0423
 0.0444    0.0493125 0.037225  0.04115   0.0351875 0.0363875 0.036675
 0.0398125 0.042275  0.037475  0.044775  0.0400125 0.0357    0.040975
 0.039625  0.0262375 0.0435875 0.04085   0.0324    0.0344375 0.0390625
 0.0419375 0.04075   0.0382375 0.039325  0.038575  0.0434    0.045375
 0.033875  0.0429375 0.0455125 0.0410625 0.044525  0.035825  0.046125
 0.0169    0.0316375 0.0429    0.04145   0.04495   0.0331    0.0396625
 0.02805   0.042425  0.012425  0.0376625 0.0375875 0.0376875 0.0216125
 0.0383375 0.038475  0.0133625 0.0431625 0.0301625 0.0392875 0.040625
 0.044025  0.011275  0.0441625 0.0392125 0.04355   0.04545   0.0349875
 0.0443875 0.0403125 0.0127625 0.0437625 0.0143125 0.031975  0.0352875
 0.0109375 0.03885   0.041975  0.0404375 0.0412    0.0446125 0.0449
 0.0458    0.04565   0.0261    0.0450625 0.0353625 0.0446    0.043175
 0.040525  0.022575  0.03925   0.04405   0.0386    0.015425  0.0404625
 0.046325  0.039225  0.0467125 0.0421    0.0501625 0.0347625 0.0432
 0.040825  0.04645   0.0423625 0.041725  0.040225  0.0411875 0.0239625
 0.0266875 0.0469125 0.0427375 0.035975  0.0278    0.039225  0.016275
 0.0409625 0.044525  0.042475  0.0091    0.03035   0.0433375 0.0082
 0.0342125 0.0375625 0.0347875 0.0444    0.0433    0.0414125 0.022275
 0.043625  0.0384875 0.0477125 0.039375  0.037525  0.0434    0.0442375
 0.0467375 0.0421875 0.032175  0.038875  0.041725  0.021525  0.03925
 0.012225  0.0452625 0.041     0.0338    0.0362875 0.0412625 0.025
 0.0382125 0.0208625 0.0320625 0.0095375 0.04135   0.0221375 0.04205
 0.036525  0.04455   0.0401    0.0398125 0.0468    0.0452875 0.037625
 0.04625   0.0466625 0.0383125 0.04445   0.0427375 0.0379125 0.0423125
 0.043725  0.0406    0.0444875 0.0363625 0.0442375 0.0233875 0.0285375
 0.0414125 0.045475  0.0448875 0.0309125 0.0328125 0.0429    0.0121375
 0.045475  0.0458625 0.02115   0.0408125 0.0392625 0.041575  0.04455
 0.04115   0.0423875 0.0420375 0.03305   0.0446875 0.050725  0.041525
 0.047575  0.040025  0.04485   0.0375875 0.0372125 0.0312125 0.04565
 0.0410875 0.0360625 0.0450125 0.0415    0.0505625 0.0454    0.0194875
 0.038675  0.04595   0.04315   0.0359625 0.044625  0.045575  0.0364125
 0.0462125 0.0395    0.04235   0.0360875 0.0339125 0.018225  0.0415125
 0.037625  0.0416375 0.041825  0.035225  0.0381    0.0388375 0.0446
 0.046375  0.0238    0.0363    0.0406625 0.0239    0.0470625 0.043925
 0.03515   0.0340375 0.0431875 0.03555  ]
Error calculating autocorrelation time: The chain is shorter than 50 times the integrated autocorrelation time for 8 parameter(s). Use this estimate with caution and run a longer chain!
N/50 = 1600;
tau: [5413.35221287 9303.03057904 4759.36156238 8664.2537428  8326.58400558
 7643.28844005 6121.12958535 7728.38122166]
Error calculating autocorrelation time: The chain is shorter than 50 times the integrated autocorrelation time for 8 parameter(s). Use this estimate with caution and run a longer chain!
N/50 = 1600;
tau: [5413.35221287 9303.03057904 4759.36156238 8664.2537428  8326.58400558
 7643.28844005 6121.12958535 7728.38122166]
[0.0401    0.0485875 0.0429125 0.0091625 0.043925  0.0453625 0.0441375
 0.0361875 0.032825  0.0401625 0.0445625 0.013775  0.041525  0.0423
 0.0444    0.0493125 0.037225  0.04115   0.0351875 0.0363875 0.036675
 0.0398125 0.042275  0.037475  0.044775  0.0400125 0.0357    0.040975
 0.039625  0.0262375 0.0435875 0.04085   0.0324    0.0344375 0.0390625
 0.0419375 0.04075   0.0382375 0.039325  0.038575  0.0434    0.045375
 0.033875  0.0429375 0.0455125 0.0410625 0.044525  0.035825  0.046125
 0.0169    0.0316375 0.0429    0.04145   0.04495   0.0331    0.0396625
 0.02805   0.042425  0.012425  0.0376625 0.0375875 0.0376875 0.0216125
 0.0383375 0.038475  0.0133625 0.0431625 0.0301625 0.0392875 0.040625
 0.044025  0.011275  0.0441625 0.0392125 0.04355   0.04545   0.0349875
 0.0443875 0.0403125 0.0127625 0.0437625 0.0143125 0.031975  0.0352875
 0.0109375 0.03885   0.041975  0.0404375 0.0412    0.0446125 0.0449
 0.0458    0.04565   0.0261    0.0450625 0.0353625 0.0446    0.043175
 0.040525  0.022575  0.03925   0.04405   0.0386    0.015425  0.0404625
 0.046325  0.039225  0.0467125 0.0421    0.0501625 0.0347625 0.0432
 0.040825  0.04645   0.0423625 0.041725  0.040225  0.0411875 0.0239625
 0.0266875 0.0469125 0.0427375 0.035975  0.0278    0.039225  0.016275
 0.0409625 0.044525  0.042475  0.0091    0.03035   0.0433375 0.0082
 0.0342125 0.0375625 0.0347875 0.0444    0.0433    0.0414125 0.022275
 0.043625  0.0384875 0.0477125 0.039375  0.037525  0.0434    0.0442375
 0.0467375 0.0421875 0.032175  0.038875  0.041725  0.021525  0.03925
 0.012225  0.0452625 0.041     0.0338    0.0362875 0.0412625 0.025
 0.0382125 0.0208625 0.0320625 0.0095375 0.04135   0.0221375 0.04205
 0.036525  0.04455   0.0401    0.0398125 0.0468    0.0452875 0.037625
 0.04625   0.0466625 0.0383125 0.04445   0.0427375 0.0379125 0.0423125
 0.043725  0.0406    0.0444875 0.0363625 0.0442375 0.0233875 0.0285375
 0.0414125 0.045475  0.0448875 0.0309125 0.0328125 0.0429    0.0121375
 0.045475  0.0458625 0.02115   0.0408125 0.0392625 0.041575  0.04455
 0.04115   0.0423875 0.0420375 0.03305   0.0446875 0.050725  0.041525
 0.047575  0.040025  0.04485   0.0375875 0.0372125 0.0312125 0.04565
 0.0410875 0.0360625 0.0450125 0.0415    0.0505625 0.0454    0.0194875
 0.038675  0.04595   0.04315   0.0359625 0.044625  0.045575  0.0364125
 0.0462125 0.0395    0.04235   0.0360875 0.0339125 0.018225  0.0415125
 0.037625  0.0416375 0.041825  0.035225  0.0381    0.0388375 0.0446
 0.046375  0.0238    0.0363    0.0406625 0.0239    0.0470625 0.043925
 0.03515   0.0340375 0.0431875 0.03555  ]
burn-in: 4000

thin: 200

flat chain shape: (97280, 8)

flat log prob shape: (97280,)

Samples saved to Result with source localization/Result_mod_eecen_3.txt
