created virtual environment CPython3.10.13.final.0-64 in 2953ms
  creator CPython3Posix(dest=/localscratch/ragrawal.39381772.0/env, clear=False, no_vcs_ignore=False, global=False)
  seeder FromAppData(download=False, pip=bundle, setuptools=bundle, wheel=bundle, via=copy, app_data_dir=/home/ragrawal/.local/share/virtualenv)
    added seed packages: pip==24.1.2, setuptools==70.3.0, wheel==0.43.0
  activators BashActivator,CShellActivator,FishActivator,NushellActivator,PowerShellActivator,PythonActivator
Looking in links: /cvmfs/soft.computecanada.ca/custom/python/wheelhouse/gentoo2023/x86-64-v3, /cvmfs/soft.computecanada.ca/custom/python/wheelhouse/gentoo2023/generic, /cvmfs/soft.computecanada.ca/custom/python/wheelhouse/generic
Requirement already satisfied: pip in /localscratch/ragrawal.39381772.0/env/lib/python3.10/site-packages (24.1.2)
Looking in links: /cvmfs/soft.computecanada.ca/custom/python/wheelhouse/gentoo2023/x86-64-v3, /cvmfs/soft.computecanada.ca/custom/python/wheelhouse/gentoo2023/generic, /cvmfs/soft.computecanada.ca/custom/python/wheelhouse/generic
Processing /cvmfs/soft.computecanada.ca/custom/python/wheelhouse/gentoo2023/generic/contourpy-1.2.1+computecanada-cp310-cp310-linux_x86_64.whl (from -r requirements.txt (line 1))
Processing /cvmfs/soft.computecanada.ca/custom/python/wheelhouse/generic/corner-2.2.1+computecanada-py3-none-any.whl (from -r requirements.txt (line 2))
Processing /cvmfs/soft.computecanada.ca/custom/python/wheelhouse/generic/cycler-0.12.1+computecanada-py3-none-any.whl (from -r requirements.txt (line 3))
Processing /cvmfs/soft.computecanada.ca/custom/python/wheelhouse/generic/emcee-3.1.4+computecanada-py2.py3-none-any.whl (from -r requirements.txt (line 4))
Processing /cvmfs/soft.computecanada.ca/custom/python/wheelhouse/generic/fonttools-4.53.0+computecanada-cp310-cp310-linux_x86_64.whl (from -r requirements.txt (line 5))
Processing /cvmfs/soft.computecanada.ca/custom/python/wheelhouse/gentoo2023/x86-64-v3/h5py-3.11.0+computecanada-cp310-cp310-linux_x86_64.whl (from -r requirements.txt (line 6))
Processing /cvmfs/soft.computecanada.ca/custom/python/wheelhouse/generic/joblib-1.4.2+computecanada-py3-none-any.whl (from -r requirements.txt (line 7))
Processing /cvmfs/soft.computecanada.ca/custom/python/wheelhouse/gentoo2023/x86-64-v3/kiwisolver-1.4.5+computecanada-cp310-cp310-linux_x86_64.whl (from -r requirements.txt (line 8))
Processing /cvmfs/soft.computecanada.ca/custom/python/wheelhouse/gentoo2023/x86-64-v3/matplotlib-3.9.0+computecanada-cp310-cp310-linux_x86_64.whl (from -r requirements.txt (line 9))
Processing /cvmfs/soft.computecanada.ca/custom/python/wheelhouse/gentoo2023/generic/numpy-1.26.4+computecanada-cp310-cp310-linux_x86_64.whl (from -r requirements.txt (line 10))
Processing /cvmfs/soft.computecanada.ca/custom/python/wheelhouse/generic/packaging-24.1+computecanada-py3-none-any.whl (from -r requirements.txt (line 11))
Processing /cvmfs/soft.computecanada.ca/custom/python/wheelhouse/gentoo2023/x86-64-v3/pandas-2.2.1+computecanada-cp310-cp310-linux_x86_64.whl (from -r requirements.txt (line 12))
Processing /cvmfs/soft.computecanada.ca/custom/python/wheelhouse/gentoo2023/x86-64-v3/pillow-10.3.0+computecanada-cp310-cp310-linux_x86_64.whl (from -r requirements.txt (line 13))
Processing /cvmfs/soft.computecanada.ca/custom/python/wheelhouse/generic/pyparsing-3.1.2+computecanada-py3-none-any.whl (from -r requirements.txt (line 14))
Processing /cvmfs/soft.computecanada.ca/custom/python/wheelhouse/generic/python_dateutil-2.9.0.post0+computecanada-py2.py3-none-any.whl (from -r requirements.txt (line 15))
Processing /cvmfs/soft.computecanada.ca/custom/python/wheelhouse/generic/pytz-2024.1+computecanada-py2.py3-none-any.whl (from -r requirements.txt (line 16))
Processing /cvmfs/soft.computecanada.ca/custom/python/wheelhouse/generic/schwimmbad-0.3.1+computecanada-py3-none-any.whl (from -r requirements.txt (line 17))
Processing /cvmfs/soft.computecanada.ca/custom/python/wheelhouse/gentoo2023/generic/scikit_learn-1.5.0+computecanada-cp310-cp310-linux_x86_64.whl (from -r requirements.txt (line 18))
Processing /cvmfs/soft.computecanada.ca/custom/python/wheelhouse/gentoo2023/generic/scipy-1.13.1+computecanada-cp310-cp310-linux_x86_64.whl (from -r requirements.txt (line 19))
Processing /cvmfs/soft.computecanada.ca/custom/python/wheelhouse/generic/six-1.16.0+computecanada-py2.py3-none-any.whl (from -r requirements.txt (line 20))
Processing /cvmfs/soft.computecanada.ca/custom/python/wheelhouse/generic/sklearn-0.0+computecanada-py2.py3-none-any.whl (from -r requirements.txt (line 21))
Processing /cvmfs/soft.computecanada.ca/custom/python/wheelhouse/generic/threadpoolctl-3.5.0+computecanada-py3-none-any.whl (from -r requirements.txt (line 22))
Processing /cvmfs/soft.computecanada.ca/custom/python/wheelhouse/generic/tzdata-2024.1+computecanada-py2.py3-none-any.whl (from -r requirements.txt (line 23))
Processing /cvmfs/soft.computecanada.ca/custom/python/wheelhouse/generic/asttokens-2.4.1+computecanada-py2.py3-none-any.whl (from -r requirements.txt (line 24))
Processing /cvmfs/soft.computecanada.ca/custom/python/wheelhouse/generic/decorator-5.1.1+computecanada-py3-none-any.whl (from -r requirements.txt (line 25))
Processing /cvmfs/soft.computecanada.ca/custom/python/wheelhouse/generic/exceptiongroup-1.2.1+computecanada-py3-none-any.whl (from -r requirements.txt (line 26))
Processing /cvmfs/soft.computecanada.ca/custom/python/wheelhouse/generic/executing-2.0.1+computecanada-py2.py3-none-any.whl (from -r requirements.txt (line 27))
Processing /cvmfs/soft.computecanada.ca/custom/python/wheelhouse/generic/ipython-8.25.0+computecanada-py3-none-any.whl (from -r requirements.txt (line 28))
Processing /cvmfs/soft.computecanada.ca/custom/python/wheelhouse/generic/jedi-0.19.1+computecanada-py2.py3-none-any.whl (from -r requirements.txt (line 29))
Processing /cvmfs/soft.computecanada.ca/custom/python/wheelhouse/generic/matplotlib_inline-0.1.7+computecanada-py3-none-any.whl (from -r requirements.txt (line 30))
Processing /cvmfs/soft.computecanada.ca/custom/python/wheelhouse/generic/parso-0.8.4+computecanada-py2.py3-none-any.whl (from -r requirements.txt (line 31))
Processing /cvmfs/soft.computecanada.ca/custom/python/wheelhouse/generic/pexpect-4.9.0+computecanada-py2.py3-none-any.whl (from -r requirements.txt (line 32))
Processing /cvmfs/soft.computecanada.ca/custom/python/wheelhouse/generic/prompt_toolkit-3.0.47+computecanada-py3-none-any.whl (from -r requirements.txt (line 33))
Processing /cvmfs/soft.computecanada.ca/custom/python/wheelhouse/generic/ptyprocess-0.7.0+computecanada-py2.py3-none-any.whl (from -r requirements.txt (line 34))
Processing /cvmfs/soft.computecanada.ca/custom/python/wheelhouse/generic/pure_eval-0.2.2+computecanada-py3-none-any.whl (from -r requirements.txt (line 35))
Processing /cvmfs/soft.computecanada.ca/custom/python/wheelhouse/generic/pygments-2.18.0+computecanada-py3-none-any.whl (from -r requirements.txt (line 36))
Processing /cvmfs/soft.computecanada.ca/custom/python/wheelhouse/generic/stack_data-0.6.3+computecanada-py3-none-any.whl (from -r requirements.txt (line 38))
Processing /cvmfs/soft.computecanada.ca/custom/python/wheelhouse/generic/traitlets-5.14.3+computecanada-py3-none-any.whl (from -r requirements.txt (line 39))
Processing /cvmfs/soft.computecanada.ca/custom/python/wheelhouse/generic/typing_extensions-4.12.2+computecanada-py3-none-any.whl (from -r requirements.txt (line 40))
Processing /cvmfs/soft.computecanada.ca/custom/python/wheelhouse/generic/wcwidth-0.2.13+computecanada-py2.py3-none-any.whl (from -r requirements.txt (line 41))
Installing collected packages: wcwidth, pytz, pure_eval, ptyprocess, tzdata, typing_extensions, traitlets, threadpoolctl, six, schwimmbad, pyparsing, pygments, prompt_toolkit, pillow, pexpect, parso, packaging, numpy, kiwisolver, joblib, fonttools, executing, exceptiongroup, decorator, cycler, scipy, python_dateutil, matplotlib_inline, jedi, h5py, emcee, contourpy, asttokens, stack_data, scikit_learn, pandas, matplotlib, sklearn, ipython, corner
Successfully installed asttokens-2.4.1+computecanada contourpy-1.2.1+computecanada corner-2.2.1+computecanada cycler-0.12.1+computecanada decorator-5.1.1+computecanada emcee-3.1.4+computecanada exceptiongroup-1.2.1+computecanada executing-2.0.1+computecanada fonttools-4.53.0+computecanada h5py-3.11.0+computecanada ipython-8.25.0+computecanada jedi-0.19.1+computecanada joblib-1.4.2+computecanada kiwisolver-1.4.5+computecanada matplotlib-3.9.0+computecanada matplotlib_inline-0.1.7+computecanada numpy-1.26.4+computecanada packaging-24.1+computecanada pandas-2.2.1+computecanada parso-0.8.4+computecanada pexpect-4.9.0+computecanada pillow-10.3.0+computecanada prompt_toolkit-3.0.47+computecanada ptyprocess-0.7.0+computecanada pure_eval-0.2.2+computecanada pygments-2.18.0+computecanada pyparsing-3.1.2+computecanada python_dateutil-2.9.0.post0+computecanada pytz-2024.1+computecanada schwimmbad-0.3.1+computecanada scikit_learn-1.5.0+computecanada scipy-1.13.1+computecanada six-1.16.0+computecanada sklearn-0.0+computecanada stack_data-0.6.3+computecanada threadpoolctl-3.5.0+computecanada traitlets-5.14.3+computecanada typing_extensions-4.12.2+computecanada tzdata-2024.1+computecanada wcwidth-0.2.13+computecanada
It is for cycle
 0.5
[       0.           211469.58557985   422886.98144805   634247.77988143
   845547.67846001  1056782.48276711  1267948.10978113  1479040.5920495
  1690056.08273594  1900990.86163339  2111841.34223601  2322604.07996451
  2533275.78163939  2743853.31629595  2954333.72743301  3164714.24678334
  3374992.30968757  3585165.572144    3795231.92959354  4005189.53748105
  4215036.83361107  4424772.5622859   4634395.80017642  4843905.98383004
  5053302.93866483  5262586.90923291  5471758.59046015  5680819.159482
  5889770.3075981   6098614.2717618   6307353.86490805  6515992.50430631
  6724534.23701007  6932983.76136669  7141346.44345842  7349628.3272763
  7557836.13739347  7765977.27291382  7974059.79153567  8182092.38269842
  8390084.32897864  8598045.45517485  8805986.06486489  9013916.86462882
  9221848.87658881  9429793.34040479  9637761.60635354  9845765.02157798
 10053814.81199021 10261921.96261491]
You must install the tqdm library to use progress indicators with emcee
Acceptance ratio
 [0.06876 0.06658 0.06948 0.06444 0.06362 0.06084 0.0636  0.0657  0.06682
 0.06386 0.05928 0.05288 0.0487  0.06424 0.0615  0.05346 0.05558 0.04988
 0.0585  0.05832 0.05178 0.06474 0.05448 0.04706 0.04876 0.0567  0.06164
 0.05866 0.0502  0.06404 0.05188 0.05278 0.05968 0.05792 0.05166 0.05482
 0.05348 0.0736  0.06028 0.05198 0.05718 0.05266 0.06264 0.055   0.0677
 0.05592 0.06036 0.05754 0.06312 0.04642 0.05814 0.05264 0.06198 0.0687
 0.06436 0.0568  0.05852 0.06528 0.06166 0.05552 0.03646 0.05294 0.04094
 0.05786 0.05516 0.06494 0.0659  0.05382 0.0394  0.04704 0.05924 0.06612
 0.04898 0.06614 0.05692 0.03298 0.04476 0.06628 0.05802 0.06142 0.06474
 0.06914 0.06072 0.06814 0.04664 0.0624  0.06392 0.06368 0.05604 0.06056
 0.07096 0.05664 0.05696 0.05708 0.05506 0.05976 0.0629  0.06248 0.0538
 0.06566 0.06222 0.05478 0.06858 0.05578 0.05468 0.06478 0.05746 0.05596
 0.0543  0.05698 0.05482 0.05948 0.06186 0.05838 0.05686 0.06576 0.0577
 0.05558 0.06362 0.0689  0.0365  0.05894 0.06012 0.05068 0.05358 0.05636
 0.05818 0.05092 0.04986 0.06168 0.05812 0.0618  0.03436 0.05634 0.07114
 0.06352 0.06888 0.04268 0.06282 0.05234 0.06688 0.06174 0.0585  0.05812
 0.06278 0.05406 0.05896 0.06344 0.06374 0.05786 0.0602  0.06456 0.0564
 0.06116 0.06732 0.06282 0.06016 0.06674 0.0645  0.0612  0.05428 0.05342
 0.06844 0.06162 0.06034 0.06846 0.04572 0.06676 0.0667  0.06398 0.05286
 0.06622 0.059   0.06158 0.05428 0.06408 0.05918 0.05308 0.063   0.04806
 0.05914 0.06186 0.06066 0.06234 0.05008 0.05898 0.06622 0.05304 0.0688
 0.0506  0.0574  0.06506 0.05702 0.05082 0.06362 0.06102 0.06268 0.05232
 0.05504 0.0416  0.06822 0.06078 0.05808 0.0594  0.05992 0.06052 0.05178
 0.06394 0.06448 0.04778 0.06794 0.05934 0.06252 0.05596 0.06312 0.05018
 0.06388 0.05118 0.06034 0.05666 0.0586  0.05536 0.05938 0.05906 0.06038
 0.05162 0.06268 0.05684 0.06466 0.05922 0.02534 0.05456 0.0264  0.05692
 0.06314 0.06038 0.0617  0.0496  0.05484 0.0618  0.06284 0.05016 0.06544
 0.03792 0.06296 0.06326 0.0469  0.0583  0.05024 0.04014 0.0593  0.0557
 0.0488  0.0605  0.03474 0.06428]
Error calculating autocorrelation time: The chain is shorter than 50 times the integrated autocorrelation time for 8 parameter(s). Use this estimate with caution and run a longer chain!
N/50 = 1000;
tau: [4378.3610745  4392.98233597 4098.21074674 3882.60996166 3958.29888278
 4182.8821755  3577.84536886 4426.29573499]
Error calculating autocorrelation time: The chain is shorter than 50 times the integrated autocorrelation time for 8 parameter(s). Use this estimate with caution and run a longer chain!
N/50 = 1000;
tau: [4378.3610745  4392.98233597 4098.21074674 3882.60996166 3958.29888278
 4182.8821755  3577.84536886 4426.29573499]
[0.06876 0.06658 0.06948 0.06444 0.06362 0.06084 0.0636  0.0657  0.06682
 0.06386 0.05928 0.05288 0.0487  0.06424 0.0615  0.05346 0.05558 0.04988
 0.0585  0.05832 0.05178 0.06474 0.05448 0.04706 0.04876 0.0567  0.06164
 0.05866 0.0502  0.06404 0.05188 0.05278 0.05968 0.05792 0.05166 0.05482
 0.05348 0.0736  0.06028 0.05198 0.05718 0.05266 0.06264 0.055   0.0677
 0.05592 0.06036 0.05754 0.06312 0.04642 0.05814 0.05264 0.06198 0.0687
 0.06436 0.0568  0.05852 0.06528 0.06166 0.05552 0.03646 0.05294 0.04094
 0.05786 0.05516 0.06494 0.0659  0.05382 0.0394  0.04704 0.05924 0.06612
 0.04898 0.06614 0.05692 0.03298 0.04476 0.06628 0.05802 0.06142 0.06474
 0.06914 0.06072 0.06814 0.04664 0.0624  0.06392 0.06368 0.05604 0.06056
 0.07096 0.05664 0.05696 0.05708 0.05506 0.05976 0.0629  0.06248 0.0538
 0.06566 0.06222 0.05478 0.06858 0.05578 0.05468 0.06478 0.05746 0.05596
 0.0543  0.05698 0.05482 0.05948 0.06186 0.05838 0.05686 0.06576 0.0577
 0.05558 0.06362 0.0689  0.0365  0.05894 0.06012 0.05068 0.05358 0.05636
 0.05818 0.05092 0.04986 0.06168 0.05812 0.0618  0.03436 0.05634 0.07114
 0.06352 0.06888 0.04268 0.06282 0.05234 0.06688 0.06174 0.0585  0.05812
 0.06278 0.05406 0.05896 0.06344 0.06374 0.05786 0.0602  0.06456 0.0564
 0.06116 0.06732 0.06282 0.06016 0.06674 0.0645  0.0612  0.05428 0.05342
 0.06844 0.06162 0.06034 0.06846 0.04572 0.06676 0.0667  0.06398 0.05286
 0.06622 0.059   0.06158 0.05428 0.06408 0.05918 0.05308 0.063   0.04806
 0.05914 0.06186 0.06066 0.06234 0.05008 0.05898 0.06622 0.05304 0.0688
 0.0506  0.0574  0.06506 0.05702 0.05082 0.06362 0.06102 0.06268 0.05232
 0.05504 0.0416  0.06822 0.06078 0.05808 0.0594  0.05992 0.06052 0.05178
 0.06394 0.06448 0.04778 0.06794 0.05934 0.06252 0.05596 0.06312 0.05018
 0.06388 0.05118 0.06034 0.05666 0.0586  0.05536 0.05938 0.05906 0.06038
 0.05162 0.06268 0.05684 0.06466 0.05922 0.02534 0.05456 0.0264  0.05692
 0.06314 0.06038 0.0617  0.0496  0.05484 0.0618  0.06284 0.05016 0.06544
 0.03792 0.06296 0.06326 0.0469  0.0583  0.05024 0.04014 0.0593  0.0557
 0.0488  0.0605  0.03474 0.06428]
burn-in: 4000

thin: 200

flat chain shape: (58880, 8)

flat log prob shape: (58880,)

Samples saved to Results_for_time_req/half_cycle.txt
