created virtual environment CPython3.10.13.final.0-64 in 17533ms
  creator CPython3Posix(dest=/localscratch/ragrawal.39801753.0/env, clear=False, no_vcs_ignore=False, global=False)
  seeder FromAppData(download=False, pip=bundle, setuptools=bundle, wheel=bundle, via=copy, app_data_dir=/home/ragrawal/.local/share/virtualenv)
    added seed packages: pip==24.1.2, setuptools==70.3.0, wheel==0.43.0
  activators BashActivator,CShellActivator,FishActivator,NushellActivator,PowerShellActivator,PythonActivator
Looking in links: /cvmfs/soft.computecanada.ca/custom/python/wheelhouse/gentoo2023/x86-64-v3, /cvmfs/soft.computecanada.ca/custom/python/wheelhouse/gentoo2023/generic, /cvmfs/soft.computecanada.ca/custom/python/wheelhouse/generic
Requirement already satisfied: pip in /localscratch/ragrawal.39801753.0/env/lib/python3.10/site-packages (24.1.2)
Looking in links: /cvmfs/soft.computecanada.ca/custom/python/wheelhouse/gentoo2023/x86-64-v3, /cvmfs/soft.computecanada.ca/custom/python/wheelhouse/gentoo2023/generic, /cvmfs/soft.computecanada.ca/custom/python/wheelhouse/generic
Processing /cvmfs/soft.computecanada.ca/custom/python/wheelhouse/gentoo2023/generic/contourpy-1.2.1+computecanada-cp310-cp310-linux_x86_64.whl (from -r requirements.txt (line 1))
Processing /cvmfs/soft.computecanada.ca/custom/python/wheelhouse/generic/corner-2.2.1+computecanada-py3-none-any.whl (from -r requirements.txt (line 2))
Processing /cvmfs/soft.computecanada.ca/custom/python/wheelhouse/generic/cycler-0.12.1+computecanada-py3-none-any.whl (from -r requirements.txt (line 3))
Processing /cvmfs/soft.computecanada.ca/custom/python/wheelhouse/generic/emcee-3.1.4+computecanada-py2.py3-none-any.whl (from -r requirements.txt (line 4))
Processing /cvmfs/soft.computecanada.ca/custom/python/wheelhouse/generic/fonttools-4.53.0+computecanada-cp310-cp310-linux_x86_64.whl (from -r requirements.txt (line 5))
Processing /cvmfs/soft.computecanada.ca/custom/python/wheelhouse/gentoo2023/x86-64-v3/h5py-3.11.0+computecanada-cp310-cp310-linux_x86_64.whl (from -r requirements.txt (line 6))
Processing /cvmfs/soft.computecanada.ca/custom/python/wheelhouse/generic/joblib-1.4.2+computecanada-py3-none-any.whl (from -r requirements.txt (line 7))
Processing /cvmfs/soft.computecanada.ca/custom/python/wheelhouse/gentoo2023/x86-64-v3/kiwisolver-1.4.5+computecanada-cp310-cp310-linux_x86_64.whl (from -r requirements.txt (line 8))
Processing /cvmfs/soft.computecanada.ca/custom/python/wheelhouse/gentoo2023/x86-64-v3/matplotlib-3.9.0+computecanada-cp310-cp310-linux_x86_64.whl (from -r requirements.txt (line 9))
Processing /cvmfs/soft.computecanada.ca/custom/python/wheelhouse/gentoo2023/generic/numpy-1.26.4+computecanada-cp310-cp310-linux_x86_64.whl (from -r requirements.txt (line 10))
Processing /cvmfs/soft.computecanada.ca/custom/python/wheelhouse/generic/packaging-24.1+computecanada-py3-none-any.whl (from -r requirements.txt (line 11))
Processing /cvmfs/soft.computecanada.ca/custom/python/wheelhouse/gentoo2023/x86-64-v3/pandas-2.2.1+computecanada-cp310-cp310-linux_x86_64.whl (from -r requirements.txt (line 12))
Processing /cvmfs/soft.computecanada.ca/custom/python/wheelhouse/gentoo2023/x86-64-v3/pillow-10.3.0+computecanada-cp310-cp310-linux_x86_64.whl (from -r requirements.txt (line 13))
Processing /cvmfs/soft.computecanada.ca/custom/python/wheelhouse/generic/pyparsing-3.1.2+computecanada-py3-none-any.whl (from -r requirements.txt (line 14))
Processing /cvmfs/soft.computecanada.ca/custom/python/wheelhouse/generic/python_dateutil-2.9.0.post0+computecanada-py2.py3-none-any.whl (from -r requirements.txt (line 15))
Processing /cvmfs/soft.computecanada.ca/custom/python/wheelhouse/generic/pytz-2024.1+computecanada-py2.py3-none-any.whl (from -r requirements.txt (line 16))
Processing /cvmfs/soft.computecanada.ca/custom/python/wheelhouse/generic/schwimmbad-0.3.1+computecanada-py3-none-any.whl (from -r requirements.txt (line 17))
Processing /cvmfs/soft.computecanada.ca/custom/python/wheelhouse/gentoo2023/generic/scikit_learn-1.5.0+computecanada-cp310-cp310-linux_x86_64.whl (from -r requirements.txt (line 18))
Processing /cvmfs/soft.computecanada.ca/custom/python/wheelhouse/gentoo2023/generic/scipy-1.13.1+computecanada-cp310-cp310-linux_x86_64.whl (from -r requirements.txt (line 19))
Processing /cvmfs/soft.computecanada.ca/custom/python/wheelhouse/generic/six-1.16.0+computecanada-py2.py3-none-any.whl (from -r requirements.txt (line 20))
Processing /cvmfs/soft.computecanada.ca/custom/python/wheelhouse/generic/sklearn-0.0+computecanada-py2.py3-none-any.whl (from -r requirements.txt (line 21))
Processing /cvmfs/soft.computecanada.ca/custom/python/wheelhouse/generic/threadpoolctl-3.5.0+computecanada-py3-none-any.whl (from -r requirements.txt (line 22))
Processing /cvmfs/soft.computecanada.ca/custom/python/wheelhouse/generic/tzdata-2024.1+computecanada-py2.py3-none-any.whl (from -r requirements.txt (line 23))
Processing /cvmfs/soft.computecanada.ca/custom/python/wheelhouse/generic/asttokens-2.4.1+computecanada-py2.py3-none-any.whl (from -r requirements.txt (line 24))
Processing /cvmfs/soft.computecanada.ca/custom/python/wheelhouse/generic/decorator-5.1.1+computecanada-py3-none-any.whl (from -r requirements.txt (line 25))
Processing /cvmfs/soft.computecanada.ca/custom/python/wheelhouse/generic/exceptiongroup-1.2.1+computecanada-py3-none-any.whl (from -r requirements.txt (line 26))
Processing /cvmfs/soft.computecanada.ca/custom/python/wheelhouse/generic/executing-2.0.1+computecanada-py2.py3-none-any.whl (from -r requirements.txt (line 27))
Processing /cvmfs/soft.computecanada.ca/custom/python/wheelhouse/generic/ipython-8.25.0+computecanada-py3-none-any.whl (from -r requirements.txt (line 28))
Processing /cvmfs/soft.computecanada.ca/custom/python/wheelhouse/generic/jedi-0.19.1+computecanada-py2.py3-none-any.whl (from -r requirements.txt (line 29))
Processing /cvmfs/soft.computecanada.ca/custom/python/wheelhouse/generic/matplotlib_inline-0.1.7+computecanada-py3-none-any.whl (from -r requirements.txt (line 30))
Processing /cvmfs/soft.computecanada.ca/custom/python/wheelhouse/generic/parso-0.8.4+computecanada-py2.py3-none-any.whl (from -r requirements.txt (line 31))
Processing /cvmfs/soft.computecanada.ca/custom/python/wheelhouse/generic/pexpect-4.9.0+computecanada-py2.py3-none-any.whl (from -r requirements.txt (line 32))
Processing /cvmfs/soft.computecanada.ca/custom/python/wheelhouse/generic/prompt_toolkit-3.0.47+computecanada-py3-none-any.whl (from -r requirements.txt (line 33))
Processing /cvmfs/soft.computecanada.ca/custom/python/wheelhouse/generic/ptyprocess-0.7.0+computecanada-py2.py3-none-any.whl (from -r requirements.txt (line 34))
Processing /cvmfs/soft.computecanada.ca/custom/python/wheelhouse/generic/pure_eval-0.2.2+computecanada-py3-none-any.whl (from -r requirements.txt (line 35))
Processing /cvmfs/soft.computecanada.ca/custom/python/wheelhouse/generic/pygments-2.18.0+computecanada-py3-none-any.whl (from -r requirements.txt (line 36))
Processing /cvmfs/soft.computecanada.ca/custom/python/wheelhouse/generic/stack_data-0.6.3+computecanada-py3-none-any.whl (from -r requirements.txt (line 38))
Processing /cvmfs/soft.computecanada.ca/custom/python/wheelhouse/generic/traitlets-5.14.3+computecanada-py3-none-any.whl (from -r requirements.txt (line 39))
Processing /cvmfs/soft.computecanada.ca/custom/python/wheelhouse/generic/typing_extensions-4.12.2+computecanada-py3-none-any.whl (from -r requirements.txt (line 40))
Processing /cvmfs/soft.computecanada.ca/custom/python/wheelhouse/generic/wcwidth-0.2.13+computecanada-py2.py3-none-any.whl (from -r requirements.txt (line 41))
Installing collected packages: wcwidth, pytz, pure_eval, ptyprocess, tzdata, typing_extensions, traitlets, threadpoolctl, six, schwimmbad, pyparsing, pygments, prompt_toolkit, pillow, pexpect, parso, packaging, numpy, kiwisolver, joblib, fonttools, executing, exceptiongroup, decorator, cycler, scipy, python_dateutil, matplotlib_inline, jedi, h5py, emcee, contourpy, asttokens, stack_data, scikit_learn, pandas, matplotlib, sklearn, ipython, corner
Successfully installed asttokens-2.4.1+computecanada contourpy-1.2.1+computecanada corner-2.2.1+computecanada cycler-0.12.1+computecanada decorator-5.1.1+computecanada emcee-3.1.4+computecanada exceptiongroup-1.2.1+computecanada executing-2.0.1+computecanada fonttools-4.53.0+computecanada h5py-3.11.0+computecanada ipython-8.25.0+computecanada jedi-0.19.1+computecanada joblib-1.4.2+computecanada kiwisolver-1.4.5+computecanada matplotlib-3.9.0+computecanada matplotlib_inline-0.1.7+computecanada numpy-1.26.4+computecanada packaging-24.1+computecanada pandas-2.2.1+computecanada parso-0.8.4+computecanada pexpect-4.9.0+computecanada pillow-10.3.0+computecanada prompt_toolkit-3.0.47+computecanada ptyprocess-0.7.0+computecanada pure_eval-0.2.2+computecanada pygments-2.18.0+computecanada pyparsing-3.1.2+computecanada python_dateutil-2.9.0.post0+computecanada pytz-2024.1+computecanada schwimmbad-0.3.1+computecanada scikit_learn-1.5.0+computecanada scipy-1.13.1+computecanada six-1.16.0+computecanada sklearn-0.0+computecanada stack_data-0.6.3+computecanada threadpoolctl-3.5.0+computecanada traitlets-5.14.3+computecanada typing_extensions-4.12.2+computecanada tzdata-2024.1+computecanada wcwidth-0.2.13+computecanada
It is for cycle
 1.5
103
[       0.           318808.06905055   637853.97775659   957335.82412978
  1277390.35804337  1598090.40423599  1919456.30529772  2241472.19232023
  2564100.80294074  2887294.44074465  3211002.07663142  3535173.49266717
  3859761.44526293  4184722.61138731  4510017.83609228  4835612.00613407
  5161473.74263082  5487575.02244388  5813890.78777138  6140398.57415297
  6467078.17047885  6793911.31547827  7120881.43037651  7447973.3850803
  7775173.29428535  8102468.33966255  8429846.61441396  8757296.98679086
  9084808.97952686  9412372.66249769  9739978.55624918 10067617.54432255
 10395280.79254665 10722959.67366251 11050645.69579606 11378330.4334052
 11706005.45939834 12033662.27715516 12361292.25117845 12688886.53506666
 13016435.99542109 13343931.13018643 13671361.97976637 13998718.02905509
 14325988.09827846 14653160.22024474 14980221.50127083 15307157.96268811
 15633954.35947582 15960593.97228291 16287058.36900047 16613327.13235683
 16939377.55111229 17265184.27501331 17590718.93890415 17915949.77129918
 18240841.22067447 18565353.66428124 18889443.31813249 19213062.55565852
 19536160.98210189 19858687.81369787 20180596.35925997 20501851.59621851
 20822441.68370423 21142393.19000613 21461787.17120305 21780769.280641
 22099544.6611228  22418352.43626394 22737426.13927871 23056956.56924107
 23377071.71187067 23697836.56562184 24019265.74183726 24341339.8121695
 24664019.675488   24987256.96509705 25311000.69203383 25635201.06835955
 25959811.46727984 26284789.24956049 26610095.94479398 26935697.09115862
 27261561.91294219 27587662.93714982 27913975.60374635 28240477.89690204
 28567150.00926051 28893974.04286182 29220933.74598569 29548014.2830853
 29875202.03414304 30202484.41960917 30529849.74725011 30857287.07754774
 31184786.10465327 31512337.05025588 31839930.56805034 32167557.65676941
 32495209.57998106 32822877.79103977 33150553.86172626]
You must install the tqdm library to use progress indicators with emcee
Acceptance ratio
 [0.321475 0.341425 0.332575 0.313675 0.330875 0.3419   0.3221   0.28865
 0.320625 0.333    0.330175 0.325875 0.323925 0.3233   0.336275 0.336875
 0.323225 0.3345   0.33655  0.32635  0.3251   0.331075 0.3348   0.333975
 0.324175 0.332    0.2965   0.33885  0.3394   0.333    0.338125 0.331475
 0.32415  0.331475 0.29915  0.3339   0.333175 0.338025 0.3184   0.335175
 0.3217   0.3206   0.32115  0.34475  0.33235  0.335025 0.339075 0.3135
 0.329825 0.3266   0.329175 0.32715  0.3147   0.324325 0.325725 0.31835
 0.326475 0.3218   0.3285   0.331475 0.33505  0.3198   0.315175 0.33605
 0.333225 0.325675 0.3239   0.31205  0.33735  0.3197   0.31705  0.3371
 0.326075 0.3232   0.319925 0.3235   0.327475 0.3414   0.335825 0.3342
 0.334025 0.32215  0.336675 0.3045   0.3335   0.324925 0.328675 0.318875
 0.325375 0.338175 0.341125 0.332125 0.3338   0.329675 0.319925 0.3281
 0.32955  0.3323   0.335725 0.331575 0.32255  0.31345  0.3252   0.324
 0.29695  0.3189   0.32655  0.32065  0.318775 0.329625 0.330325 0.321275
 0.33435  0.3237   0.3323   0.339725 0.317525 0.3397   0.302425 0.3072
 0.32085  0.32705  0.318075 0.32895  0.326475 0.3207   0.329525 0.339075
 0.3151   0.335725 0.293375 0.32525  0.33635  0.305475 0.3307   0.3029
 0.3326   0.326925 0.330025 0.336075 0.326125 0.303775 0.336675 0.332275
 0.310625 0.32     0.29275  0.3236   0.3234   0.321775 0.3182   0.337625
 0.33595  0.31395  0.332525 0.329025 0.32425  0.317775 0.3245   0.3379
 0.33195  0.3311   0.313075 0.31015  0.330975 0.341725 0.32375  0.321075
 0.317075 0.32825  0.325825 0.3286   0.337    0.31875  0.33275  0.334325
 0.3256   0.33245  0.327    0.32605  0.332525 0.319625 0.325025 0.3269
 0.306575 0.336225 0.3335   0.337425 0.3235   0.339125 0.3283   0.33625
 0.331975 0.334175 0.33525  0.330625 0.3338   0.341175 0.323925 0.31495
 0.336475 0.323425 0.3314   0.3338   0.322875 0.321225 0.3289   0.3248
 0.3359   0.33505  0.327225 0.331775 0.335175 0.3259   0.274725 0.333775
 0.325825 0.337725 0.322825 0.32845  0.326225 0.312075 0.333025 0.334475
 0.33065  0.345225 0.340325 0.3223   0.3367   0.3269   0.3306   0.326625
 0.336075 0.337675 0.32005  0.30945  0.315975 0.333425 0.3294   0.3303
 0.326675 0.32125  0.33205  0.321325 0.321725 0.3326   0.328625 0.333225
 0.31895  0.3226   0.33125  0.31965  0.3358   0.3395   0.32455  0.32975
 0.336175 0.3286   0.31975  0.317275 0.308875 0.3384   0.3071   0.315575
 0.3177   0.329975 0.329325 0.30345  0.324625 0.34625  0.268675 0.3343
 0.32585  0.32775  0.324975 0.33415  0.334    0.309625 0.33645  0.33385
 0.31765  0.293725 0.32665  0.2634   0.332325 0.32345  0.3283   0.335675
 0.329225 0.323725 0.326225 0.3302   0.333775 0.332475 0.332925 0.314575
 0.33065  0.3365   0.332525 0.31585  0.338025 0.32815  0.31545  0.326625
 0.339625 0.334375 0.3307   0.31655  0.31155  0.338575 0.3206   0.329725
 0.3177   0.2861   0.330125 0.33645  0.33075  0.32845  0.3368   0.3094
 0.33195  0.3346   0.323025 0.33325  0.3354   0.315025 0.333075 0.3147
 0.31265  0.33275  0.3301   0.331425 0.330025 0.332325 0.319925 0.334225
 0.334775 0.33085  0.316725 0.32355  0.33595  0.32785  0.319425 0.33215
 0.323775 0.329975 0.3376   0.328075 0.3051   0.327075 0.328325 0.3276
 0.302925 0.324875 0.3293   0.323575 0.3194   0.321125 0.31645  0.312
 0.332975 0.32625  0.329825 0.3328   0.31945  0.315075 0.33735  0.32435
 0.330625 0.323925 0.334125 0.328125 0.318875 0.332175 0.3331   0.31935
 0.31905  0.332675 0.3238   0.334425 0.333625 0.339775 0.322575 0.328375]
[0.321475 0.341425 0.332575 0.313675 0.330875 0.3419   0.3221   0.28865
 0.320625 0.333    0.330175 0.325875 0.323925 0.3233   0.336275 0.336875
 0.323225 0.3345   0.33655  0.32635  0.3251   0.331075 0.3348   0.333975
 0.324175 0.332    0.2965   0.33885  0.3394   0.333    0.338125 0.331475
 0.32415  0.331475 0.29915  0.3339   0.333175 0.338025 0.3184   0.335175
 0.3217   0.3206   0.32115  0.34475  0.33235  0.335025 0.339075 0.3135
 0.329825 0.3266   0.329175 0.32715  0.3147   0.324325 0.325725 0.31835
 0.326475 0.3218   0.3285   0.331475 0.33505  0.3198   0.315175 0.33605
 0.333225 0.325675 0.3239   0.31205  0.33735  0.3197   0.31705  0.3371
 0.326075 0.3232   0.319925 0.3235   0.327475 0.3414   0.335825 0.3342
 0.334025 0.32215  0.336675 0.3045   0.3335   0.324925 0.328675 0.318875
 0.325375 0.338175 0.341125 0.332125 0.3338   0.329675 0.319925 0.3281
 0.32955  0.3323   0.335725 0.331575 0.32255  0.31345  0.3252   0.324
 0.29695  0.3189   0.32655  0.32065  0.318775 0.329625 0.330325 0.321275
 0.33435  0.3237   0.3323   0.339725 0.317525 0.3397   0.302425 0.3072
 0.32085  0.32705  0.318075 0.32895  0.326475 0.3207   0.329525 0.339075
 0.3151   0.335725 0.293375 0.32525  0.33635  0.305475 0.3307   0.3029
 0.3326   0.326925 0.330025 0.336075 0.326125 0.303775 0.336675 0.332275
 0.310625 0.32     0.29275  0.3236   0.3234   0.321775 0.3182   0.337625
 0.33595  0.31395  0.332525 0.329025 0.32425  0.317775 0.3245   0.3379
 0.33195  0.3311   0.313075 0.31015  0.330975 0.341725 0.32375  0.321075
 0.317075 0.32825  0.325825 0.3286   0.337    0.31875  0.33275  0.334325
 0.3256   0.33245  0.327    0.32605  0.332525 0.319625 0.325025 0.3269
 0.306575 0.336225 0.3335   0.337425 0.3235   0.339125 0.3283   0.33625
 0.331975 0.334175 0.33525  0.330625 0.3338   0.341175 0.323925 0.31495
 0.336475 0.323425 0.3314   0.3338   0.322875 0.321225 0.3289   0.3248
 0.3359   0.33505  0.327225 0.331775 0.335175 0.3259   0.274725 0.333775
 0.325825 0.337725 0.322825 0.32845  0.326225 0.312075 0.333025 0.334475
 0.33065  0.345225 0.340325 0.3223   0.3367   0.3269   0.3306   0.326625
 0.336075 0.337675 0.32005  0.30945  0.315975 0.333425 0.3294   0.3303
 0.326675 0.32125  0.33205  0.321325 0.321725 0.3326   0.328625 0.333225
 0.31895  0.3226   0.33125  0.31965  0.3358   0.3395   0.32455  0.32975
 0.336175 0.3286   0.31975  0.317275 0.308875 0.3384   0.3071   0.315575
 0.3177   0.329975 0.329325 0.30345  0.324625 0.34625  0.268675 0.3343
 0.32585  0.32775  0.324975 0.33415  0.334    0.309625 0.33645  0.33385
 0.31765  0.293725 0.32665  0.2634   0.332325 0.32345  0.3283   0.335675
 0.329225 0.323725 0.326225 0.3302   0.333775 0.332475 0.332925 0.314575
 0.33065  0.3365   0.332525 0.31585  0.338025 0.32815  0.31545  0.326625
 0.339625 0.334375 0.3307   0.31655  0.31155  0.338575 0.3206   0.329725
 0.3177   0.2861   0.330125 0.33645  0.33075  0.32845  0.3368   0.3094
 0.33195  0.3346   0.323025 0.33325  0.3354   0.315025 0.333075 0.3147
 0.31265  0.33275  0.3301   0.331425 0.330025 0.332325 0.319925 0.334225
 0.334775 0.33085  0.316725 0.32355  0.33595  0.32785  0.319425 0.33215
 0.323775 0.329975 0.3376   0.328075 0.3051   0.327075 0.328325 0.3276
 0.302925 0.324875 0.3293   0.323575 0.3194   0.321125 0.31645  0.312
 0.332975 0.32625  0.329825 0.3328   0.31945  0.315075 0.33735  0.32435
 0.330625 0.323925 0.334125 0.328125 0.318875 0.332175 0.3331   0.31935
 0.31905  0.332675 0.3238   0.334425 0.333625 0.339775 0.322575 0.328375]
burn-in: 1464

thin: 177

flat chain shape: (83328, 8)

flat log prob shape: (83328,)

Samples saved to Results_for_time_req/1_5__cycle_mod_eccen.txt
