created virtual environment CPython3.10.13.final.0-64 in 908ms
  creator CPython3Posix(dest=/localscratch/ragrawal.39525596.0/env, clear=False, no_vcs_ignore=False, global=False)
  seeder FromAppData(download=False, pip=bundle, setuptools=bundle, wheel=bundle, via=copy, app_data_dir=/home/ragrawal/.local/share/virtualenv)
    added seed packages: pip==24.1.2, setuptools==70.3.0, wheel==0.43.0
  activators BashActivator,CShellActivator,FishActivator,NushellActivator,PowerShellActivator,PythonActivator
Looking in links: /cvmfs/soft.computecanada.ca/custom/python/wheelhouse/gentoo2023/x86-64-v3, /cvmfs/soft.computecanada.ca/custom/python/wheelhouse/gentoo2023/generic, /cvmfs/soft.computecanada.ca/custom/python/wheelhouse/generic
Requirement already satisfied: pip in /localscratch/ragrawal.39525596.0/env/lib/python3.10/site-packages (24.1.2)
Looking in links: /cvmfs/soft.computecanada.ca/custom/python/wheelhouse/gentoo2023/x86-64-v3, /cvmfs/soft.computecanada.ca/custom/python/wheelhouse/gentoo2023/generic, /cvmfs/soft.computecanada.ca/custom/python/wheelhouse/generic
Processing /cvmfs/soft.computecanada.ca/custom/python/wheelhouse/gentoo2023/generic/contourpy-1.2.1+computecanada-cp310-cp310-linux_x86_64.whl (from -r requirements.txt (line 1))
Processing /cvmfs/soft.computecanada.ca/custom/python/wheelhouse/generic/corner-2.2.1+computecanada-py3-none-any.whl (from -r requirements.txt (line 2))
Processing /cvmfs/soft.computecanada.ca/custom/python/wheelhouse/generic/cycler-0.12.1+computecanada-py3-none-any.whl (from -r requirements.txt (line 3))
Processing /cvmfs/soft.computecanada.ca/custom/python/wheelhouse/generic/emcee-3.1.4+computecanada-py2.py3-none-any.whl (from -r requirements.txt (line 4))
Processing /cvmfs/soft.computecanada.ca/custom/python/wheelhouse/generic/fonttools-4.53.0+computecanada-cp310-cp310-linux_x86_64.whl (from -r requirements.txt (line 5))
Processing /cvmfs/soft.computecanada.ca/custom/python/wheelhouse/gentoo2023/x86-64-v3/h5py-3.11.0+computecanada-cp310-cp310-linux_x86_64.whl (from -r requirements.txt (line 6))
Processing /cvmfs/soft.computecanada.ca/custom/python/wheelhouse/generic/joblib-1.4.2+computecanada-py3-none-any.whl (from -r requirements.txt (line 7))
Processing /cvmfs/soft.computecanada.ca/custom/python/wheelhouse/gentoo2023/x86-64-v3/kiwisolver-1.4.5+computecanada-cp310-cp310-linux_x86_64.whl (from -r requirements.txt (line 8))
Processing /cvmfs/soft.computecanada.ca/custom/python/wheelhouse/gentoo2023/x86-64-v3/matplotlib-3.9.0+computecanada-cp310-cp310-linux_x86_64.whl (from -r requirements.txt (line 9))
Processing /cvmfs/soft.computecanada.ca/custom/python/wheelhouse/gentoo2023/generic/numpy-1.26.4+computecanada-cp310-cp310-linux_x86_64.whl (from -r requirements.txt (line 10))
Processing /cvmfs/soft.computecanada.ca/custom/python/wheelhouse/generic/packaging-24.1+computecanada-py3-none-any.whl (from -r requirements.txt (line 11))
Processing /cvmfs/soft.computecanada.ca/custom/python/wheelhouse/gentoo2023/x86-64-v3/pandas-2.2.1+computecanada-cp310-cp310-linux_x86_64.whl (from -r requirements.txt (line 12))
Processing /cvmfs/soft.computecanada.ca/custom/python/wheelhouse/gentoo2023/x86-64-v3/pillow-10.3.0+computecanada-cp310-cp310-linux_x86_64.whl (from -r requirements.txt (line 13))
Processing /cvmfs/soft.computecanada.ca/custom/python/wheelhouse/generic/pyparsing-3.1.2+computecanada-py3-none-any.whl (from -r requirements.txt (line 14))
Processing /cvmfs/soft.computecanada.ca/custom/python/wheelhouse/generic/python_dateutil-2.9.0.post0+computecanada-py2.py3-none-any.whl (from -r requirements.txt (line 15))
Processing /cvmfs/soft.computecanada.ca/custom/python/wheelhouse/generic/pytz-2024.1+computecanada-py2.py3-none-any.whl (from -r requirements.txt (line 16))
Processing /cvmfs/soft.computecanada.ca/custom/python/wheelhouse/generic/schwimmbad-0.3.1+computecanada-py3-none-any.whl (from -r requirements.txt (line 17))
Processing /cvmfs/soft.computecanada.ca/custom/python/wheelhouse/gentoo2023/generic/scikit_learn-1.5.0+computecanada-cp310-cp310-linux_x86_64.whl (from -r requirements.txt (line 18))
Processing /cvmfs/soft.computecanada.ca/custom/python/wheelhouse/gentoo2023/generic/scipy-1.13.1+computecanada-cp310-cp310-linux_x86_64.whl (from -r requirements.txt (line 19))
Processing /cvmfs/soft.computecanada.ca/custom/python/wheelhouse/generic/six-1.16.0+computecanada-py2.py3-none-any.whl (from -r requirements.txt (line 20))
Processing /cvmfs/soft.computecanada.ca/custom/python/wheelhouse/generic/sklearn-0.0+computecanada-py2.py3-none-any.whl (from -r requirements.txt (line 21))
Processing /cvmfs/soft.computecanada.ca/custom/python/wheelhouse/generic/threadpoolctl-3.5.0+computecanada-py3-none-any.whl (from -r requirements.txt (line 22))
Processing /cvmfs/soft.computecanada.ca/custom/python/wheelhouse/generic/tzdata-2024.1+computecanada-py2.py3-none-any.whl (from -r requirements.txt (line 23))
Processing /cvmfs/soft.computecanada.ca/custom/python/wheelhouse/generic/asttokens-2.4.1+computecanada-py2.py3-none-any.whl (from -r requirements.txt (line 24))
Processing /cvmfs/soft.computecanada.ca/custom/python/wheelhouse/generic/decorator-5.1.1+computecanada-py3-none-any.whl (from -r requirements.txt (line 25))
Processing /cvmfs/soft.computecanada.ca/custom/python/wheelhouse/generic/exceptiongroup-1.2.1+computecanada-py3-none-any.whl (from -r requirements.txt (line 26))
Processing /cvmfs/soft.computecanada.ca/custom/python/wheelhouse/generic/executing-2.0.1+computecanada-py2.py3-none-any.whl (from -r requirements.txt (line 27))
Processing /cvmfs/soft.computecanada.ca/custom/python/wheelhouse/generic/ipython-8.25.0+computecanada-py3-none-any.whl (from -r requirements.txt (line 28))
Processing /cvmfs/soft.computecanada.ca/custom/python/wheelhouse/generic/jedi-0.19.1+computecanada-py2.py3-none-any.whl (from -r requirements.txt (line 29))
Processing /cvmfs/soft.computecanada.ca/custom/python/wheelhouse/generic/matplotlib_inline-0.1.7+computecanada-py3-none-any.whl (from -r requirements.txt (line 30))
Processing /cvmfs/soft.computecanada.ca/custom/python/wheelhouse/generic/parso-0.8.4+computecanada-py2.py3-none-any.whl (from -r requirements.txt (line 31))
Processing /cvmfs/soft.computecanada.ca/custom/python/wheelhouse/generic/pexpect-4.9.0+computecanada-py2.py3-none-any.whl (from -r requirements.txt (line 32))
Processing /cvmfs/soft.computecanada.ca/custom/python/wheelhouse/generic/prompt_toolkit-3.0.47+computecanada-py3-none-any.whl (from -r requirements.txt (line 33))
Processing /cvmfs/soft.computecanada.ca/custom/python/wheelhouse/generic/ptyprocess-0.7.0+computecanada-py2.py3-none-any.whl (from -r requirements.txt (line 34))
Processing /cvmfs/soft.computecanada.ca/custom/python/wheelhouse/generic/pure_eval-0.2.2+computecanada-py3-none-any.whl (from -r requirements.txt (line 35))
Processing /cvmfs/soft.computecanada.ca/custom/python/wheelhouse/generic/pygments-2.18.0+computecanada-py3-none-any.whl (from -r requirements.txt (line 36))
Processing /cvmfs/soft.computecanada.ca/custom/python/wheelhouse/generic/stack_data-0.6.3+computecanada-py3-none-any.whl (from -r requirements.txt (line 38))
Processing /cvmfs/soft.computecanada.ca/custom/python/wheelhouse/generic/traitlets-5.14.3+computecanada-py3-none-any.whl (from -r requirements.txt (line 39))
Processing /cvmfs/soft.computecanada.ca/custom/python/wheelhouse/generic/typing_extensions-4.12.2+computecanada-py3-none-any.whl (from -r requirements.txt (line 40))
Processing /cvmfs/soft.computecanada.ca/custom/python/wheelhouse/generic/wcwidth-0.2.13+computecanada-py2.py3-none-any.whl (from -r requirements.txt (line 41))
Installing collected packages: wcwidth, pytz, pure_eval, ptyprocess, tzdata, typing_extensions, traitlets, threadpoolctl, six, schwimmbad, pyparsing, pygments, prompt_toolkit, pillow, pexpect, parso, packaging, numpy, kiwisolver, joblib, fonttools, executing, exceptiongroup, decorator, cycler, scipy, python_dateutil, matplotlib_inline, jedi, h5py, emcee, contourpy, asttokens, stack_data, scikit_learn, pandas, matplotlib, sklearn, ipython, corner
Successfully installed asttokens-2.4.1+computecanada contourpy-1.2.1+computecanada corner-2.2.1+computecanada cycler-0.12.1+computecanada decorator-5.1.1+computecanada emcee-3.1.4+computecanada exceptiongroup-1.2.1+computecanada executing-2.0.1+computecanada fonttools-4.53.0+computecanada h5py-3.11.0+computecanada ipython-8.25.0+computecanada jedi-0.19.1+computecanada joblib-1.4.2+computecanada kiwisolver-1.4.5+computecanada matplotlib-3.9.0+computecanada matplotlib_inline-0.1.7+computecanada numpy-1.26.4+computecanada packaging-24.1+computecanada pandas-2.2.1+computecanada parso-0.8.4+computecanada pexpect-4.9.0+computecanada pillow-10.3.0+computecanada prompt_toolkit-3.0.47+computecanada ptyprocess-0.7.0+computecanada pure_eval-0.2.2+computecanada pygments-2.18.0+computecanada pyparsing-3.1.2+computecanada python_dateutil-2.9.0.post0+computecanada pytz-2024.1+computecanada schwimmbad-0.3.1+computecanada scikit_learn-1.5.0+computecanada scipy-1.13.1+computecanada six-1.16.0+computecanada sklearn-0.0+computecanada stack_data-0.6.3+computecanada threadpoolctl-3.5.0+computecanada traitlets-5.14.3+computecanada typing_extensions-4.12.2+computecanada tzdata-2024.1+computecanada wcwidth-0.2.13+computecanada
It is for cycle
 0.5
35
[       0.           318808.06905067   637853.97775637   957335.82413008
  1277390.35804303  1598090.40423634  1919456.30529739  2241472.19232051
  2564100.80294053  2887294.4407448   3211002.07663133  3535173.49266721
  3859761.44526292  4184722.61138731  4510017.83609227  4835612.0061341
  5161473.74263076  5487575.02244398  5813890.78777125  6140398.57415311
  6467078.1704787   6793911.31547841  7120881.4303764   7447973.38508037
  7775173.29428533  8102468.33966251  8429846.61441407  8757296.9867907
  9084808.97952706  9412372.66249747  9739978.5562494  10067617.54432235
 10395280.79254681 10722959.67366241 11050645.6957961 ]
You must install the tqdm library to use progress indicators with emcee
/localscratch/ragrawal.39525596.0/env/lib/python3.10/site-packages/emcee/moves/red_blue.py:99: RuntimeWarning: invalid value encountered in scalar subtract
  lnpdiff = f + nlp - state.log_prob[j]
Acceptance ratio
 [0.0571125 0.031475  0.056375  0.0566375 0.04925   0.0500875 0.0591875
 0.04245   0.062875  0.0509375 0.0531125 0.0460875 0.060975  0.0242875
 0.0287    0.05965   0.0577125 0.0599125 0.060425  0.047075  0.031
 0.03485   0.058525  0.05765   0.0620875 0.05655   0.0522875 0.056225
 0.058325  0.044925  0.0558625 0.0534625 0.029275  0.049875  0.0499
 0.0588625 0.0513125 0.0597625 0.0550875 0.053575  0.056925  0.0491625
 0.0484125 0.0483375 0.0460375 0.0597375 0.035675  0.0451375 0.025825
 0.0586125 0.0551375 0.0599375 0.056475  0.0438625 0.0452125 0.0552
 0.04845   0.0568125 0.0455875 0.054775  0.0545    0.04155   0.0279375
 0.057125  0.049625  0.0479125 0.0648    0.0456    0.0554625 0.0564375
 0.0508625 0.05355   0.0385    0.0290875 0.0541875 0.0451625 0.0229125
 0.0532    0.0385125 0.0357375 0.0492625 0.06075   0.0440375 0.0600375
 0.0328625 0.05475   0.0337125 0.05325   0.0562    0.05285   0.052275
 0.04815   0.0574625 0.0529875 0.0573625 0.0522125 0.0469625 0.0391875
 0.0535125 0.0517375 0.0545875 0.0548625 0.060475  0.05485   0.0524375
 0.0624875 0.0576125 0.0585875 0.0405125 0.0284875 0.062525  0.034125
 0.0282    0.052525  0.0555    0.048875  0.03535   0.03625   0.0513125
 0.0463375 0.05165   0.0542375 0.0595125 0.0558125 0.04085   0.042375
 0.060775  0.0543625]
Error calculating autocorrelation time: The chain is shorter than 50 times the integrated autocorrelation time for 8 parameter(s). Use this estimate with caution and run a longer chain!
N/50 = 1600;
tau: [7937.24090235 9844.47197534 9618.02142891 9478.27631294 5209.87414267
 9782.72308312 4917.11025603 5238.05804682]
Error calculating autocorrelation time: The chain is shorter than 50 times the integrated autocorrelation time for 8 parameter(s). Use this estimate with caution and run a longer chain!
N/50 = 1600;
tau: [7937.24090235 9844.47197534 9618.02142891 9478.27631294 5209.87414267
 9782.72308312 4917.11025603 5238.05804682]
[0.0571125 0.031475  0.056375  0.0566375 0.04925   0.0500875 0.0591875
 0.04245   0.062875  0.0509375 0.0531125 0.0460875 0.060975  0.0242875
 0.0287    0.05965   0.0577125 0.0599125 0.060425  0.047075  0.031
 0.03485   0.058525  0.05765   0.0620875 0.05655   0.0522875 0.056225
 0.058325  0.044925  0.0558625 0.0534625 0.029275  0.049875  0.0499
 0.0588625 0.0513125 0.0597625 0.0550875 0.053575  0.056925  0.0491625
 0.0484125 0.0483375 0.0460375 0.0597375 0.035675  0.0451375 0.025825
 0.0586125 0.0551375 0.0599375 0.056475  0.0438625 0.0452125 0.0552
 0.04845   0.0568125 0.0455875 0.054775  0.0545    0.04155   0.0279375
 0.057125  0.049625  0.0479125 0.0648    0.0456    0.0554625 0.0564375
 0.0508625 0.05355   0.0385    0.0290875 0.0541875 0.0451625 0.0229125
 0.0532    0.0385125 0.0357375 0.0492625 0.06075   0.0440375 0.0600375
 0.0328625 0.05475   0.0337125 0.05325   0.0562    0.05285   0.052275
 0.04815   0.0574625 0.0529875 0.0573625 0.0522125 0.0469625 0.0391875
 0.0535125 0.0517375 0.0545875 0.0548625 0.060475  0.05485   0.0524375
 0.0624875 0.0576125 0.0585875 0.0405125 0.0284875 0.062525  0.034125
 0.0282    0.052525  0.0555    0.048875  0.03535   0.03625   0.0513125
 0.0463375 0.05165   0.0542375 0.0595125 0.0558125 0.04085   0.042375
 0.060775  0.0543625]
burn-in: 4000

thin: 200

flat chain shape: (48640, 8)

flat log prob shape: (48640,)

Samples saved to Results_for_time_req/half_cycle_mod_eccen.txt
