created virtual environment CPython3.10.13.final.0-64 in 1159ms
  creator CPython3Posix(dest=/localscratch/ragrawal.38307611.0/env, clear=False, no_vcs_ignore=False, global=False)
  seeder FromAppData(download=False, pip=bundle, setuptools=bundle, wheel=bundle, via=copy, app_data_dir=/home/ragrawal/.local/share/virtualenv)
    added seed packages: pip==24.1.2, setuptools==70.2.0, wheel==0.43.0
  activators BashActivator,CShellActivator,FishActivator,NushellActivator,PowerShellActivator,PythonActivator
Looking in links: /cvmfs/soft.computecanada.ca/custom/python/wheelhouse/gentoo2023/x86-64-v3, /cvmfs/soft.computecanada.ca/custom/python/wheelhouse/gentoo2023/generic, /cvmfs/soft.computecanada.ca/custom/python/wheelhouse/generic
Requirement already satisfied: pip in /localscratch/ragrawal.38307611.0/env/lib/python3.10/site-packages (24.1.2)
Looking in links: /cvmfs/soft.computecanada.ca/custom/python/wheelhouse/gentoo2023/x86-64-v3, /cvmfs/soft.computecanada.ca/custom/python/wheelhouse/gentoo2023/generic, /cvmfs/soft.computecanada.ca/custom/python/wheelhouse/generic
Processing /cvmfs/soft.computecanada.ca/custom/python/wheelhouse/gentoo2023/generic/contourpy-1.2.1+computecanada-cp310-cp310-linux_x86_64.whl (from -r requirements.txt (line 1))
Processing /cvmfs/soft.computecanada.ca/custom/python/wheelhouse/generic/corner-2.2.1+computecanada-py3-none-any.whl (from -r requirements.txt (line 2))
Processing /cvmfs/soft.computecanada.ca/custom/python/wheelhouse/generic/cycler-0.12.1+computecanada-py3-none-any.whl (from -r requirements.txt (line 3))
Processing /cvmfs/soft.computecanada.ca/custom/python/wheelhouse/generic/emcee-3.1.4+computecanada-py2.py3-none-any.whl (from -r requirements.txt (line 4))
Processing /cvmfs/soft.computecanada.ca/custom/python/wheelhouse/generic/fonttools-4.53.0+computecanada-cp310-cp310-linux_x86_64.whl (from -r requirements.txt (line 5))
Processing /cvmfs/soft.computecanada.ca/custom/python/wheelhouse/gentoo2023/x86-64-v3/h5py-3.11.0+computecanada-cp310-cp310-linux_x86_64.whl (from -r requirements.txt (line 6))
Processing /cvmfs/soft.computecanada.ca/custom/python/wheelhouse/generic/joblib-1.4.2+computecanada-py3-none-any.whl (from -r requirements.txt (line 7))
Processing /cvmfs/soft.computecanada.ca/custom/python/wheelhouse/gentoo2023/x86-64-v3/kiwisolver-1.4.5+computecanada-cp310-cp310-linux_x86_64.whl (from -r requirements.txt (line 8))
Processing /cvmfs/soft.computecanada.ca/custom/python/wheelhouse/gentoo2023/x86-64-v3/matplotlib-3.9.0+computecanada-cp310-cp310-linux_x86_64.whl (from -r requirements.txt (line 9))
Processing /cvmfs/soft.computecanada.ca/custom/python/wheelhouse/gentoo2023/generic/numpy-1.26.4+computecanada-cp310-cp310-linux_x86_64.whl (from -r requirements.txt (line 10))
Processing /cvmfs/soft.computecanada.ca/custom/python/wheelhouse/generic/packaging-24.1+computecanada-py3-none-any.whl (from -r requirements.txt (line 11))
Processing /cvmfs/soft.computecanada.ca/custom/python/wheelhouse/gentoo2023/x86-64-v3/pandas-2.2.1+computecanada-cp310-cp310-linux_x86_64.whl (from -r requirements.txt (line 12))
Processing /cvmfs/soft.computecanada.ca/custom/python/wheelhouse/gentoo2023/x86-64-v3/pillow-10.3.0+computecanada-cp310-cp310-linux_x86_64.whl (from -r requirements.txt (line 13))
Processing /cvmfs/soft.computecanada.ca/custom/python/wheelhouse/generic/pyparsing-3.1.2+computecanada-py3-none-any.whl (from -r requirements.txt (line 14))
Processing /cvmfs/soft.computecanada.ca/custom/python/wheelhouse/generic/python_dateutil-2.9.0.post0+computecanada-py2.py3-none-any.whl (from -r requirements.txt (line 15))
Processing /cvmfs/soft.computecanada.ca/custom/python/wheelhouse/generic/pytz-2024.1+computecanada-py2.py3-none-any.whl (from -r requirements.txt (line 16))
Processing /cvmfs/soft.computecanada.ca/custom/python/wheelhouse/generic/schwimmbad-0.3.1+computecanada-py3-none-any.whl (from -r requirements.txt (line 17))
Processing /cvmfs/soft.computecanada.ca/custom/python/wheelhouse/gentoo2023/generic/scikit_learn-1.5.0+computecanada-cp310-cp310-linux_x86_64.whl (from -r requirements.txt (line 18))
Processing /cvmfs/soft.computecanada.ca/custom/python/wheelhouse/gentoo2023/generic/scipy-1.13.1+computecanada-cp310-cp310-linux_x86_64.whl (from -r requirements.txt (line 19))
Processing /cvmfs/soft.computecanada.ca/custom/python/wheelhouse/generic/six-1.16.0+computecanada-py2.py3-none-any.whl (from -r requirements.txt (line 20))
Processing /cvmfs/soft.computecanada.ca/custom/python/wheelhouse/generic/sklearn-0.0+computecanada-py2.py3-none-any.whl (from -r requirements.txt (line 21))
Processing /cvmfs/soft.computecanada.ca/custom/python/wheelhouse/generic/threadpoolctl-3.5.0+computecanada-py3-none-any.whl (from -r requirements.txt (line 22))
Processing /cvmfs/soft.computecanada.ca/custom/python/wheelhouse/generic/tzdata-2024.1+computecanada-py2.py3-none-any.whl (from -r requirements.txt (line 23))
Processing /cvmfs/soft.computecanada.ca/custom/python/wheelhouse/generic/asttokens-2.4.1+computecanada-py2.py3-none-any.whl (from -r requirements.txt (line 24))
Processing /cvmfs/soft.computecanada.ca/custom/python/wheelhouse/generic/decorator-5.1.1+computecanada-py3-none-any.whl (from -r requirements.txt (line 25))
Processing /cvmfs/soft.computecanada.ca/custom/python/wheelhouse/generic/exceptiongroup-1.2.1+computecanada-py3-none-any.whl (from -r requirements.txt (line 26))
Processing /cvmfs/soft.computecanada.ca/custom/python/wheelhouse/generic/executing-2.0.1+computecanada-py2.py3-none-any.whl (from -r requirements.txt (line 27))
Processing /cvmfs/soft.computecanada.ca/custom/python/wheelhouse/generic/ipython-8.25.0+computecanada-py3-none-any.whl (from -r requirements.txt (line 28))
Processing /cvmfs/soft.computecanada.ca/custom/python/wheelhouse/generic/jedi-0.19.1+computecanada-py2.py3-none-any.whl (from -r requirements.txt (line 29))
Processing /cvmfs/soft.computecanada.ca/custom/python/wheelhouse/generic/matplotlib_inline-0.1.7+computecanada-py3-none-any.whl (from -r requirements.txt (line 30))
Processing /cvmfs/soft.computecanada.ca/custom/python/wheelhouse/generic/parso-0.8.4+computecanada-py2.py3-none-any.whl (from -r requirements.txt (line 31))
Processing /cvmfs/soft.computecanada.ca/custom/python/wheelhouse/generic/pexpect-4.9.0+computecanada-py2.py3-none-any.whl (from -r requirements.txt (line 32))
Processing /cvmfs/soft.computecanada.ca/custom/python/wheelhouse/generic/prompt_toolkit-3.0.47+computecanada-py3-none-any.whl (from -r requirements.txt (line 33))
Processing /cvmfs/soft.computecanada.ca/custom/python/wheelhouse/generic/ptyprocess-0.7.0+computecanada-py2.py3-none-any.whl (from -r requirements.txt (line 34))
Processing /cvmfs/soft.computecanada.ca/custom/python/wheelhouse/generic/pure_eval-0.2.2+computecanada-py3-none-any.whl (from -r requirements.txt (line 35))
Processing /cvmfs/soft.computecanada.ca/custom/python/wheelhouse/generic/pygments-2.18.0+computecanada-py3-none-any.whl (from -r requirements.txt (line 36))
Processing /cvmfs/soft.computecanada.ca/custom/python/wheelhouse/generic/stack_data-0.6.3+computecanada-py3-none-any.whl (from -r requirements.txt (line 38))
Processing /cvmfs/soft.computecanada.ca/custom/python/wheelhouse/generic/traitlets-5.14.3+computecanada-py3-none-any.whl (from -r requirements.txt (line 39))
Processing /cvmfs/soft.computecanada.ca/custom/python/wheelhouse/generic/typing_extensions-4.12.2+computecanada-py3-none-any.whl (from -r requirements.txt (line 40))
Processing /cvmfs/soft.computecanada.ca/custom/python/wheelhouse/generic/wcwidth-0.2.13+computecanada-py2.py3-none-any.whl (from -r requirements.txt (line 41))
Installing collected packages: wcwidth, pytz, pure_eval, ptyprocess, tzdata, typing_extensions, traitlets, threadpoolctl, six, schwimmbad, pyparsing, pygments, prompt_toolkit, pillow, pexpect, parso, packaging, numpy, kiwisolver, joblib, fonttools, executing, exceptiongroup, decorator, cycler, scipy, python_dateutil, matplotlib_inline, jedi, h5py, emcee, contourpy, asttokens, stack_data, scikit_learn, pandas, matplotlib, sklearn, ipython, corner
Successfully installed asttokens-2.4.1+computecanada contourpy-1.2.1+computecanada corner-2.2.1+computecanada cycler-0.12.1+computecanada decorator-5.1.1+computecanada emcee-3.1.4+computecanada exceptiongroup-1.2.1+computecanada executing-2.0.1+computecanada fonttools-4.53.0+computecanada h5py-3.11.0+computecanada ipython-8.25.0+computecanada jedi-0.19.1+computecanada joblib-1.4.2+computecanada kiwisolver-1.4.5+computecanada matplotlib-3.9.0+computecanada matplotlib_inline-0.1.7+computecanada numpy-1.26.4+computecanada packaging-24.1+computecanada pandas-2.2.1+computecanada parso-0.8.4+computecanada pexpect-4.9.0+computecanada pillow-10.3.0+computecanada prompt_toolkit-3.0.47+computecanada ptyprocess-0.7.0+computecanada pure_eval-0.2.2+computecanada pygments-2.18.0+computecanada pyparsing-3.1.2+computecanada python_dateutil-2.9.0.post0+computecanada pytz-2024.1+computecanada schwimmbad-0.3.1+computecanada scikit_learn-1.5.0+computecanada scipy-1.13.1+computecanada six-1.16.0+computecanada sklearn-0.0+computecanada stack_data-0.6.3+computecanada threadpoolctl-3.5.0+computecanada traitlets-5.14.3+computecanada typing_extensions-4.12.2+computecanada tzdata-2024.1+computecanada wcwidth-0.2.13+computecanada
[      0.        257697.578125  515522.421875  773297.578125
 1031097.578125 1288897.578125 1546757.578125 1804635.15625
 2062442.421875 2320332.578125 2578217.421875 2836137.421875
 3094057.421875 3352012.578125 3609992.578125 3867990.15625
 4126000.       4384022.421875 4642080.       4900162.421875
 5158280.      ]
You must install the tqdm library to use progress indicators with emcee
Acceptance ratio
 [0.036125  0.022425  0.0289    0.03775   0.032325  0.0326    0.0380125
 0.031325  0.0232875 0.033625  0.0332875 0.031325  0.0391125 0.0424875
 0.0339125 0.0377375 0.0274375 0.0338375 0.03225   0.031575  0.0304
 0.0309    0.0314625 0.03385   0.034725  0.0260875 0.028375  0.032175
 0.02905   0.0358375 0.028525  0.032625  0.03375   0.03595   0.0323875
 0.0236875 0.03835   0.02655   0.0270375 0.0226625 0.0338375 0.031275
 0.0308625 0.028625  0.0379875 0.0255375 0.0310875 0.034     0.0333875
 0.0346125 0.0332125 0.034225  0.0299625 0.0279125 0.0384625 0.034075
 0.03235   0.0349125 0.0305125 0.023575  0.036275  0.0304625 0.0294
 0.0256375 0.03645   0.0308375 0.029625  0.025175  0.037275  0.0281875
 0.0359    0.0378875 0.0284875 0.0357625 0.0354875 0.0372    0.0318
 0.03345   0.0348875 0.03365   0.03195   0.033825  0.0346875 0.0245625
 0.0406375 0.0316625 0.03035   0.0366875 0.035825  0.0339875 0.0231625
 0.03355   0.036525  0.0343625 0.0384125 0.0296625 0.0359625 0.0382375
 0.0305875 0.0297625 0.0319125 0.030025  0.0313125 0.0332875 0.0339625
 0.033325  0.027175  0.036175  0.029075  0.0305125 0.02885   0.03375
 0.0368    0.031125  0.0357875 0.0335    0.0311125 0.0373375 0.03075
 0.035575  0.028375  0.0327    0.0217875 0.0394    0.0208375 0.0352625
 0.0320875 0.0376625 0.0286125 0.02865   0.0289125 0.037     0.0322
 0.020825  0.0342625 0.039625  0.0341875 0.0167875 0.030475  0.0267875
 0.0323375 0.03195   0.0388125 0.0212    0.026025  0.03585   0.0344875
 0.0354    0.0359125 0.0213125 0.0338    0.0288625 0.0193125 0.03695
 0.0368625 0.0369625 0.032825  0.0325125 0.02435   0.0409375 0.0243125
 0.0383875 0.0353    0.034475  0.0359625 0.037975  0.03135   0.03405
 0.03635   0.0289125 0.0361625 0.0257375 0.037     0.0325375 0.030575
 0.035275  0.0317125 0.035775  0.0319625 0.0344125 0.0363625 0.023875
 0.0369    0.0260375 0.03025   0.0290375 0.0371625 0.03365   0.0371125
 0.0383    0.036325  0.035575  0.03645   0.03605   0.033825  0.032
 0.03045   0.029075  0.0343875 0.0384875 0.0328375 0.0297125 0.0355875
 0.0222125 0.0303375 0.0243    0.036225  0.0342875 0.0267    0.0387125
 0.0296125 0.03465   0.0152625 0.0338375 0.0324125 0.0354125 0.0263375
 0.0315125 0.0312875 0.0202375 0.036025  0.0387    0.03485   0.0297625
 0.038275  0.0322375 0.0378125 0.03325   0.035175  0.033525  0.021325
 0.0285    0.0302    0.03425   0.0325375 0.0308125 0.0325875 0.0195
 0.03445   0.0311    0.0340125 0.035025  0.0245375 0.021425  0.02985
 0.0390375 0.03145   0.0279    0.0346625 0.0328375 0.0397375 0.03575
 0.0352    0.0317875 0.0321375 0.0383125]
Error calculating autocorrelation time: The chain is shorter than 50 times the integrated autocorrelation time for 8 parameter(s). Use this estimate with caution and run a longer chain!
N/50 = 1600;
tau: [6379.16930103 6666.14434715 6766.20336119 5697.18265652 7981.40467238
 7109.66338462 5499.19872233 5852.79504325]
Error calculating autocorrelation time: The chain is shorter than 50 times the integrated autocorrelation time for 8 parameter(s). Use this estimate with caution and run a longer chain!
N/50 = 1600;
tau: [6379.16930103 6666.14434715 6766.20336119 5697.18265652 7981.40467238
 7109.66338462 5499.19872233 5852.79504325]
[0.036125  0.022425  0.0289    0.03775   0.032325  0.0326    0.0380125
 0.031325  0.0232875 0.033625  0.0332875 0.031325  0.0391125 0.0424875
 0.0339125 0.0377375 0.0274375 0.0338375 0.03225   0.031575  0.0304
 0.0309    0.0314625 0.03385   0.034725  0.0260875 0.028375  0.032175
 0.02905   0.0358375 0.028525  0.032625  0.03375   0.03595   0.0323875
 0.0236875 0.03835   0.02655   0.0270375 0.0226625 0.0338375 0.031275
 0.0308625 0.028625  0.0379875 0.0255375 0.0310875 0.034     0.0333875
 0.0346125 0.0332125 0.034225  0.0299625 0.0279125 0.0384625 0.034075
 0.03235   0.0349125 0.0305125 0.023575  0.036275  0.0304625 0.0294
 0.0256375 0.03645   0.0308375 0.029625  0.025175  0.037275  0.0281875
 0.0359    0.0378875 0.0284875 0.0357625 0.0354875 0.0372    0.0318
 0.03345   0.0348875 0.03365   0.03195   0.033825  0.0346875 0.0245625
 0.0406375 0.0316625 0.03035   0.0366875 0.035825  0.0339875 0.0231625
 0.03355   0.036525  0.0343625 0.0384125 0.0296625 0.0359625 0.0382375
 0.0305875 0.0297625 0.0319125 0.030025  0.0313125 0.0332875 0.0339625
 0.033325  0.027175  0.036175  0.029075  0.0305125 0.02885   0.03375
 0.0368    0.031125  0.0357875 0.0335    0.0311125 0.0373375 0.03075
 0.035575  0.028375  0.0327    0.0217875 0.0394    0.0208375 0.0352625
 0.0320875 0.0376625 0.0286125 0.02865   0.0289125 0.037     0.0322
 0.020825  0.0342625 0.039625  0.0341875 0.0167875 0.030475  0.0267875
 0.0323375 0.03195   0.0388125 0.0212    0.026025  0.03585   0.0344875
 0.0354    0.0359125 0.0213125 0.0338    0.0288625 0.0193125 0.03695
 0.0368625 0.0369625 0.032825  0.0325125 0.02435   0.0409375 0.0243125
 0.0383875 0.0353    0.034475  0.0359625 0.037975  0.03135   0.03405
 0.03635   0.0289125 0.0361625 0.0257375 0.037     0.0325375 0.030575
 0.035275  0.0317125 0.035775  0.0319625 0.0344125 0.0363625 0.023875
 0.0369    0.0260375 0.03025   0.0290375 0.0371625 0.03365   0.0371125
 0.0383    0.036325  0.035575  0.03645   0.03605   0.033825  0.032
 0.03045   0.029075  0.0343875 0.0384875 0.0328375 0.0297125 0.0355875
 0.0222125 0.0303375 0.0243    0.036225  0.0342875 0.0267    0.0387125
 0.0296125 0.03465   0.0152625 0.0338375 0.0324125 0.0354125 0.0263375
 0.0315125 0.0312875 0.0202375 0.036025  0.0387    0.03485   0.0297625
 0.038275  0.0322375 0.0378125 0.03325   0.035175  0.033525  0.021325
 0.0285    0.0302    0.03425   0.0325375 0.0308125 0.0325875 0.0195
 0.03445   0.0311    0.0340125 0.035025  0.0245375 0.021425  0.02985
 0.0390375 0.03145   0.0279    0.0346625 0.0328375 0.0397375 0.03575
 0.0352    0.0317875 0.0321375 0.0383125]
burn-in: 4000

thin: 200

flat chain shape: (97280, 8)

flat log prob shape: (97280,)

Samples saved to Result with source localization/Result_few_triggers_mod_eecen_2.txt
