created virtual environment CPython3.10.13.final.0-64 in 1358ms
  creator CPython3Posix(dest=/localscratch/ragrawal.38513429.0/env, clear=False, no_vcs_ignore=False, global=False)
  seeder FromAppData(download=False, pip=bundle, setuptools=bundle, wheel=bundle, via=copy, app_data_dir=/home/ragrawal/.local/share/virtualenv)
    added seed packages: pip==24.1.2, setuptools==70.2.0, wheel==0.43.0
  activators BashActivator,CShellActivator,FishActivator,NushellActivator,PowerShellActivator,PythonActivator
Looking in links: /cvmfs/soft.computecanada.ca/custom/python/wheelhouse/gentoo2023/x86-64-v3, /cvmfs/soft.computecanada.ca/custom/python/wheelhouse/gentoo2023/generic, /cvmfs/soft.computecanada.ca/custom/python/wheelhouse/generic
Requirement already satisfied: pip in /localscratch/ragrawal.38513429.0/env/lib/python3.10/site-packages (24.1.2)
Looking in links: /cvmfs/soft.computecanada.ca/custom/python/wheelhouse/gentoo2023/x86-64-v3, /cvmfs/soft.computecanada.ca/custom/python/wheelhouse/gentoo2023/generic, /cvmfs/soft.computecanada.ca/custom/python/wheelhouse/generic
Processing /cvmfs/soft.computecanada.ca/custom/python/wheelhouse/gentoo2023/generic/contourpy-1.2.1+computecanada-cp310-cp310-linux_x86_64.whl (from -r requirements.txt (line 1))
Processing /cvmfs/soft.computecanada.ca/custom/python/wheelhouse/generic/corner-2.2.1+computecanada-py3-none-any.whl (from -r requirements.txt (line 2))
Processing /cvmfs/soft.computecanada.ca/custom/python/wheelhouse/generic/cycler-0.12.1+computecanada-py3-none-any.whl (from -r requirements.txt (line 3))
Processing /cvmfs/soft.computecanada.ca/custom/python/wheelhouse/generic/emcee-3.1.4+computecanada-py2.py3-none-any.whl (from -r requirements.txt (line 4))
Processing /cvmfs/soft.computecanada.ca/custom/python/wheelhouse/generic/fonttools-4.53.0+computecanada-cp310-cp310-linux_x86_64.whl (from -r requirements.txt (line 5))
Processing /cvmfs/soft.computecanada.ca/custom/python/wheelhouse/gentoo2023/x86-64-v3/h5py-3.11.0+computecanada-cp310-cp310-linux_x86_64.whl (from -r requirements.txt (line 6))
Processing /cvmfs/soft.computecanada.ca/custom/python/wheelhouse/generic/joblib-1.4.2+computecanada-py3-none-any.whl (from -r requirements.txt (line 7))
Processing /cvmfs/soft.computecanada.ca/custom/python/wheelhouse/gentoo2023/x86-64-v3/kiwisolver-1.4.5+computecanada-cp310-cp310-linux_x86_64.whl (from -r requirements.txt (line 8))
Processing /cvmfs/soft.computecanada.ca/custom/python/wheelhouse/gentoo2023/x86-64-v3/matplotlib-3.9.0+computecanada-cp310-cp310-linux_x86_64.whl (from -r requirements.txt (line 9))
Processing /cvmfs/soft.computecanada.ca/custom/python/wheelhouse/gentoo2023/generic/numpy-1.26.4+computecanada-cp310-cp310-linux_x86_64.whl (from -r requirements.txt (line 10))
Processing /cvmfs/soft.computecanada.ca/custom/python/wheelhouse/generic/packaging-24.1+computecanada-py3-none-any.whl (from -r requirements.txt (line 11))
Processing /cvmfs/soft.computecanada.ca/custom/python/wheelhouse/gentoo2023/x86-64-v3/pandas-2.2.1+computecanada-cp310-cp310-linux_x86_64.whl (from -r requirements.txt (line 12))
Processing /cvmfs/soft.computecanada.ca/custom/python/wheelhouse/gentoo2023/x86-64-v3/pillow-10.3.0+computecanada-cp310-cp310-linux_x86_64.whl (from -r requirements.txt (line 13))
Processing /cvmfs/soft.computecanada.ca/custom/python/wheelhouse/generic/pyparsing-3.1.2+computecanada-py3-none-any.whl (from -r requirements.txt (line 14))
Processing /cvmfs/soft.computecanada.ca/custom/python/wheelhouse/generic/python_dateutil-2.9.0.post0+computecanada-py2.py3-none-any.whl (from -r requirements.txt (line 15))
Processing /cvmfs/soft.computecanada.ca/custom/python/wheelhouse/generic/pytz-2024.1+computecanada-py2.py3-none-any.whl (from -r requirements.txt (line 16))
Processing /cvmfs/soft.computecanada.ca/custom/python/wheelhouse/generic/schwimmbad-0.3.1+computecanada-py3-none-any.whl (from -r requirements.txt (line 17))
Processing /cvmfs/soft.computecanada.ca/custom/python/wheelhouse/gentoo2023/generic/scikit_learn-1.5.0+computecanada-cp310-cp310-linux_x86_64.whl (from -r requirements.txt (line 18))
Processing /cvmfs/soft.computecanada.ca/custom/python/wheelhouse/gentoo2023/generic/scipy-1.13.1+computecanada-cp310-cp310-linux_x86_64.whl (from -r requirements.txt (line 19))
Processing /cvmfs/soft.computecanada.ca/custom/python/wheelhouse/generic/six-1.16.0+computecanada-py2.py3-none-any.whl (from -r requirements.txt (line 20))
Processing /cvmfs/soft.computecanada.ca/custom/python/wheelhouse/generic/sklearn-0.0+computecanada-py2.py3-none-any.whl (from -r requirements.txt (line 21))
Processing /cvmfs/soft.computecanada.ca/custom/python/wheelhouse/generic/threadpoolctl-3.5.0+computecanada-py3-none-any.whl (from -r requirements.txt (line 22))
Processing /cvmfs/soft.computecanada.ca/custom/python/wheelhouse/generic/tzdata-2024.1+computecanada-py2.py3-none-any.whl (from -r requirements.txt (line 23))
Processing /cvmfs/soft.computecanada.ca/custom/python/wheelhouse/generic/asttokens-2.4.1+computecanada-py2.py3-none-any.whl (from -r requirements.txt (line 24))
Processing /cvmfs/soft.computecanada.ca/custom/python/wheelhouse/generic/decorator-5.1.1+computecanada-py3-none-any.whl (from -r requirements.txt (line 25))
Processing /cvmfs/soft.computecanada.ca/custom/python/wheelhouse/generic/exceptiongroup-1.2.1+computecanada-py3-none-any.whl (from -r requirements.txt (line 26))
Processing /cvmfs/soft.computecanada.ca/custom/python/wheelhouse/generic/executing-2.0.1+computecanada-py2.py3-none-any.whl (from -r requirements.txt (line 27))
Processing /cvmfs/soft.computecanada.ca/custom/python/wheelhouse/generic/ipython-8.25.0+computecanada-py3-none-any.whl (from -r requirements.txt (line 28))
Processing /cvmfs/soft.computecanada.ca/custom/python/wheelhouse/generic/jedi-0.19.1+computecanada-py2.py3-none-any.whl (from -r requirements.txt (line 29))
Processing /cvmfs/soft.computecanada.ca/custom/python/wheelhouse/generic/matplotlib_inline-0.1.7+computecanada-py3-none-any.whl (from -r requirements.txt (line 30))
Processing /cvmfs/soft.computecanada.ca/custom/python/wheelhouse/generic/parso-0.8.4+computecanada-py2.py3-none-any.whl (from -r requirements.txt (line 31))
Processing /cvmfs/soft.computecanada.ca/custom/python/wheelhouse/generic/pexpect-4.9.0+computecanada-py2.py3-none-any.whl (from -r requirements.txt (line 32))
Processing /cvmfs/soft.computecanada.ca/custom/python/wheelhouse/generic/prompt_toolkit-3.0.47+computecanada-py3-none-any.whl (from -r requirements.txt (line 33))
Processing /cvmfs/soft.computecanada.ca/custom/python/wheelhouse/generic/ptyprocess-0.7.0+computecanada-py2.py3-none-any.whl (from -r requirements.txt (line 34))
Processing /cvmfs/soft.computecanada.ca/custom/python/wheelhouse/generic/pure_eval-0.2.2+computecanada-py3-none-any.whl (from -r requirements.txt (line 35))
Processing /cvmfs/soft.computecanada.ca/custom/python/wheelhouse/generic/pygments-2.18.0+computecanada-py3-none-any.whl (from -r requirements.txt (line 36))
Processing /cvmfs/soft.computecanada.ca/custom/python/wheelhouse/generic/stack_data-0.6.3+computecanada-py3-none-any.whl (from -r requirements.txt (line 38))
Processing /cvmfs/soft.computecanada.ca/custom/python/wheelhouse/generic/traitlets-5.14.3+computecanada-py3-none-any.whl (from -r requirements.txt (line 39))
Processing /cvmfs/soft.computecanada.ca/custom/python/wheelhouse/generic/typing_extensions-4.12.2+computecanada-py3-none-any.whl (from -r requirements.txt (line 40))
Processing /cvmfs/soft.computecanada.ca/custom/python/wheelhouse/generic/wcwidth-0.2.13+computecanada-py2.py3-none-any.whl (from -r requirements.txt (line 41))
Installing collected packages: wcwidth, pytz, pure_eval, ptyprocess, tzdata, typing_extensions, traitlets, threadpoolctl, six, schwimmbad, pyparsing, pygments, prompt_toolkit, pillow, pexpect, parso, packaging, numpy, kiwisolver, joblib, fonttools, executing, exceptiongroup, decorator, cycler, scipy, python_dateutil, matplotlib_inline, jedi, h5py, emcee, contourpy, asttokens, stack_data, scikit_learn, pandas, matplotlib, sklearn, ipython, corner
Successfully installed asttokens-2.4.1+computecanada contourpy-1.2.1+computecanada corner-2.2.1+computecanada cycler-0.12.1+computecanada decorator-5.1.1+computecanada emcee-3.1.4+computecanada exceptiongroup-1.2.1+computecanada executing-2.0.1+computecanada fonttools-4.53.0+computecanada h5py-3.11.0+computecanada ipython-8.25.0+computecanada jedi-0.19.1+computecanada joblib-1.4.2+computecanada kiwisolver-1.4.5+computecanada matplotlib-3.9.0+computecanada matplotlib_inline-0.1.7+computecanada numpy-1.26.4+computecanada packaging-24.1+computecanada pandas-2.2.1+computecanada parso-0.8.4+computecanada pexpect-4.9.0+computecanada pillow-10.3.0+computecanada prompt_toolkit-3.0.47+computecanada ptyprocess-0.7.0+computecanada pure_eval-0.2.2+computecanada pygments-2.18.0+computecanada pyparsing-3.1.2+computecanada python_dateutil-2.9.0.post0+computecanada pytz-2024.1+computecanada schwimmbad-0.3.1+computecanada scikit_learn-1.5.0+computecanada scipy-1.13.1+computecanada six-1.16.0+computecanada sklearn-0.0+computecanada stack_data-0.6.3+computecanada threadpoolctl-3.5.0+computecanada traitlets-5.14.3+computecanada typing_extensions-4.12.2+computecanada tzdata-2024.1+computecanada wcwidth-0.2.13+computecanada
[       0.         257715.15625    515395.15625    773117.578125
  1030857.578125  1288550.15625   1546290.15625   1804055.
  2061795.        2319577.421875  2577370.15625   2835170.15625
  3092987.734375  3350812.578125  3608672.578125  3866515.
  4124405.15625   4382290.        4640210.        4898130.
  5156085.15625   5414047.578125  5672045.15625   5930072.578125
  6188095.        6446152.578125  6704235.        6962352.578125
  7220487.734375  7478630.15625   7736832.578125  7995052.578125
  8253277.578125  8511575.15625  10061925.15625  10320470.
 10579007.578125 10837610.15625  11096232.578125 11354920.
 11613655.15625  11872420.15625  12131240.15625  12390107.578125
 12649005.15625  12907950.15625  13166962.421875 13426032.734375
 13685157.734375 13944325.15625  14203552.578125 14462840.
 14722175.15625  14981582.578125 15241050.       15500577.421875
 15760192.734375 16019857.734375 16279595.       16539397.578125
 16799277.734375 17059207.578125 17319237.578125 17579322.578125
 17839502.734375 18099737.578125 18360080.15625  18620512.578125
 18880987.421875 19141545.15625  19402252.734375 19662967.578125
 19923837.578125 20706862.578125 20967990.15625  21229267.578125
 21490635.15625  21752045.15625  22013575.15625  22275170.15625
 22536862.578125 22798615.       23060450.       23322357.578125
 23584330.15625  23846387.578125 24108500.       24370677.421875
 24632907.578125 24895200.       25157532.578125 25419907.578125
 25682317.734375 25944735.15625  26207195.       26469677.734375]
You must install the tqdm library to use progress indicators with emcee
Acceptance ratio
 [0.34325   0.3488875 0.3401125 0.3432875 0.3484125 0.3507875 0.3412875
 0.3412125 0.346075  0.345775  0.3440375 0.3363625 0.3356    0.340925
 0.3373375 0.347675  0.3468    0.3363875 0.3351125 0.3415625 0.3428375
 0.34445   0.3444125 0.3429875 0.33815   0.3468375 0.3434    0.3355625
 0.3421125 0.3453    0.3394    0.3443625 0.336075  0.3479625 0.3386625
 0.3448    0.3395375 0.343825  0.3393125 0.3443625 0.344675  0.3432125
 0.3445625 0.34775   0.3454875 0.3454    0.3459375 0.3503    0.33925
 0.3430125 0.34265   0.3437875 0.34605   0.340825  0.3450375 0.3437875
 0.3428875 0.3457125 0.337875  0.339825  0.3386    0.3398625 0.345825
 0.34475   0.341925  0.3396625 0.3387875 0.33985   0.3443    0.339175
 0.3402125 0.3470875 0.341525  0.3404125 0.3365    0.3402125 0.343225
 0.3379625 0.3412625 0.341875  0.3473375 0.342375  0.344775  0.338525
 0.3414625 0.34275   0.3437375 0.3500125 0.3425    0.3474    0.3448625
 0.332475  0.3428875 0.345475  0.3390625 0.3372    0.3363875 0.3441875
 0.3433875 0.3378125 0.347475  0.3412875 0.3402    0.3403875 0.3407375
 0.3400625 0.3440125 0.3476125 0.3421625 0.346075  0.3348    0.3477375
 0.332625  0.3405375 0.342725  0.3391375 0.3415625 0.33935   0.3393125
 0.3439875 0.34155   0.3510875 0.347875  0.343875  0.341775  0.3477625
 0.3363625 0.342025  0.3424375 0.3366625 0.3494    0.3438875 0.3462625
 0.341175  0.3405125 0.343675  0.347125  0.341     0.3409625 0.3434625
 0.3487375 0.3331125 0.3397625 0.337025  0.346275  0.3383375 0.3448875
 0.348075  0.341725  0.350775  0.3381625 0.341575  0.3479625 0.3436125
 0.346225  0.3413125 0.336875  0.3474375 0.3471    0.3401125 0.3414
 0.33795   0.3462625 0.3397625 0.3386125 0.339625  0.3379875 0.3431
 0.3440625 0.3417625 0.3418625 0.343275  0.340725  0.34125   0.3420875
 0.332275  0.3507875 0.3400875 0.340375  0.3426375 0.3365    0.340075
 0.3418625 0.340025  0.347225  0.3417125 0.33665   0.3454625 0.339675
 0.3394375 0.3412125 0.345725  0.3393125 0.3393375 0.342225  0.340475
 0.3417625 0.347275  0.346975  0.340775  0.3473125 0.341975  0.346425
 0.3455625 0.3444125 0.3422    0.3419625 0.3376625 0.3381    0.3434125
 0.3419625 0.342375  0.3426875 0.3422375 0.3431625 0.345425  0.3437625
 0.3423    0.3424    0.3437875 0.34975   0.343025  0.343425  0.349175
 0.3410875 0.3485125 0.3461375 0.3382375 0.3438125 0.341325  0.3443
 0.344575  0.3414625 0.33865   0.33775   0.3406375 0.3394375 0.3429625
 0.3425375 0.3410375 0.3345625 0.3485125 0.3419375 0.3504    0.3434
 0.3447125 0.34235   0.3362625 0.3389625 0.347025  0.3389    0.3386875
 0.33865   0.3465875 0.3411    0.34285  ]
[0.34325   0.3488875 0.3401125 0.3432875 0.3484125 0.3507875 0.3412875
 0.3412125 0.346075  0.345775  0.3440375 0.3363625 0.3356    0.340925
 0.3373375 0.347675  0.3468    0.3363875 0.3351125 0.3415625 0.3428375
 0.34445   0.3444125 0.3429875 0.33815   0.3468375 0.3434    0.3355625
 0.3421125 0.3453    0.3394    0.3443625 0.336075  0.3479625 0.3386625
 0.3448    0.3395375 0.343825  0.3393125 0.3443625 0.344675  0.3432125
 0.3445625 0.34775   0.3454875 0.3454    0.3459375 0.3503    0.33925
 0.3430125 0.34265   0.3437875 0.34605   0.340825  0.3450375 0.3437875
 0.3428875 0.3457125 0.337875  0.339825  0.3386    0.3398625 0.345825
 0.34475   0.341925  0.3396625 0.3387875 0.33985   0.3443    0.339175
 0.3402125 0.3470875 0.341525  0.3404125 0.3365    0.3402125 0.343225
 0.3379625 0.3412625 0.341875  0.3473375 0.342375  0.344775  0.338525
 0.3414625 0.34275   0.3437375 0.3500125 0.3425    0.3474    0.3448625
 0.332475  0.3428875 0.345475  0.3390625 0.3372    0.3363875 0.3441875
 0.3433875 0.3378125 0.347475  0.3412875 0.3402    0.3403875 0.3407375
 0.3400625 0.3440125 0.3476125 0.3421625 0.346075  0.3348    0.3477375
 0.332625  0.3405375 0.342725  0.3391375 0.3415625 0.33935   0.3393125
 0.3439875 0.34155   0.3510875 0.347875  0.343875  0.341775  0.3477625
 0.3363625 0.342025  0.3424375 0.3366625 0.3494    0.3438875 0.3462625
 0.341175  0.3405125 0.343675  0.347125  0.341     0.3409625 0.3434625
 0.3487375 0.3331125 0.3397625 0.337025  0.346275  0.3383375 0.3448875
 0.348075  0.341725  0.350775  0.3381625 0.341575  0.3479625 0.3436125
 0.346225  0.3413125 0.336875  0.3474375 0.3471    0.3401125 0.3414
 0.33795   0.3462625 0.3397625 0.3386125 0.339625  0.3379875 0.3431
 0.3440625 0.3417625 0.3418625 0.343275  0.340725  0.34125   0.3420875
 0.332275  0.3507875 0.3400875 0.340375  0.3426375 0.3365    0.340075
 0.3418625 0.340025  0.347225  0.3417125 0.33665   0.3454625 0.339675
 0.3394375 0.3412125 0.345725  0.3393125 0.3393375 0.342225  0.340475
 0.3417625 0.347275  0.346975  0.340775  0.3473125 0.341975  0.346425
 0.3455625 0.3444125 0.3422    0.3419625 0.3376625 0.3381    0.3434125
 0.3419625 0.342375  0.3426875 0.3422375 0.3431625 0.345425  0.3437625
 0.3423    0.3424    0.3437875 0.34975   0.343025  0.343425  0.349175
 0.3410875 0.3485125 0.3461375 0.3382375 0.3438125 0.341325  0.3443
 0.344575  0.3414625 0.33865   0.33775   0.3406375 0.3394375 0.3429625
 0.3425375 0.3410375 0.3345625 0.3485125 0.3419375 0.3504    0.3434
 0.3447125 0.34235   0.3362625 0.3389625 0.347025  0.3389    0.3386875
 0.33865   0.3465875 0.3411    0.34285  ]
burn-in: 1785

thin: 79

flat chain shape: (253440, 8)

flat log prob shape: (253440,)

Samples saved to Result with source localization/Result_mod_eecen_4.txt
