created virtual environment CPython3.10.13.final.0-64 in 1194ms
  creator CPython3Posix(dest=/localscratch/ragrawal.39397706.0/env, clear=False, no_vcs_ignore=False, global=False)
  seeder FromAppData(download=False, pip=bundle, setuptools=bundle, wheel=bundle, via=copy, app_data_dir=/home/ragrawal/.local/share/virtualenv)
    added seed packages: pip==24.1.2, setuptools==70.3.0, wheel==0.43.0
  activators BashActivator,CShellActivator,FishActivator,NushellActivator,PowerShellActivator,PythonActivator
Looking in links: /cvmfs/soft.computecanada.ca/custom/python/wheelhouse/gentoo2023/x86-64-v3, /cvmfs/soft.computecanada.ca/custom/python/wheelhouse/gentoo2023/generic, /cvmfs/soft.computecanada.ca/custom/python/wheelhouse/generic
Requirement already satisfied: pip in /localscratch/ragrawal.39397706.0/env/lib/python3.10/site-packages (24.1.2)
Looking in links: /cvmfs/soft.computecanada.ca/custom/python/wheelhouse/gentoo2023/x86-64-v3, /cvmfs/soft.computecanada.ca/custom/python/wheelhouse/gentoo2023/generic, /cvmfs/soft.computecanada.ca/custom/python/wheelhouse/generic
Processing /cvmfs/soft.computecanada.ca/custom/python/wheelhouse/gentoo2023/generic/contourpy-1.2.1+computecanada-cp310-cp310-linux_x86_64.whl (from -r requirements.txt (line 1))
Processing /cvmfs/soft.computecanada.ca/custom/python/wheelhouse/generic/corner-2.2.1+computecanada-py3-none-any.whl (from -r requirements.txt (line 2))
Processing /cvmfs/soft.computecanada.ca/custom/python/wheelhouse/generic/cycler-0.12.1+computecanada-py3-none-any.whl (from -r requirements.txt (line 3))
Processing /cvmfs/soft.computecanada.ca/custom/python/wheelhouse/generic/emcee-3.1.4+computecanada-py2.py3-none-any.whl (from -r requirements.txt (line 4))
Processing /cvmfs/soft.computecanada.ca/custom/python/wheelhouse/generic/fonttools-4.53.0+computecanada-cp310-cp310-linux_x86_64.whl (from -r requirements.txt (line 5))
Processing /cvmfs/soft.computecanada.ca/custom/python/wheelhouse/gentoo2023/x86-64-v3/h5py-3.11.0+computecanada-cp310-cp310-linux_x86_64.whl (from -r requirements.txt (line 6))
Processing /cvmfs/soft.computecanada.ca/custom/python/wheelhouse/generic/joblib-1.4.2+computecanada-py3-none-any.whl (from -r requirements.txt (line 7))
Processing /cvmfs/soft.computecanada.ca/custom/python/wheelhouse/gentoo2023/x86-64-v3/kiwisolver-1.4.5+computecanada-cp310-cp310-linux_x86_64.whl (from -r requirements.txt (line 8))
Processing /cvmfs/soft.computecanada.ca/custom/python/wheelhouse/gentoo2023/x86-64-v3/matplotlib-3.9.0+computecanada-cp310-cp310-linux_x86_64.whl (from -r requirements.txt (line 9))
Processing /cvmfs/soft.computecanada.ca/custom/python/wheelhouse/gentoo2023/generic/numpy-1.26.4+computecanada-cp310-cp310-linux_x86_64.whl (from -r requirements.txt (line 10))
Processing /cvmfs/soft.computecanada.ca/custom/python/wheelhouse/generic/packaging-24.1+computecanada-py3-none-any.whl (from -r requirements.txt (line 11))
Processing /cvmfs/soft.computecanada.ca/custom/python/wheelhouse/gentoo2023/x86-64-v3/pandas-2.2.1+computecanada-cp310-cp310-linux_x86_64.whl (from -r requirements.txt (line 12))
Processing /cvmfs/soft.computecanada.ca/custom/python/wheelhouse/gentoo2023/x86-64-v3/pillow-10.3.0+computecanada-cp310-cp310-linux_x86_64.whl (from -r requirements.txt (line 13))
Processing /cvmfs/soft.computecanada.ca/custom/python/wheelhouse/generic/pyparsing-3.1.2+computecanada-py3-none-any.whl (from -r requirements.txt (line 14))
Processing /cvmfs/soft.computecanada.ca/custom/python/wheelhouse/generic/python_dateutil-2.9.0.post0+computecanada-py2.py3-none-any.whl (from -r requirements.txt (line 15))
Processing /cvmfs/soft.computecanada.ca/custom/python/wheelhouse/generic/pytz-2024.1+computecanada-py2.py3-none-any.whl (from -r requirements.txt (line 16))
Processing /cvmfs/soft.computecanada.ca/custom/python/wheelhouse/generic/schwimmbad-0.3.1+computecanada-py3-none-any.whl (from -r requirements.txt (line 17))
Processing /cvmfs/soft.computecanada.ca/custom/python/wheelhouse/gentoo2023/generic/scikit_learn-1.5.0+computecanada-cp310-cp310-linux_x86_64.whl (from -r requirements.txt (line 18))
Processing /cvmfs/soft.computecanada.ca/custom/python/wheelhouse/gentoo2023/generic/scipy-1.13.1+computecanada-cp310-cp310-linux_x86_64.whl (from -r requirements.txt (line 19))
Processing /cvmfs/soft.computecanada.ca/custom/python/wheelhouse/generic/six-1.16.0+computecanada-py2.py3-none-any.whl (from -r requirements.txt (line 20))
Processing /cvmfs/soft.computecanada.ca/custom/python/wheelhouse/generic/sklearn-0.0+computecanada-py2.py3-none-any.whl (from -r requirements.txt (line 21))
Processing /cvmfs/soft.computecanada.ca/custom/python/wheelhouse/generic/threadpoolctl-3.5.0+computecanada-py3-none-any.whl (from -r requirements.txt (line 22))
Processing /cvmfs/soft.computecanada.ca/custom/python/wheelhouse/generic/tzdata-2024.1+computecanada-py2.py3-none-any.whl (from -r requirements.txt (line 23))
Processing /cvmfs/soft.computecanada.ca/custom/python/wheelhouse/generic/asttokens-2.4.1+computecanada-py2.py3-none-any.whl (from -r requirements.txt (line 24))
Processing /cvmfs/soft.computecanada.ca/custom/python/wheelhouse/generic/decorator-5.1.1+computecanada-py3-none-any.whl (from -r requirements.txt (line 25))
Processing /cvmfs/soft.computecanada.ca/custom/python/wheelhouse/generic/exceptiongroup-1.2.1+computecanada-py3-none-any.whl (from -r requirements.txt (line 26))
Processing /cvmfs/soft.computecanada.ca/custom/python/wheelhouse/generic/executing-2.0.1+computecanada-py2.py3-none-any.whl (from -r requirements.txt (line 27))
Processing /cvmfs/soft.computecanada.ca/custom/python/wheelhouse/generic/ipython-8.25.0+computecanada-py3-none-any.whl (from -r requirements.txt (line 28))
Processing /cvmfs/soft.computecanada.ca/custom/python/wheelhouse/generic/jedi-0.19.1+computecanada-py2.py3-none-any.whl (from -r requirements.txt (line 29))
Processing /cvmfs/soft.computecanada.ca/custom/python/wheelhouse/generic/matplotlib_inline-0.1.7+computecanada-py3-none-any.whl (from -r requirements.txt (line 30))
Processing /cvmfs/soft.computecanada.ca/custom/python/wheelhouse/generic/parso-0.8.4+computecanada-py2.py3-none-any.whl (from -r requirements.txt (line 31))
Processing /cvmfs/soft.computecanada.ca/custom/python/wheelhouse/generic/pexpect-4.9.0+computecanada-py2.py3-none-any.whl (from -r requirements.txt (line 32))
Processing /cvmfs/soft.computecanada.ca/custom/python/wheelhouse/generic/prompt_toolkit-3.0.47+computecanada-py3-none-any.whl (from -r requirements.txt (line 33))
Processing /cvmfs/soft.computecanada.ca/custom/python/wheelhouse/generic/ptyprocess-0.7.0+computecanada-py2.py3-none-any.whl (from -r requirements.txt (line 34))
Processing /cvmfs/soft.computecanada.ca/custom/python/wheelhouse/generic/pure_eval-0.2.2+computecanada-py3-none-any.whl (from -r requirements.txt (line 35))
Processing /cvmfs/soft.computecanada.ca/custom/python/wheelhouse/generic/pygments-2.18.0+computecanada-py3-none-any.whl (from -r requirements.txt (line 36))
Processing /cvmfs/soft.computecanada.ca/custom/python/wheelhouse/generic/stack_data-0.6.3+computecanada-py3-none-any.whl (from -r requirements.txt (line 38))
Processing /cvmfs/soft.computecanada.ca/custom/python/wheelhouse/generic/traitlets-5.14.3+computecanada-py3-none-any.whl (from -r requirements.txt (line 39))
Processing /cvmfs/soft.computecanada.ca/custom/python/wheelhouse/generic/typing_extensions-4.12.2+computecanada-py3-none-any.whl (from -r requirements.txt (line 40))
Processing /cvmfs/soft.computecanada.ca/custom/python/wheelhouse/generic/wcwidth-0.2.13+computecanada-py2.py3-none-any.whl (from -r requirements.txt (line 41))
Installing collected packages: wcwidth, pytz, pure_eval, ptyprocess, tzdata, typing_extensions, traitlets, threadpoolctl, six, schwimmbad, pyparsing, pygments, prompt_toolkit, pillow, pexpect, parso, packaging, numpy, kiwisolver, joblib, fonttools, executing, exceptiongroup, decorator, cycler, scipy, python_dateutil, matplotlib_inline, jedi, h5py, emcee, contourpy, asttokens, stack_data, scikit_learn, pandas, matplotlib, sklearn, ipython, corner
Successfully installed asttokens-2.4.1+computecanada contourpy-1.2.1+computecanada corner-2.2.1+computecanada cycler-0.12.1+computecanada decorator-5.1.1+computecanada emcee-3.1.4+computecanada exceptiongroup-1.2.1+computecanada executing-2.0.1+computecanada fonttools-4.53.0+computecanada h5py-3.11.0+computecanada ipython-8.25.0+computecanada jedi-0.19.1+computecanada joblib-1.4.2+computecanada kiwisolver-1.4.5+computecanada matplotlib-3.9.0+computecanada matplotlib_inline-0.1.7+computecanada numpy-1.26.4+computecanada packaging-24.1+computecanada pandas-2.2.1+computecanada parso-0.8.4+computecanada pexpect-4.9.0+computecanada pillow-10.3.0+computecanada prompt_toolkit-3.0.47+computecanada ptyprocess-0.7.0+computecanada pure_eval-0.2.2+computecanada pygments-2.18.0+computecanada pyparsing-3.1.2+computecanada python_dateutil-2.9.0.post0+computecanada pytz-2024.1+computecanada schwimmbad-0.3.1+computecanada scikit_learn-1.5.0+computecanada scipy-1.13.1+computecanada six-1.16.0+computecanada sklearn-0.0+computecanada stack_data-0.6.3+computecanada threadpoolctl-3.5.0+computecanada traitlets-5.14.3+computecanada typing_extensions-4.12.2+computecanada tzdata-2024.1+computecanada wcwidth-0.2.13+computecanada
It is for cycle
 1
[       0.           211469.58557985   422886.98144805   634247.77988143
   845547.67846001  1056782.48276711  1267948.10978113  1479040.5920495
  1690056.08273594  1900990.86163339  2111841.34223601  2322604.07996451
  2533275.78163939  2743853.31629595  2954333.72743301  3164714.24678334
  3374992.30968757  3585165.572144    3795231.92959354  4005189.53748105
  4215036.83361107  4424772.5622859   4634395.80017642  4843905.98383004
  5053302.93866483  5262586.90923291  5471758.59046015  5680819.159482
  5889770.3075981   6098614.2717618   6307353.86490805  6515992.50430631
  6724534.23701007  6932983.76136669  7141346.44345842  7349628.3272763
  7557836.13739347  7765977.27291382  7974059.79153567  8182092.38269842
  8390084.32897864  8598045.45517485  8805986.06486489  9013916.86462882
  9221848.87658881  9429793.34040479  9637761.60635354  9845765.02157798
 10053814.81199021 10261921.96261491 10470097.09934164 10678350.37509764
 10886691.36334735 11095128.96157531 11303671.30702931 11512325.70651707
 11721098.58149447 11929995.42909438 12139020.79916041 12348178.28680359
 12557470.53952225 12766899.27753494 12976465.32568814 13186168.6551144
 13396008.43273194 13605983.07668001 13816090.3158637  14026327.25191877
 14236690.42208604 14447175.86168858 14657779.16512003 14868495.544466
 15079319.88508478 15290246.7976607  15501270.66641016 15712385.69326421
 15923585.93797187 16134865.35416629 16346217.82151282 16557637.17411608
 16769117.22540467 16980651.78974017 17192234.70101276 17403859.82849341
 17615521.09021164 17827212.46412254 18038927.99731691 18250661.81351574
 18462408.11907674 18674161.20772508 18885915.46420613 19097665.36704262
 19309405.49056505 19521130.50637078 19732835.18435526 19944514.39344819
 20156163.1021776  20367776.37917693 20579349.39374308 20790877.41654752]
You must install the tqdm library to use progress indicators with emcee
WARNING:root:Too few points to create valid contours
WARNING:root:Too few points to create valid contours
WARNING:root:Too few points to create valid contours
WARNING:root:Too few points to create valid contours
WARNING:root:Too few points to create valid contours
WARNING:root:Too few points to create valid contours
WARNING:root:Too few points to create valid contours
WARNING:root:Too few points to create valid contours
WARNING:root:Too few points to create valid contours
WARNING:root:Too few points to create valid contours
WARNING:root:Too few points to create valid contours
WARNING:root:Too few points to create valid contours
WARNING:root:Too few points to create valid contours
WARNING:root:Too few points to create valid contours
WARNING:root:Too few points to create valid contours
Acceptance ratio
 [0.10658 0.08028 0.08456 0.06096 0.06928 0.09822 0.08784 0.05574 0.09736
 0.0959  0.0605  0.09662 0.10784 0.09456 0.11074 0.07104 0.10582 0.09374
 0.08902 0.10278 0.05964 0.08494 0.0882  0.10818 0.07696 0.09874 0.07742
 0.06842 0.09862 0.1004  0.08762 0.0989  0.04704 0.11074 0.08534 0.09414
 0.08996 0.0813  0.09034 0.07208 0.10394 0.07364 0.09512 0.10188 0.10866
 0.09924 0.11152 0.10132 0.09448 0.07078 0.09022 0.08064 0.09646 0.06556
 0.10614 0.0785  0.10146 0.09832 0.09362 0.09194 0.10824 0.10382 0.05962
 0.09202 0.09786 0.09772 0.06756 0.11008 0.08682 0.10588 0.10136 0.10776
 0.10356 0.07618 0.08064 0.10514 0.10508 0.09266 0.0772  0.10032 0.08142
 0.0724  0.08412 0.10076 0.08572 0.09976 0.09268 0.10042 0.09438 0.07956
 0.10506 0.0915  0.06034 0.08334 0.0957  0.06124 0.1035  0.0733  0.06504
 0.07922 0.08852 0.10822 0.1088  0.08844 0.10412 0.08984 0.07902 0.08544
 0.07044 0.1096  0.09044 0.09376 0.06678 0.06856 0.09574 0.106   0.107
 0.08772 0.10276 0.1122  0.0707  0.09926 0.05994 0.1035  0.0808  0.08016
 0.09062 0.0882  0.0844  0.09502 0.09824 0.1055  0.07826 0.05814 0.08042
 0.0962  0.10234 0.08198 0.08226 0.10192 0.08646 0.07002 0.08572 0.03678
 0.10386 0.11162 0.09396 0.10762 0.09038 0.09648 0.06814 0.084   0.09328
 0.10114 0.08198 0.0999  0.07604 0.08528 0.10794 0.0091  0.09454 0.08592
 0.10534 0.08594 0.09954 0.06072 0.09312 0.09772 0.0899  0.10678 0.11206
 0.10018 0.1072  0.0489  0.09408 0.08732 0.06486 0.10894 0.08824 0.10504
 0.0949  0.0858  0.09172 0.08432 0.09952 0.1039  0.09066 0.06234 0.07724
 0.07878 0.09412 0.07918 0.10808 0.05384 0.09884 0.09164 0.07922 0.1054
 0.08148 0.10638 0.0953  0.09394 0.1046  0.10148 0.08984 0.09714 0.09738
 0.0941  0.06842 0.07518 0.06318 0.06804 0.00174 0.09736 0.08644 0.0832
 0.08772 0.07218 0.09378 0.09964 0.05452 0.0773  0.09256 0.0544  0.10728
 0.089   0.1066  0.05238 0.11116 0.0889  0.10208 0.10194 0.09698 0.1
 0.08564 0.09976 0.10086 0.05888 0.10192 0.07838 0.085   0.0972  0.08018
 0.09316 0.09396 0.06026 0.09126 0.08394 0.0693  0.09144 0.09624 0.09426
 0.09736 0.09544 0.10622 0.10392]
Error calculating autocorrelation time: The chain is shorter than 50 times the integrated autocorrelation time for 8 parameter(s). Use this estimate with caution and run a longer chain!
N/50 = 1000;
tau: [1242.25100796 1145.36023949 1078.83013664 1307.9538614  1227.17947453
 1175.69454902 4319.15969865 4590.56182431]
Error calculating autocorrelation time: The chain is shorter than 50 times the integrated autocorrelation time for 8 parameter(s). Use this estimate with caution and run a longer chain!
N/50 = 1000;
tau: [1242.25100796 1145.36023949 1078.83013664 1307.9538614  1227.17947453
 1175.69454902 4319.15969865 4590.56182431]
[0.10658 0.08028 0.08456 0.06096 0.06928 0.09822 0.08784 0.05574 0.09736
 0.0959  0.0605  0.09662 0.10784 0.09456 0.11074 0.07104 0.10582 0.09374
 0.08902 0.10278 0.05964 0.08494 0.0882  0.10818 0.07696 0.09874 0.07742
 0.06842 0.09862 0.1004  0.08762 0.0989  0.04704 0.11074 0.08534 0.09414
 0.08996 0.0813  0.09034 0.07208 0.10394 0.07364 0.09512 0.10188 0.10866
 0.09924 0.11152 0.10132 0.09448 0.07078 0.09022 0.08064 0.09646 0.06556
 0.10614 0.0785  0.10146 0.09832 0.09362 0.09194 0.10824 0.10382 0.05962
 0.09202 0.09786 0.09772 0.06756 0.11008 0.08682 0.10588 0.10136 0.10776
 0.10356 0.07618 0.08064 0.10514 0.10508 0.09266 0.0772  0.10032 0.08142
 0.0724  0.08412 0.10076 0.08572 0.09976 0.09268 0.10042 0.09438 0.07956
 0.10506 0.0915  0.06034 0.08334 0.0957  0.06124 0.1035  0.0733  0.06504
 0.07922 0.08852 0.10822 0.1088  0.08844 0.10412 0.08984 0.07902 0.08544
 0.07044 0.1096  0.09044 0.09376 0.06678 0.06856 0.09574 0.106   0.107
 0.08772 0.10276 0.1122  0.0707  0.09926 0.05994 0.1035  0.0808  0.08016
 0.09062 0.0882  0.0844  0.09502 0.09824 0.1055  0.07826 0.05814 0.08042
 0.0962  0.10234 0.08198 0.08226 0.10192 0.08646 0.07002 0.08572 0.03678
 0.10386 0.11162 0.09396 0.10762 0.09038 0.09648 0.06814 0.084   0.09328
 0.10114 0.08198 0.0999  0.07604 0.08528 0.10794 0.0091  0.09454 0.08592
 0.10534 0.08594 0.09954 0.06072 0.09312 0.09772 0.0899  0.10678 0.11206
 0.10018 0.1072  0.0489  0.09408 0.08732 0.06486 0.10894 0.08824 0.10504
 0.0949  0.0858  0.09172 0.08432 0.09952 0.1039  0.09066 0.06234 0.07724
 0.07878 0.09412 0.07918 0.10808 0.05384 0.09884 0.09164 0.07922 0.1054
 0.08148 0.10638 0.0953  0.09394 0.1046  0.10148 0.08984 0.09714 0.09738
 0.0941  0.06842 0.07518 0.06318 0.06804 0.00174 0.09736 0.08644 0.0832
 0.08772 0.07218 0.09378 0.09964 0.05452 0.0773  0.09256 0.0544  0.10728
 0.089   0.1066  0.05238 0.11116 0.0889  0.10208 0.10194 0.09698 0.1
 0.08564 0.09976 0.10086 0.05888 0.10192 0.07838 0.085   0.0972  0.08018
 0.09316 0.09396 0.06026 0.09126 0.08394 0.0693  0.09144 0.09624 0.09426
 0.09736 0.09544 0.10622 0.10392]
burn-in: 4000

thin: 200

flat chain shape: (58880, 8)

flat log prob shape: (58880,)

Samples saved to Results_for_time_req/one_complete_cycle.txt
