created virtual environment CPython3.10.13.final.0-64 in 1812ms
  creator CPython3Posix(dest=/localscratch/ragrawal.38573091.0/env, clear=False, no_vcs_ignore=False, global=False)
  seeder FromAppData(download=False, pip=bundle, setuptools=bundle, wheel=bundle, via=copy, app_data_dir=/home/ragrawal/.local/share/virtualenv)
    added seed packages: pip==24.1.2, setuptools==70.2.0, wheel==0.43.0
  activators BashActivator,CShellActivator,FishActivator,NushellActivator,PowerShellActivator,PythonActivator
Looking in links: /cvmfs/soft.computecanada.ca/custom/python/wheelhouse/gentoo2023/x86-64-v3, /cvmfs/soft.computecanada.ca/custom/python/wheelhouse/gentoo2023/generic, /cvmfs/soft.computecanada.ca/custom/python/wheelhouse/generic
Requirement already satisfied: pip in /localscratch/ragrawal.38573091.0/env/lib/python3.10/site-packages (24.1.2)
Looking in links: /cvmfs/soft.computecanada.ca/custom/python/wheelhouse/gentoo2023/x86-64-v3, /cvmfs/soft.computecanada.ca/custom/python/wheelhouse/gentoo2023/generic, /cvmfs/soft.computecanada.ca/custom/python/wheelhouse/generic
Processing /cvmfs/soft.computecanada.ca/custom/python/wheelhouse/gentoo2023/generic/contourpy-1.2.1+computecanada-cp310-cp310-linux_x86_64.whl (from -r requirements.txt (line 1))
Processing /cvmfs/soft.computecanada.ca/custom/python/wheelhouse/generic/corner-2.2.1+computecanada-py3-none-any.whl (from -r requirements.txt (line 2))
Processing /cvmfs/soft.computecanada.ca/custom/python/wheelhouse/generic/cycler-0.12.1+computecanada-py3-none-any.whl (from -r requirements.txt (line 3))
Processing /cvmfs/soft.computecanada.ca/custom/python/wheelhouse/generic/emcee-3.1.4+computecanada-py2.py3-none-any.whl (from -r requirements.txt (line 4))
Processing /cvmfs/soft.computecanada.ca/custom/python/wheelhouse/generic/fonttools-4.53.0+computecanada-cp310-cp310-linux_x86_64.whl (from -r requirements.txt (line 5))
Processing /cvmfs/soft.computecanada.ca/custom/python/wheelhouse/gentoo2023/x86-64-v3/h5py-3.11.0+computecanada-cp310-cp310-linux_x86_64.whl (from -r requirements.txt (line 6))
Processing /cvmfs/soft.computecanada.ca/custom/python/wheelhouse/generic/joblib-1.4.2+computecanada-py3-none-any.whl (from -r requirements.txt (line 7))
Processing /cvmfs/soft.computecanada.ca/custom/python/wheelhouse/gentoo2023/x86-64-v3/kiwisolver-1.4.5+computecanada-cp310-cp310-linux_x86_64.whl (from -r requirements.txt (line 8))
Processing /cvmfs/soft.computecanada.ca/custom/python/wheelhouse/gentoo2023/x86-64-v3/matplotlib-3.9.0+computecanada-cp310-cp310-linux_x86_64.whl (from -r requirements.txt (line 9))
Processing /cvmfs/soft.computecanada.ca/custom/python/wheelhouse/gentoo2023/generic/numpy-1.26.4+computecanada-cp310-cp310-linux_x86_64.whl (from -r requirements.txt (line 10))
Processing /cvmfs/soft.computecanada.ca/custom/python/wheelhouse/generic/packaging-24.1+computecanada-py3-none-any.whl (from -r requirements.txt (line 11))
Processing /cvmfs/soft.computecanada.ca/custom/python/wheelhouse/gentoo2023/x86-64-v3/pandas-2.2.1+computecanada-cp310-cp310-linux_x86_64.whl (from -r requirements.txt (line 12))
Processing /cvmfs/soft.computecanada.ca/custom/python/wheelhouse/gentoo2023/x86-64-v3/pillow-10.3.0+computecanada-cp310-cp310-linux_x86_64.whl (from -r requirements.txt (line 13))
Processing /cvmfs/soft.computecanada.ca/custom/python/wheelhouse/generic/pyparsing-3.1.2+computecanada-py3-none-any.whl (from -r requirements.txt (line 14))
Processing /cvmfs/soft.computecanada.ca/custom/python/wheelhouse/generic/python_dateutil-2.9.0.post0+computecanada-py2.py3-none-any.whl (from -r requirements.txt (line 15))
Processing /cvmfs/soft.computecanada.ca/custom/python/wheelhouse/generic/pytz-2024.1+computecanada-py2.py3-none-any.whl (from -r requirements.txt (line 16))
Processing /cvmfs/soft.computecanada.ca/custom/python/wheelhouse/generic/schwimmbad-0.3.1+computecanada-py3-none-any.whl (from -r requirements.txt (line 17))
Processing /cvmfs/soft.computecanada.ca/custom/python/wheelhouse/gentoo2023/generic/scikit_learn-1.5.0+computecanada-cp310-cp310-linux_x86_64.whl (from -r requirements.txt (line 18))
Processing /cvmfs/soft.computecanada.ca/custom/python/wheelhouse/gentoo2023/generic/scipy-1.13.1+computecanada-cp310-cp310-linux_x86_64.whl (from -r requirements.txt (line 19))
Processing /cvmfs/soft.computecanada.ca/custom/python/wheelhouse/generic/six-1.16.0+computecanada-py2.py3-none-any.whl (from -r requirements.txt (line 20))
Processing /cvmfs/soft.computecanada.ca/custom/python/wheelhouse/generic/sklearn-0.0+computecanada-py2.py3-none-any.whl (from -r requirements.txt (line 21))
Processing /cvmfs/soft.computecanada.ca/custom/python/wheelhouse/generic/threadpoolctl-3.5.0+computecanada-py3-none-any.whl (from -r requirements.txt (line 22))
Processing /cvmfs/soft.computecanada.ca/custom/python/wheelhouse/generic/tzdata-2024.1+computecanada-py2.py3-none-any.whl (from -r requirements.txt (line 23))
Processing /cvmfs/soft.computecanada.ca/custom/python/wheelhouse/generic/asttokens-2.4.1+computecanada-py2.py3-none-any.whl (from -r requirements.txt (line 24))
Processing /cvmfs/soft.computecanada.ca/custom/python/wheelhouse/generic/decorator-5.1.1+computecanada-py3-none-any.whl (from -r requirements.txt (line 25))
Processing /cvmfs/soft.computecanada.ca/custom/python/wheelhouse/generic/exceptiongroup-1.2.1+computecanada-py3-none-any.whl (from -r requirements.txt (line 26))
Processing /cvmfs/soft.computecanada.ca/custom/python/wheelhouse/generic/executing-2.0.1+computecanada-py2.py3-none-any.whl (from -r requirements.txt (line 27))
Processing /cvmfs/soft.computecanada.ca/custom/python/wheelhouse/generic/ipython-8.25.0+computecanada-py3-none-any.whl (from -r requirements.txt (line 28))
Processing /cvmfs/soft.computecanada.ca/custom/python/wheelhouse/generic/jedi-0.19.1+computecanada-py2.py3-none-any.whl (from -r requirements.txt (line 29))
Processing /cvmfs/soft.computecanada.ca/custom/python/wheelhouse/generic/matplotlib_inline-0.1.7+computecanada-py3-none-any.whl (from -r requirements.txt (line 30))
Processing /cvmfs/soft.computecanada.ca/custom/python/wheelhouse/generic/parso-0.8.4+computecanada-py2.py3-none-any.whl (from -r requirements.txt (line 31))
Processing /cvmfs/soft.computecanada.ca/custom/python/wheelhouse/generic/pexpect-4.9.0+computecanada-py2.py3-none-any.whl (from -r requirements.txt (line 32))
Processing /cvmfs/soft.computecanada.ca/custom/python/wheelhouse/generic/prompt_toolkit-3.0.47+computecanada-py3-none-any.whl (from -r requirements.txt (line 33))
Processing /cvmfs/soft.computecanada.ca/custom/python/wheelhouse/generic/ptyprocess-0.7.0+computecanada-py2.py3-none-any.whl (from -r requirements.txt (line 34))
Processing /cvmfs/soft.computecanada.ca/custom/python/wheelhouse/generic/pure_eval-0.2.2+computecanada-py3-none-any.whl (from -r requirements.txt (line 35))
Processing /cvmfs/soft.computecanada.ca/custom/python/wheelhouse/generic/pygments-2.18.0+computecanada-py3-none-any.whl (from -r requirements.txt (line 36))
Processing /cvmfs/soft.computecanada.ca/custom/python/wheelhouse/generic/stack_data-0.6.3+computecanada-py3-none-any.whl (from -r requirements.txt (line 38))
Processing /cvmfs/soft.computecanada.ca/custom/python/wheelhouse/generic/traitlets-5.14.3+computecanada-py3-none-any.whl (from -r requirements.txt (line 39))
Processing /cvmfs/soft.computecanada.ca/custom/python/wheelhouse/generic/typing_extensions-4.12.2+computecanada-py3-none-any.whl (from -r requirements.txt (line 40))
Processing /cvmfs/soft.computecanada.ca/custom/python/wheelhouse/generic/wcwidth-0.2.13+computecanada-py2.py3-none-any.whl (from -r requirements.txt (line 41))
Installing collected packages: wcwidth, pytz, pure_eval, ptyprocess, tzdata, typing_extensions, traitlets, threadpoolctl, six, schwimmbad, pyparsing, pygments, prompt_toolkit, pillow, pexpect, parso, packaging, numpy, kiwisolver, joblib, fonttools, executing, exceptiongroup, decorator, cycler, scipy, python_dateutil, matplotlib_inline, jedi, h5py, emcee, contourpy, asttokens, stack_data, scikit_learn, pandas, matplotlib, sklearn, ipython, corner
Successfully installed asttokens-2.4.1+computecanada contourpy-1.2.1+computecanada corner-2.2.1+computecanada cycler-0.12.1+computecanada decorator-5.1.1+computecanada emcee-3.1.4+computecanada exceptiongroup-1.2.1+computecanada executing-2.0.1+computecanada fonttools-4.53.0+computecanada h5py-3.11.0+computecanada ipython-8.25.0+computecanada jedi-0.19.1+computecanada joblib-1.4.2+computecanada kiwisolver-1.4.5+computecanada matplotlib-3.9.0+computecanada matplotlib_inline-0.1.7+computecanada numpy-1.26.4+computecanada packaging-24.1+computecanada pandas-2.2.1+computecanada parso-0.8.4+computecanada pexpect-4.9.0+computecanada pillow-10.3.0+computecanada prompt_toolkit-3.0.47+computecanada ptyprocess-0.7.0+computecanada pure_eval-0.2.2+computecanada pygments-2.18.0+computecanada pyparsing-3.1.2+computecanada python_dateutil-2.9.0.post0+computecanada pytz-2024.1+computecanada schwimmbad-0.3.1+computecanada scikit_learn-1.5.0+computecanada scipy-1.13.1+computecanada six-1.16.0+computecanada sklearn-0.0+computecanada stack_data-0.6.3+computecanada threadpoolctl-3.5.0+computecanada traitlets-5.14.3+computecanada typing_extensions-4.12.2+computecanada tzdata-2024.1+computecanada wcwidth-0.2.13+computecanada
[       0.        2318930.        2576645.15625   2834325.15625
  3092047.578125  3349787.578125  3607480.15625   3865220.15625
  4122985.        4380725.        4638507.421875  4896300.15625
  5154100.15625   5411917.734375  5669742.578125  5927602.578125
  6185445.        6443335.15625   6701220.        6959140.
  7217060.        7475015.15625   7732977.578125  7990975.15625
  8249002.578125  8507025.        8765082.578125  9023165.
  9281282.578125  9539417.734375  9797560.15625  10055762.578125
 10313982.578125 10572207.578125 10830505.15625  12380855.15625
 12639400.       12897937.578125 13156540.15625  13415162.578125
 13673850.       13932585.15625  14191350.15625  14450170.15625
 14709037.578125 14967935.15625  15226880.15625  15485892.421875
 15744962.734375 16004087.734375 16263255.15625  16522482.578125
 16781770.       17041105.15625  17300512.578125 17559980.
 17819507.421875 18079122.734375 18338787.734375 18598525.
 18858327.578125 19118207.734375 19378137.578125 19638167.578125
 19898252.578125 20158432.734375 20418667.578125 20679010.15625
 20939442.578125 21199917.421875 21460475.15625  21721182.734375
 21981897.578125 22242767.578125 23025792.578125 23286920.15625
 23548197.578125 23809565.15625  24070975.15625  24332505.15625
 24594100.15625  24855792.578125 25117545.       25379380.
 25641287.578125 25903260.15625  26165317.578125 26427430.
 26689607.421875 26951837.578125 27214130.       27476462.578125
 27738837.578125 28001247.734375 28263665.15625  28526125.
 28788607.734375]
You must install the tqdm library to use progress indicators with emcee
WARNING:root:Too few points to create valid contours
WARNING:root:Too few points to create valid contours
WARNING:root:Too few points to create valid contours
WARNING:root:Too few points to create valid contours
WARNING:root:Too few points to create valid contours
WARNING:root:Too few points to create valid contours
WARNING:root:Too few points to create valid contours
Acceptance ratio
 [0.17054 0.16204 0.16308 0.17182 0.1624  0.1662  0.1595  0.15488 0.14182
 0.1229  0.15418 0.11882 0.18202 0.1553  0.1644  0.16354 0.00308 0.16894
 0.17198 0.17454 0.16986 0.18324 0.1127  0.1754  0.1665  0.17388 0.11444
 0.13136 0.14766 0.1654  0.15288 0.10434 0.17006 0.17348 0.1622  0.16598
 0.17016 0.15812 0.18126 0.1589  0.17438 0.15394 0.16542 0.16188 0.17112
 0.15834 0.1244  0.1696  0.11596 0.15444 0.16202 0.16182 0.1724  0.16716
 0.16616 0.15332 0.1748  0.14472 0.11594 0.15564 0.11986 0.15766 0.16542
 0.1669  0.17604 0.1507  0.15496 0.14914 0.17336 0.09258 0.17144 0.15164
 0.1559  0.15928 0.16102 0.10114 0.16216 0.1721  0.17206 0.13398 0.16394
 0.11282 0.15674 0.15956 0.14918 0.16598 0.16248 0.14656 0.16488 0.15934
 0.16044 0.16556 0.16012 0.15318 0.17076 0.16958 0.16596 0.1464  0.17222
 0.17792 0.16218 0.1665  0.15986 0.15728 0.16222 0.16488 0.15588 0.16032
 0.1593  0.17658 0.16868 0.17296 0.17234 0.11638 0.15    0.00866 0.15832
 0.15624 0.17598 0.17004 0.16776 0.16614 0.15758 0.16424 0.1594  0.15094
 0.15182 0.14194 0.1718  0.1519  0.12974 0.1606  0.17986 0.1682  0.16126
 0.17128 0.16276 0.15232 0.10622 0.16522 0.16114 0.16742 0.15484 0.15608
 0.1774  0.15668 0.15686 0.1581  0.15846 0.17054 0.16942 0.16548 0.15146
 0.17088 0.17058 0.1723  0.16706 0.15598 0.16588 0.14836 0.11628 0.17172
 0.14526 0.16142 0.1611  0.14976 0.1585  0.16016 0.17466 0.1714  0.15834
 0.10714 0.16774 0.10518 0.15766 0.15702 0.1759  0.1706  0.13434 0.14386
 0.16438 0.16814 0.1563  0.157   0.14624 0.16984 0.1184  0.18086 0.16984
 0.16522 0.16596 0.1757  0.17118 0.15766 0.17396 0.1685  0.1747  0.14558
 0.16648 0.13652 0.1542  0.17266 0.15622 0.11652 0.17182 0.16602 0.16872
 0.00804 0.17308 0.16802 0.11482 0.16838 0.16188 0.16754 0.16926 0.1656
 0.1737  0.15108 0.17288 0.14184 0.16748 0.15736 0.16642 0.15706 0.13876
 0.15516 0.16192 0.17184 0.16194 0.1276  0.16872 0.16014 0.14888 0.17828
 0.17034 0.15694 0.14782 0.17068 0.16184 0.00856 0.164   0.17104 0.1685
 0.17022 0.15454 0.10074 0.13756 0.16784 0.14168 0.15858 0.1652  0.11204
 0.14994 0.16078 0.16878 0.13478]
Error calculating autocorrelation time: The chain is shorter than 50 times the integrated autocorrelation time for 8 parameter(s). Use this estimate with caution and run a longer chain!
N/50 = 1000;
tau: [1482.8983817  2967.42131055 1959.38165399 2364.8473613  2853.31597435
 2924.04437856 1507.67040355 2388.82790505]
Error calculating autocorrelation time: The chain is shorter than 50 times the integrated autocorrelation time for 8 parameter(s). Use this estimate with caution and run a longer chain!
N/50 = 1000;
tau: [1482.8983817  2967.42131055 1959.38165399 2364.8473613  2853.31597435
 2924.04437856 1507.67040355 2388.82790505]
[0.17054 0.16204 0.16308 0.17182 0.1624  0.1662  0.1595  0.15488 0.14182
 0.1229  0.15418 0.11882 0.18202 0.1553  0.1644  0.16354 0.00308 0.16894
 0.17198 0.17454 0.16986 0.18324 0.1127  0.1754  0.1665  0.17388 0.11444
 0.13136 0.14766 0.1654  0.15288 0.10434 0.17006 0.17348 0.1622  0.16598
 0.17016 0.15812 0.18126 0.1589  0.17438 0.15394 0.16542 0.16188 0.17112
 0.15834 0.1244  0.1696  0.11596 0.15444 0.16202 0.16182 0.1724  0.16716
 0.16616 0.15332 0.1748  0.14472 0.11594 0.15564 0.11986 0.15766 0.16542
 0.1669  0.17604 0.1507  0.15496 0.14914 0.17336 0.09258 0.17144 0.15164
 0.1559  0.15928 0.16102 0.10114 0.16216 0.1721  0.17206 0.13398 0.16394
 0.11282 0.15674 0.15956 0.14918 0.16598 0.16248 0.14656 0.16488 0.15934
 0.16044 0.16556 0.16012 0.15318 0.17076 0.16958 0.16596 0.1464  0.17222
 0.17792 0.16218 0.1665  0.15986 0.15728 0.16222 0.16488 0.15588 0.16032
 0.1593  0.17658 0.16868 0.17296 0.17234 0.11638 0.15    0.00866 0.15832
 0.15624 0.17598 0.17004 0.16776 0.16614 0.15758 0.16424 0.1594  0.15094
 0.15182 0.14194 0.1718  0.1519  0.12974 0.1606  0.17986 0.1682  0.16126
 0.17128 0.16276 0.15232 0.10622 0.16522 0.16114 0.16742 0.15484 0.15608
 0.1774  0.15668 0.15686 0.1581  0.15846 0.17054 0.16942 0.16548 0.15146
 0.17088 0.17058 0.1723  0.16706 0.15598 0.16588 0.14836 0.11628 0.17172
 0.14526 0.16142 0.1611  0.14976 0.1585  0.16016 0.17466 0.1714  0.15834
 0.10714 0.16774 0.10518 0.15766 0.15702 0.1759  0.1706  0.13434 0.14386
 0.16438 0.16814 0.1563  0.157   0.14624 0.16984 0.1184  0.18086 0.16984
 0.16522 0.16596 0.1757  0.17118 0.15766 0.17396 0.1685  0.1747  0.14558
 0.16648 0.13652 0.1542  0.17266 0.15622 0.11652 0.17182 0.16602 0.16872
 0.00804 0.17308 0.16802 0.11482 0.16838 0.16188 0.16754 0.16926 0.1656
 0.1737  0.15108 0.17288 0.14184 0.16748 0.15736 0.16642 0.15706 0.13876
 0.15516 0.16192 0.17184 0.16194 0.1276  0.16872 0.16014 0.14888 0.17828
 0.17034 0.15694 0.14782 0.17068 0.16184 0.00856 0.164   0.17104 0.1685
 0.17022 0.15454 0.10074 0.13756 0.16784 0.14168 0.15858 0.1652  0.11204
 0.14994 0.16078 0.16878 0.13478]
burn-in: 4000

thin: 200

flat chain shape: (58880, 8)

flat log prob shape: (58880,)

Samples saved to Result with source localization/Result_mod_eecen_5.txt
