created virtual environment CPython3.10.13.final.0-64 in 801ms
  creator CPython3Posix(dest=/localscratch/ragrawal.39445056.0/env, clear=False, no_vcs_ignore=False, global=False)
  seeder FromAppData(download=False, pip=bundle, setuptools=bundle, wheel=bundle, via=copy, app_data_dir=/home/ragrawal/.local/share/virtualenv)
    added seed packages: pip==24.1.2, setuptools==70.3.0, wheel==0.43.0
  activators BashActivator,CShellActivator,FishActivator,NushellActivator,PowerShellActivator,PythonActivator
Looking in links: /cvmfs/soft.computecanada.ca/custom/python/wheelhouse/gentoo2023/x86-64-v3, /cvmfs/soft.computecanada.ca/custom/python/wheelhouse/gentoo2023/generic, /cvmfs/soft.computecanada.ca/custom/python/wheelhouse/generic
Requirement already satisfied: pip in /localscratch/ragrawal.39445056.0/env/lib/python3.10/site-packages (24.1.2)
Looking in links: /cvmfs/soft.computecanada.ca/custom/python/wheelhouse/gentoo2023/x86-64-v3, /cvmfs/soft.computecanada.ca/custom/python/wheelhouse/gentoo2023/generic, /cvmfs/soft.computecanada.ca/custom/python/wheelhouse/generic
Processing /cvmfs/soft.computecanada.ca/custom/python/wheelhouse/gentoo2023/generic/contourpy-1.2.1+computecanada-cp310-cp310-linux_x86_64.whl (from -r requirements.txt (line 1))
Processing /cvmfs/soft.computecanada.ca/custom/python/wheelhouse/generic/corner-2.2.1+computecanada-py3-none-any.whl (from -r requirements.txt (line 2))
Processing /cvmfs/soft.computecanada.ca/custom/python/wheelhouse/generic/cycler-0.12.1+computecanada-py3-none-any.whl (from -r requirements.txt (line 3))
Processing /cvmfs/soft.computecanada.ca/custom/python/wheelhouse/generic/emcee-3.1.4+computecanada-py2.py3-none-any.whl (from -r requirements.txt (line 4))
Processing /cvmfs/soft.computecanada.ca/custom/python/wheelhouse/generic/fonttools-4.53.0+computecanada-cp310-cp310-linux_x86_64.whl (from -r requirements.txt (line 5))
Processing /cvmfs/soft.computecanada.ca/custom/python/wheelhouse/gentoo2023/x86-64-v3/h5py-3.11.0+computecanada-cp310-cp310-linux_x86_64.whl (from -r requirements.txt (line 6))
Processing /cvmfs/soft.computecanada.ca/custom/python/wheelhouse/generic/joblib-1.4.2+computecanada-py3-none-any.whl (from -r requirements.txt (line 7))
Processing /cvmfs/soft.computecanada.ca/custom/python/wheelhouse/gentoo2023/x86-64-v3/kiwisolver-1.4.5+computecanada-cp310-cp310-linux_x86_64.whl (from -r requirements.txt (line 8))
Processing /cvmfs/soft.computecanada.ca/custom/python/wheelhouse/gentoo2023/x86-64-v3/matplotlib-3.9.0+computecanada-cp310-cp310-linux_x86_64.whl (from -r requirements.txt (line 9))
Processing /cvmfs/soft.computecanada.ca/custom/python/wheelhouse/gentoo2023/generic/numpy-1.26.4+computecanada-cp310-cp310-linux_x86_64.whl (from -r requirements.txt (line 10))
Processing /cvmfs/soft.computecanada.ca/custom/python/wheelhouse/generic/packaging-24.1+computecanada-py3-none-any.whl (from -r requirements.txt (line 11))
Processing /cvmfs/soft.computecanada.ca/custom/python/wheelhouse/gentoo2023/x86-64-v3/pandas-2.2.1+computecanada-cp310-cp310-linux_x86_64.whl (from -r requirements.txt (line 12))
Processing /cvmfs/soft.computecanada.ca/custom/python/wheelhouse/gentoo2023/x86-64-v3/pillow-10.3.0+computecanada-cp310-cp310-linux_x86_64.whl (from -r requirements.txt (line 13))
Processing /cvmfs/soft.computecanada.ca/custom/python/wheelhouse/generic/pyparsing-3.1.2+computecanada-py3-none-any.whl (from -r requirements.txt (line 14))
Processing /cvmfs/soft.computecanada.ca/custom/python/wheelhouse/generic/python_dateutil-2.9.0.post0+computecanada-py2.py3-none-any.whl (from -r requirements.txt (line 15))
Processing /cvmfs/soft.computecanada.ca/custom/python/wheelhouse/generic/pytz-2024.1+computecanada-py2.py3-none-any.whl (from -r requirements.txt (line 16))
Processing /cvmfs/soft.computecanada.ca/custom/python/wheelhouse/generic/schwimmbad-0.3.1+computecanada-py3-none-any.whl (from -r requirements.txt (line 17))
Processing /cvmfs/soft.computecanada.ca/custom/python/wheelhouse/gentoo2023/generic/scikit_learn-1.5.0+computecanada-cp310-cp310-linux_x86_64.whl (from -r requirements.txt (line 18))
Processing /cvmfs/soft.computecanada.ca/custom/python/wheelhouse/gentoo2023/generic/scipy-1.13.1+computecanada-cp310-cp310-linux_x86_64.whl (from -r requirements.txt (line 19))
Processing /cvmfs/soft.computecanada.ca/custom/python/wheelhouse/generic/six-1.16.0+computecanada-py2.py3-none-any.whl (from -r requirements.txt (line 20))
Processing /cvmfs/soft.computecanada.ca/custom/python/wheelhouse/generic/sklearn-0.0+computecanada-py2.py3-none-any.whl (from -r requirements.txt (line 21))
Processing /cvmfs/soft.computecanada.ca/custom/python/wheelhouse/generic/threadpoolctl-3.5.0+computecanada-py3-none-any.whl (from -r requirements.txt (line 22))
Processing /cvmfs/soft.computecanada.ca/custom/python/wheelhouse/generic/tzdata-2024.1+computecanada-py2.py3-none-any.whl (from -r requirements.txt (line 23))
Processing /cvmfs/soft.computecanada.ca/custom/python/wheelhouse/generic/asttokens-2.4.1+computecanada-py2.py3-none-any.whl (from -r requirements.txt (line 24))
Processing /cvmfs/soft.computecanada.ca/custom/python/wheelhouse/generic/decorator-5.1.1+computecanada-py3-none-any.whl (from -r requirements.txt (line 25))
Processing /cvmfs/soft.computecanada.ca/custom/python/wheelhouse/generic/exceptiongroup-1.2.1+computecanada-py3-none-any.whl (from -r requirements.txt (line 26))
Processing /cvmfs/soft.computecanada.ca/custom/python/wheelhouse/generic/executing-2.0.1+computecanada-py2.py3-none-any.whl (from -r requirements.txt (line 27))
Processing /cvmfs/soft.computecanada.ca/custom/python/wheelhouse/generic/ipython-8.25.0+computecanada-py3-none-any.whl (from -r requirements.txt (line 28))
Processing /cvmfs/soft.computecanada.ca/custom/python/wheelhouse/generic/jedi-0.19.1+computecanada-py2.py3-none-any.whl (from -r requirements.txt (line 29))
Processing /cvmfs/soft.computecanada.ca/custom/python/wheelhouse/generic/matplotlib_inline-0.1.7+computecanada-py3-none-any.whl (from -r requirements.txt (line 30))
Processing /cvmfs/soft.computecanada.ca/custom/python/wheelhouse/generic/parso-0.8.4+computecanada-py2.py3-none-any.whl (from -r requirements.txt (line 31))
Processing /cvmfs/soft.computecanada.ca/custom/python/wheelhouse/generic/pexpect-4.9.0+computecanada-py2.py3-none-any.whl (from -r requirements.txt (line 32))
Processing /cvmfs/soft.computecanada.ca/custom/python/wheelhouse/generic/prompt_toolkit-3.0.47+computecanada-py3-none-any.whl (from -r requirements.txt (line 33))
Processing /cvmfs/soft.computecanada.ca/custom/python/wheelhouse/generic/ptyprocess-0.7.0+computecanada-py2.py3-none-any.whl (from -r requirements.txt (line 34))
Processing /cvmfs/soft.computecanada.ca/custom/python/wheelhouse/generic/pure_eval-0.2.2+computecanada-py3-none-any.whl (from -r requirements.txt (line 35))
Processing /cvmfs/soft.computecanada.ca/custom/python/wheelhouse/generic/pygments-2.18.0+computecanada-py3-none-any.whl (from -r requirements.txt (line 36))
Processing /cvmfs/soft.computecanada.ca/custom/python/wheelhouse/generic/stack_data-0.6.3+computecanada-py3-none-any.whl (from -r requirements.txt (line 38))
Processing /cvmfs/soft.computecanada.ca/custom/python/wheelhouse/generic/traitlets-5.14.3+computecanada-py3-none-any.whl (from -r requirements.txt (line 39))
Processing /cvmfs/soft.computecanada.ca/custom/python/wheelhouse/generic/typing_extensions-4.12.2+computecanada-py3-none-any.whl (from -r requirements.txt (line 40))
Processing /cvmfs/soft.computecanada.ca/custom/python/wheelhouse/generic/wcwidth-0.2.13+computecanada-py2.py3-none-any.whl (from -r requirements.txt (line 41))
Installing collected packages: wcwidth, pytz, pure_eval, ptyprocess, tzdata, typing_extensions, traitlets, threadpoolctl, six, schwimmbad, pyparsing, pygments, prompt_toolkit, pillow, pexpect, parso, packaging, numpy, kiwisolver, joblib, fonttools, executing, exceptiongroup, decorator, cycler, scipy, python_dateutil, matplotlib_inline, jedi, h5py, emcee, contourpy, asttokens, stack_data, scikit_learn, pandas, matplotlib, sklearn, ipython, corner
Successfully installed asttokens-2.4.1+computecanada contourpy-1.2.1+computecanada corner-2.2.1+computecanada cycler-0.12.1+computecanada decorator-5.1.1+computecanada emcee-3.1.4+computecanada exceptiongroup-1.2.1+computecanada executing-2.0.1+computecanada fonttools-4.53.0+computecanada h5py-3.11.0+computecanada ipython-8.25.0+computecanada jedi-0.19.1+computecanada joblib-1.4.2+computecanada kiwisolver-1.4.5+computecanada matplotlib-3.9.0+computecanada matplotlib_inline-0.1.7+computecanada numpy-1.26.4+computecanada packaging-24.1+computecanada pandas-2.2.1+computecanada parso-0.8.4+computecanada pexpect-4.9.0+computecanada pillow-10.3.0+computecanada prompt_toolkit-3.0.47+computecanada ptyprocess-0.7.0+computecanada pure_eval-0.2.2+computecanada pygments-2.18.0+computecanada pyparsing-3.1.2+computecanada python_dateutil-2.9.0.post0+computecanada pytz-2024.1+computecanada schwimmbad-0.3.1+computecanada scikit_learn-1.5.0+computecanada scipy-1.13.1+computecanada six-1.16.0+computecanada sklearn-0.0+computecanada stack_data-0.6.3+computecanada threadpoolctl-3.5.0+computecanada traitlets-5.14.3+computecanada typing_extensions-4.12.2+computecanada tzdata-2024.1+computecanada wcwidth-0.2.13+computecanada
It is for cycle
 1.25
125
[       0.           211144.70436806   422364.35513116   633652.63337579
   845003.30961085  1056410.26026531  1267867.48000406  1479369.09047063
  1690909.34600718  1902482.63684302  2114083.49018556  2325706.56959364
  2537346.67296326  2748998.72941076  2960657.79529817  3172319.04961002
  3383977.78886017  3595629.42168056  3807269.46322145  4018893.52947349
  4230497.33160679  4442076.67040887  4653627.43089398  4865145.57714801
  5076627.14746818  5288068.2498528   5499465.05789493  5710813.80713333
  5922110.7919159   6133352.36283334  6344534.92478555  6555654.93574859
  6766708.90631744  6977693.40010815  7188605.03511251  7399440.4861099
  7610196.48825279  7820869.84195624  8031457.41923606  8241956.17165567
  8452363.14005788  8662675.46627337  8872890.40701361  9083005.35016999
  9293017.83375257  9502925.56771019  9712726.45887548  9922418.63927305
 10132000.49801218 10341470.71695459 10550828.31029879 10760072.66814984
 10969203.60404315 11178221.40625655 11387126.89257153 11595921.46792751
 11804607.18414837 12013186.80060846 12221663.84434766 12430042.6677521
 12638328.50150272 12846527.50008439 13054646.77677731 13262694.42476435
 13470679.52083707 13678612.10822602 13886503.15537595 14094364.48808052
 14302208.69331061 14510048.99431148 14717899.09806074 14925773.01787919
 15133684.87573576 15341648.69041551 15549678.15904693 15757786.44034149
 15965985.94816101 16174288.16363599 16382703.47303104 16591241.03699216
 16799908.69487894 17008712.90578495 17217658.72579177 17426749.8191701
 17635988.49977349 17845375.7978449  18054911.54689117 18264594.48514373
 18474422.36634522 18684392.07509191 18894499.74262702 19104740.85973207
 19315110.38413037 19525602.84054344 19736212.41219123 19946933.02308024
 20157758.41087296 20368682.19048009 20579697.90877206 20790799.0909817
 21001979.27947811 21213232.06564742 21424551.11563092 21635930.19065651
 21847363.16266406 22058844.0258773  22270366.90491879 22481926.060006
 22693515.88970741 22905130.931681   23116765.86176421 23328415.4917355
 23540074.76602382 23751738.75760272 23963402.6632718  24175061.79849788
 24386711.59196302 24598347.57994444 24809965.40063347 25021560.78848549
 25233129.56868071 25444667.65176632 25656171.02854308 25867635.76525452
 26079057.99913372]
You must install the tqdm library to use progress indicators with emcee
Acceptance ratio
 [0.123725  0.1156625 0.09935   0.1024125 0.0953375 0.12525   0.12215
 0.11705   0.124025  0.1003875 0.1067875 0.113225  0.115375  0.11355
 0.1221875 0.1159375 0.116     0.1150375 0.1143125 0.1175375 0.1235125
 0.1199625 0.1264375 0.1156375 0.112825  0.10465   0.1188625 0.113625
 0.127175  0.1086625 0.1217875 0.1164125 0.119525  0.1077    0.1164875
 0.11605   0.0983    0.117025  0.102025  0.124325  0.1180375 0.1259
 0.103575  0.11825   0.1100625 0.1197125 0.115675  0.114375  0.1166625
 0.1255125 0.1289    0.122975  0.1058    0.1148375 0.1015375 0.109575
 0.1039125 0.1077625 0.1233875 0.103525  0.11445   0.1197875 0.1297375
 0.1100625 0.1105    0.1133875 0.1196125 0.126525  0.111025  0.1287125
 0.1224125 0.1107375 0.117775  0.1191625 0.131425  0.1216875 0.119025
 0.1054125 0.1153    0.1223625 0.114625  0.1108875 0.1010875 0.1154125
 0.11855   0.105475  0.1165625 0.1194625 0.1103625 0.11835   0.1151375
 0.1202125 0.119025  0.106225  0.0993875 0.107     0.1099    0.112825
 0.1116    0.11015   0.1173375 0.117075  0.120175  0.1266    0.1285875
 0.1137    0.1191    0.114275  0.11055   0.11395   0.1209375 0.114825
 0.113225  0.1201375 0.1074875 0.1241125 0.1155375 0.111475  0.1238875
 0.1156    0.1140125 0.122125  0.118675  0.1216125 0.116925  0.126375
 0.1009375 0.1088875]
Error calculating autocorrelation time: The chain is shorter than 50 times the integrated autocorrelation time for 3 parameter(s). Use this estimate with caution and run a longer chain!
N/50 = 1600;
tau: [ 666.09872076  562.9180428   746.1974536   260.76357657  661.88808137
 3302.12941486 3454.47548587 4149.95221886]
Error calculating autocorrelation time: The chain is shorter than 50 times the integrated autocorrelation time for 3 parameter(s). Use this estimate with caution and run a longer chain!
N/50 = 1600;
tau: [ 666.09872076  562.9180428   746.1974536   260.76357657  661.88808137
 3302.12941486 3454.47548587 4149.95221886]
[0.123725  0.1156625 0.09935   0.1024125 0.0953375 0.12525   0.12215
 0.11705   0.124025  0.1003875 0.1067875 0.113225  0.115375  0.11355
 0.1221875 0.1159375 0.116     0.1150375 0.1143125 0.1175375 0.1235125
 0.1199625 0.1264375 0.1156375 0.112825  0.10465   0.1188625 0.113625
 0.127175  0.1086625 0.1217875 0.1164125 0.119525  0.1077    0.1164875
 0.11605   0.0983    0.117025  0.102025  0.124325  0.1180375 0.1259
 0.103575  0.11825   0.1100625 0.1197125 0.115675  0.114375  0.1166625
 0.1255125 0.1289    0.122975  0.1058    0.1148375 0.1015375 0.109575
 0.1039125 0.1077625 0.1233875 0.103525  0.11445   0.1197875 0.1297375
 0.1100625 0.1105    0.1133875 0.1196125 0.126525  0.111025  0.1287125
 0.1224125 0.1107375 0.117775  0.1191625 0.131425  0.1216875 0.119025
 0.1054125 0.1153    0.1223625 0.114625  0.1108875 0.1010875 0.1154125
 0.11855   0.105475  0.1165625 0.1194625 0.1103625 0.11835   0.1151375
 0.1202125 0.119025  0.106225  0.0993875 0.107     0.1099    0.112825
 0.1116    0.11015   0.1173375 0.117075  0.120175  0.1266    0.1285875
 0.1137    0.1191    0.114275  0.11055   0.11395   0.1209375 0.114825
 0.113225  0.1201375 0.1074875 0.1241125 0.1155375 0.111475  0.1238875
 0.1156    0.1140125 0.122125  0.118675  0.1216125 0.116925  0.126375
 0.1009375 0.1088875]
burn-in: 4000

thin: 200

flat chain shape: (48640, 8)

flat log prob shape: (48640,)

Samples saved to Results_for_time_req/1_25_cycle.txt
