created virtual environment CPython3.10.13.final.0-64 in 1139ms
  creator CPython3Posix(dest=/localscratch/ragrawal.38500775.0/env, clear=False, no_vcs_ignore=False, global=False)
  seeder FromAppData(download=False, pip=bundle, setuptools=bundle, wheel=bundle, via=copy, app_data_dir=/home/ragrawal/.local/share/virtualenv)
    added seed packages: pip==24.1.2, setuptools==70.2.0, wheel==0.43.0
  activators BashActivator,CShellActivator,FishActivator,NushellActivator,PowerShellActivator,PythonActivator
Looking in links: /cvmfs/soft.computecanada.ca/custom/python/wheelhouse/gentoo2023/x86-64-v3, /cvmfs/soft.computecanada.ca/custom/python/wheelhouse/gentoo2023/generic, /cvmfs/soft.computecanada.ca/custom/python/wheelhouse/generic
Requirement already satisfied: pip in /localscratch/ragrawal.38500775.0/env/lib/python3.10/site-packages (24.1.2)
Looking in links: /cvmfs/soft.computecanada.ca/custom/python/wheelhouse/gentoo2023/x86-64-v3, /cvmfs/soft.computecanada.ca/custom/python/wheelhouse/gentoo2023/generic, /cvmfs/soft.computecanada.ca/custom/python/wheelhouse/generic
Processing /cvmfs/soft.computecanada.ca/custom/python/wheelhouse/gentoo2023/generic/contourpy-1.2.1+computecanada-cp310-cp310-linux_x86_64.whl (from -r requirements.txt (line 1))
Processing /cvmfs/soft.computecanada.ca/custom/python/wheelhouse/generic/corner-2.2.1+computecanada-py3-none-any.whl (from -r requirements.txt (line 2))
Processing /cvmfs/soft.computecanada.ca/custom/python/wheelhouse/generic/cycler-0.12.1+computecanada-py3-none-any.whl (from -r requirements.txt (line 3))
Processing /cvmfs/soft.computecanada.ca/custom/python/wheelhouse/generic/emcee-3.1.4+computecanada-py2.py3-none-any.whl (from -r requirements.txt (line 4))
Processing /cvmfs/soft.computecanada.ca/custom/python/wheelhouse/generic/fonttools-4.53.0+computecanada-cp310-cp310-linux_x86_64.whl (from -r requirements.txt (line 5))
Processing /cvmfs/soft.computecanada.ca/custom/python/wheelhouse/gentoo2023/x86-64-v3/h5py-3.11.0+computecanada-cp310-cp310-linux_x86_64.whl (from -r requirements.txt (line 6))
Processing /cvmfs/soft.computecanada.ca/custom/python/wheelhouse/generic/joblib-1.4.2+computecanada-py3-none-any.whl (from -r requirements.txt (line 7))
Processing /cvmfs/soft.computecanada.ca/custom/python/wheelhouse/gentoo2023/x86-64-v3/kiwisolver-1.4.5+computecanada-cp310-cp310-linux_x86_64.whl (from -r requirements.txt (line 8))
Processing /cvmfs/soft.computecanada.ca/custom/python/wheelhouse/gentoo2023/x86-64-v3/matplotlib-3.9.0+computecanada-cp310-cp310-linux_x86_64.whl (from -r requirements.txt (line 9))
Processing /cvmfs/soft.computecanada.ca/custom/python/wheelhouse/gentoo2023/generic/numpy-1.26.4+computecanada-cp310-cp310-linux_x86_64.whl (from -r requirements.txt (line 10))
Processing /cvmfs/soft.computecanada.ca/custom/python/wheelhouse/generic/packaging-24.1+computecanada-py3-none-any.whl (from -r requirements.txt (line 11))
Processing /cvmfs/soft.computecanada.ca/custom/python/wheelhouse/gentoo2023/x86-64-v3/pandas-2.2.1+computecanada-cp310-cp310-linux_x86_64.whl (from -r requirements.txt (line 12))
Processing /cvmfs/soft.computecanada.ca/custom/python/wheelhouse/gentoo2023/x86-64-v3/pillow-10.3.0+computecanada-cp310-cp310-linux_x86_64.whl (from -r requirements.txt (line 13))
Processing /cvmfs/soft.computecanada.ca/custom/python/wheelhouse/generic/pyparsing-3.1.2+computecanada-py3-none-any.whl (from -r requirements.txt (line 14))
Processing /cvmfs/soft.computecanada.ca/custom/python/wheelhouse/generic/python_dateutil-2.9.0.post0+computecanada-py2.py3-none-any.whl (from -r requirements.txt (line 15))
Processing /cvmfs/soft.computecanada.ca/custom/python/wheelhouse/generic/pytz-2024.1+computecanada-py2.py3-none-any.whl (from -r requirements.txt (line 16))
Processing /cvmfs/soft.computecanada.ca/custom/python/wheelhouse/generic/schwimmbad-0.3.1+computecanada-py3-none-any.whl (from -r requirements.txt (line 17))
Processing /cvmfs/soft.computecanada.ca/custom/python/wheelhouse/gentoo2023/generic/scikit_learn-1.5.0+computecanada-cp310-cp310-linux_x86_64.whl (from -r requirements.txt (line 18))
Processing /cvmfs/soft.computecanada.ca/custom/python/wheelhouse/gentoo2023/generic/scipy-1.13.1+computecanada-cp310-cp310-linux_x86_64.whl (from -r requirements.txt (line 19))
Processing /cvmfs/soft.computecanada.ca/custom/python/wheelhouse/generic/six-1.16.0+computecanada-py2.py3-none-any.whl (from -r requirements.txt (line 20))
Processing /cvmfs/soft.computecanada.ca/custom/python/wheelhouse/generic/sklearn-0.0+computecanada-py2.py3-none-any.whl (from -r requirements.txt (line 21))
Processing /cvmfs/soft.computecanada.ca/custom/python/wheelhouse/generic/threadpoolctl-3.5.0+computecanada-py3-none-any.whl (from -r requirements.txt (line 22))
Processing /cvmfs/soft.computecanada.ca/custom/python/wheelhouse/generic/tzdata-2024.1+computecanada-py2.py3-none-any.whl (from -r requirements.txt (line 23))
Processing /cvmfs/soft.computecanada.ca/custom/python/wheelhouse/generic/asttokens-2.4.1+computecanada-py2.py3-none-any.whl (from -r requirements.txt (line 24))
Processing /cvmfs/soft.computecanada.ca/custom/python/wheelhouse/generic/decorator-5.1.1+computecanada-py3-none-any.whl (from -r requirements.txt (line 25))
Processing /cvmfs/soft.computecanada.ca/custom/python/wheelhouse/generic/exceptiongroup-1.2.1+computecanada-py3-none-any.whl (from -r requirements.txt (line 26))
Processing /cvmfs/soft.computecanada.ca/custom/python/wheelhouse/generic/executing-2.0.1+computecanada-py2.py3-none-any.whl (from -r requirements.txt (line 27))
Processing /cvmfs/soft.computecanada.ca/custom/python/wheelhouse/generic/ipython-8.25.0+computecanada-py3-none-any.whl (from -r requirements.txt (line 28))
Processing /cvmfs/soft.computecanada.ca/custom/python/wheelhouse/generic/jedi-0.19.1+computecanada-py2.py3-none-any.whl (from -r requirements.txt (line 29))
Processing /cvmfs/soft.computecanada.ca/custom/python/wheelhouse/generic/matplotlib_inline-0.1.7+computecanada-py3-none-any.whl (from -r requirements.txt (line 30))
Processing /cvmfs/soft.computecanada.ca/custom/python/wheelhouse/generic/parso-0.8.4+computecanada-py2.py3-none-any.whl (from -r requirements.txt (line 31))
Processing /cvmfs/soft.computecanada.ca/custom/python/wheelhouse/generic/pexpect-4.9.0+computecanada-py2.py3-none-any.whl (from -r requirements.txt (line 32))
Processing /cvmfs/soft.computecanada.ca/custom/python/wheelhouse/generic/prompt_toolkit-3.0.47+computecanada-py3-none-any.whl (from -r requirements.txt (line 33))
Processing /cvmfs/soft.computecanada.ca/custom/python/wheelhouse/generic/ptyprocess-0.7.0+computecanada-py2.py3-none-any.whl (from -r requirements.txt (line 34))
Processing /cvmfs/soft.computecanada.ca/custom/python/wheelhouse/generic/pure_eval-0.2.2+computecanada-py3-none-any.whl (from -r requirements.txt (line 35))
Processing /cvmfs/soft.computecanada.ca/custom/python/wheelhouse/generic/pygments-2.18.0+computecanada-py3-none-any.whl (from -r requirements.txt (line 36))
Processing /cvmfs/soft.computecanada.ca/custom/python/wheelhouse/generic/stack_data-0.6.3+computecanada-py3-none-any.whl (from -r requirements.txt (line 38))
Processing /cvmfs/soft.computecanada.ca/custom/python/wheelhouse/generic/traitlets-5.14.3+computecanada-py3-none-any.whl (from -r requirements.txt (line 39))
Processing /cvmfs/soft.computecanada.ca/custom/python/wheelhouse/generic/typing_extensions-4.12.2+computecanada-py3-none-any.whl (from -r requirements.txt (line 40))
Processing /cvmfs/soft.computecanada.ca/custom/python/wheelhouse/generic/wcwidth-0.2.13+computecanada-py2.py3-none-any.whl (from -r requirements.txt (line 41))
Installing collected packages: wcwidth, pytz, pure_eval, ptyprocess, tzdata, typing_extensions, traitlets, threadpoolctl, six, schwimmbad, pyparsing, pygments, prompt_toolkit, pillow, pexpect, parso, packaging, numpy, kiwisolver, joblib, fonttools, executing, exceptiongroup, decorator, cycler, scipy, python_dateutil, matplotlib_inline, jedi, h5py, emcee, contourpy, asttokens, stack_data, scikit_learn, pandas, matplotlib, sklearn, ipython, corner
Successfully installed asttokens-2.4.1+computecanada contourpy-1.2.1+computecanada corner-2.2.1+computecanada cycler-0.12.1+computecanada decorator-5.1.1+computecanada emcee-3.1.4+computecanada exceptiongroup-1.2.1+computecanada executing-2.0.1+computecanada fonttools-4.53.0+computecanada h5py-3.11.0+computecanada ipython-8.25.0+computecanada jedi-0.19.1+computecanada joblib-1.4.2+computecanada kiwisolver-1.4.5+computecanada matplotlib-3.9.0+computecanada matplotlib_inline-0.1.7+computecanada numpy-1.26.4+computecanada packaging-24.1+computecanada pandas-2.2.1+computecanada parso-0.8.4+computecanada pexpect-4.9.0+computecanada pillow-10.3.0+computecanada prompt_toolkit-3.0.47+computecanada ptyprocess-0.7.0+computecanada pure_eval-0.2.2+computecanada pygments-2.18.0+computecanada pyparsing-3.1.2+computecanada python_dateutil-2.9.0.post0+computecanada pytz-2024.1+computecanada schwimmbad-0.3.1+computecanada scikit_learn-1.5.0+computecanada scipy-1.13.1+computecanada six-1.16.0+computecanada sklearn-0.0+computecanada stack_data-0.6.3+computecanada threadpoolctl-3.5.0+computecanada traitlets-5.14.3+computecanada typing_extensions-4.12.2+computecanada tzdata-2024.1+computecanada wcwidth-0.2.13+computecanada
[       0.         257697.578125   515522.421875   773297.578125
  1031097.578125  1288897.578125  1546757.578125  1804635.15625
  2062442.421875  2320332.578125  2578217.421875  2836137.421875
  3094057.421875  3352012.578125  3609992.578125  3867990.15625
  4126000.        4384022.421875  4642080.        4900162.421875
  5158280.       10844932.578125 11362889.84375  11621942.578125
 11881092.421875 12140252.578125 12399497.578125 12658767.421875
 12918120.15625  13177492.421875 13436970.15625  13696522.421875
 13956120.15625  14215750.       14475515.15625  14735342.578125
 14995205.15625  15255135.       15515147.421875 15775267.578125
 16035412.578125]
Traceback (most recent call last):
  File "/scratch/ragrawal/rishav_scratch/MCMC_transol/MCMC.py", line 142, in <module>
    result = differential_evolution(to_minimize, bounds,strategy="best1bin",maxiter=15)
  File "/localscratch/ragrawal.38500775.0/env/lib/python3.10/site-packages/scipy/optimize/_differentialevolution.py", line 502, in differential_evolution
    ret = solver.solve()
  File "/localscratch/ragrawal.38500775.0/env/lib/python3.10/site-packages/scipy/optimize/_differentialevolution.py", line 1155, in solve
    self._calculate_population_energies(
  File "/localscratch/ragrawal.38500775.0/env/lib/python3.10/site-packages/scipy/optimize/_differentialevolution.py", line 1315, in _calculate_population_energies
    calc_energies = list(
  File "/localscratch/ragrawal.38500775.0/env/lib/python3.10/site-packages/scipy/_lib/_util.py", line 441, in __call__
    return self.f(x, *self.args)
  File "/scratch/ragrawal/rishav_scratch/MCMC_transol/MCMC.py", line 90, in to_minimize
    t0=index[i]*(time_in)
IndexError: index 39 is out of bounds for axis 0 with size 39
