created virtual environment CPython3.10.13.final.0-64 in 1350ms
  creator CPython3Posix(dest=/localscratch/ragrawal.39407197.0/env, clear=False, no_vcs_ignore=False, global=False)
  seeder FromAppData(download=False, pip=bundle, setuptools=bundle, wheel=bundle, via=copy, app_data_dir=/home/ragrawal/.local/share/virtualenv)
    added seed packages: pip==24.1.2, setuptools==70.3.0, wheel==0.43.0
  activators BashActivator,CShellActivator,FishActivator,NushellActivator,PowerShellActivator,PythonActivator
Looking in links: /cvmfs/soft.computecanada.ca/custom/python/wheelhouse/gentoo2023/x86-64-v3, /cvmfs/soft.computecanada.ca/custom/python/wheelhouse/gentoo2023/generic, /cvmfs/soft.computecanada.ca/custom/python/wheelhouse/generic
Requirement already satisfied: pip in /localscratch/ragrawal.39407197.0/env/lib/python3.10/site-packages (24.1.2)
Looking in links: /cvmfs/soft.computecanada.ca/custom/python/wheelhouse/gentoo2023/x86-64-v3, /cvmfs/soft.computecanada.ca/custom/python/wheelhouse/gentoo2023/generic, /cvmfs/soft.computecanada.ca/custom/python/wheelhouse/generic
Processing /cvmfs/soft.computecanada.ca/custom/python/wheelhouse/gentoo2023/generic/contourpy-1.2.1+computecanada-cp310-cp310-linux_x86_64.whl (from -r requirements.txt (line 1))
Processing /cvmfs/soft.computecanada.ca/custom/python/wheelhouse/generic/corner-2.2.1+computecanada-py3-none-any.whl (from -r requirements.txt (line 2))
Processing /cvmfs/soft.computecanada.ca/custom/python/wheelhouse/generic/cycler-0.12.1+computecanada-py3-none-any.whl (from -r requirements.txt (line 3))
Processing /cvmfs/soft.computecanada.ca/custom/python/wheelhouse/generic/emcee-3.1.4+computecanada-py2.py3-none-any.whl (from -r requirements.txt (line 4))
Processing /cvmfs/soft.computecanada.ca/custom/python/wheelhouse/generic/fonttools-4.53.0+computecanada-cp310-cp310-linux_x86_64.whl (from -r requirements.txt (line 5))
Processing /cvmfs/soft.computecanada.ca/custom/python/wheelhouse/gentoo2023/x86-64-v3/h5py-3.11.0+computecanada-cp310-cp310-linux_x86_64.whl (from -r requirements.txt (line 6))
Processing /cvmfs/soft.computecanada.ca/custom/python/wheelhouse/generic/joblib-1.4.2+computecanada-py3-none-any.whl (from -r requirements.txt (line 7))
Processing /cvmfs/soft.computecanada.ca/custom/python/wheelhouse/gentoo2023/x86-64-v3/kiwisolver-1.4.5+computecanada-cp310-cp310-linux_x86_64.whl (from -r requirements.txt (line 8))
Processing /cvmfs/soft.computecanada.ca/custom/python/wheelhouse/gentoo2023/x86-64-v3/matplotlib-3.9.0+computecanada-cp310-cp310-linux_x86_64.whl (from -r requirements.txt (line 9))
Processing /cvmfs/soft.computecanada.ca/custom/python/wheelhouse/gentoo2023/generic/numpy-1.26.4+computecanada-cp310-cp310-linux_x86_64.whl (from -r requirements.txt (line 10))
Processing /cvmfs/soft.computecanada.ca/custom/python/wheelhouse/generic/packaging-24.1+computecanada-py3-none-any.whl (from -r requirements.txt (line 11))
Processing /cvmfs/soft.computecanada.ca/custom/python/wheelhouse/gentoo2023/x86-64-v3/pandas-2.2.1+computecanada-cp310-cp310-linux_x86_64.whl (from -r requirements.txt (line 12))
Processing /cvmfs/soft.computecanada.ca/custom/python/wheelhouse/gentoo2023/x86-64-v3/pillow-10.3.0+computecanada-cp310-cp310-linux_x86_64.whl (from -r requirements.txt (line 13))
Processing /cvmfs/soft.computecanada.ca/custom/python/wheelhouse/generic/pyparsing-3.1.2+computecanada-py3-none-any.whl (from -r requirements.txt (line 14))
Processing /cvmfs/soft.computecanada.ca/custom/python/wheelhouse/generic/python_dateutil-2.9.0.post0+computecanada-py2.py3-none-any.whl (from -r requirements.txt (line 15))
Processing /cvmfs/soft.computecanada.ca/custom/python/wheelhouse/generic/pytz-2024.1+computecanada-py2.py3-none-any.whl (from -r requirements.txt (line 16))
Processing /cvmfs/soft.computecanada.ca/custom/python/wheelhouse/generic/schwimmbad-0.3.1+computecanada-py3-none-any.whl (from -r requirements.txt (line 17))
Processing /cvmfs/soft.computecanada.ca/custom/python/wheelhouse/gentoo2023/generic/scikit_learn-1.5.0+computecanada-cp310-cp310-linux_x86_64.whl (from -r requirements.txt (line 18))
Processing /cvmfs/soft.computecanada.ca/custom/python/wheelhouse/gentoo2023/generic/scipy-1.13.1+computecanada-cp310-cp310-linux_x86_64.whl (from -r requirements.txt (line 19))
Processing /cvmfs/soft.computecanada.ca/custom/python/wheelhouse/generic/six-1.16.0+computecanada-py2.py3-none-any.whl (from -r requirements.txt (line 20))
Processing /cvmfs/soft.computecanada.ca/custom/python/wheelhouse/generic/sklearn-0.0+computecanada-py2.py3-none-any.whl (from -r requirements.txt (line 21))
Processing /cvmfs/soft.computecanada.ca/custom/python/wheelhouse/generic/threadpoolctl-3.5.0+computecanada-py3-none-any.whl (from -r requirements.txt (line 22))
Processing /cvmfs/soft.computecanada.ca/custom/python/wheelhouse/generic/tzdata-2024.1+computecanada-py2.py3-none-any.whl (from -r requirements.txt (line 23))
Processing /cvmfs/soft.computecanada.ca/custom/python/wheelhouse/generic/asttokens-2.4.1+computecanada-py2.py3-none-any.whl (from -r requirements.txt (line 24))
Processing /cvmfs/soft.computecanada.ca/custom/python/wheelhouse/generic/decorator-5.1.1+computecanada-py3-none-any.whl (from -r requirements.txt (line 25))
Processing /cvmfs/soft.computecanada.ca/custom/python/wheelhouse/generic/exceptiongroup-1.2.1+computecanada-py3-none-any.whl (from -r requirements.txt (line 26))
Processing /cvmfs/soft.computecanada.ca/custom/python/wheelhouse/generic/executing-2.0.1+computecanada-py2.py3-none-any.whl (from -r requirements.txt (line 27))
Processing /cvmfs/soft.computecanada.ca/custom/python/wheelhouse/generic/ipython-8.25.0+computecanada-py3-none-any.whl (from -r requirements.txt (line 28))
Processing /cvmfs/soft.computecanada.ca/custom/python/wheelhouse/generic/jedi-0.19.1+computecanada-py2.py3-none-any.whl (from -r requirements.txt (line 29))
Processing /cvmfs/soft.computecanada.ca/custom/python/wheelhouse/generic/matplotlib_inline-0.1.7+computecanada-py3-none-any.whl (from -r requirements.txt (line 30))
Processing /cvmfs/soft.computecanada.ca/custom/python/wheelhouse/generic/parso-0.8.4+computecanada-py2.py3-none-any.whl (from -r requirements.txt (line 31))
Processing /cvmfs/soft.computecanada.ca/custom/python/wheelhouse/generic/pexpect-4.9.0+computecanada-py2.py3-none-any.whl (from -r requirements.txt (line 32))
Processing /cvmfs/soft.computecanada.ca/custom/python/wheelhouse/generic/prompt_toolkit-3.0.47+computecanada-py3-none-any.whl (from -r requirements.txt (line 33))
Processing /cvmfs/soft.computecanada.ca/custom/python/wheelhouse/generic/ptyprocess-0.7.0+computecanada-py2.py3-none-any.whl (from -r requirements.txt (line 34))
Processing /cvmfs/soft.computecanada.ca/custom/python/wheelhouse/generic/pure_eval-0.2.2+computecanada-py3-none-any.whl (from -r requirements.txt (line 35))
Processing /cvmfs/soft.computecanada.ca/custom/python/wheelhouse/generic/pygments-2.18.0+computecanada-py3-none-any.whl (from -r requirements.txt (line 36))
Processing /cvmfs/soft.computecanada.ca/custom/python/wheelhouse/generic/stack_data-0.6.3+computecanada-py3-none-any.whl (from -r requirements.txt (line 38))
Processing /cvmfs/soft.computecanada.ca/custom/python/wheelhouse/generic/traitlets-5.14.3+computecanada-py3-none-any.whl (from -r requirements.txt (line 39))
Processing /cvmfs/soft.computecanada.ca/custom/python/wheelhouse/generic/typing_extensions-4.12.2+computecanada-py3-none-any.whl (from -r requirements.txt (line 40))
Processing /cvmfs/soft.computecanada.ca/custom/python/wheelhouse/generic/wcwidth-0.2.13+computecanada-py2.py3-none-any.whl (from -r requirements.txt (line 41))
Installing collected packages: wcwidth, pytz, pure_eval, ptyprocess, tzdata, typing_extensions, traitlets, threadpoolctl, six, schwimmbad, pyparsing, pygments, prompt_toolkit, pillow, pexpect, parso, packaging, numpy, kiwisolver, joblib, fonttools, executing, exceptiongroup, decorator, cycler, scipy, python_dateutil, matplotlib_inline, jedi, h5py, emcee, contourpy, asttokens, stack_data, scikit_learn, pandas, matplotlib, sklearn, ipython, corner
Successfully installed asttokens-2.4.1+computecanada contourpy-1.2.1+computecanada corner-2.2.1+computecanada cycler-0.12.1+computecanada decorator-5.1.1+computecanada emcee-3.1.4+computecanada exceptiongroup-1.2.1+computecanada executing-2.0.1+computecanada fonttools-4.53.0+computecanada h5py-3.11.0+computecanada ipython-8.25.0+computecanada jedi-0.19.1+computecanada joblib-1.4.2+computecanada kiwisolver-1.4.5+computecanada matplotlib-3.9.0+computecanada matplotlib_inline-0.1.7+computecanada numpy-1.26.4+computecanada packaging-24.1+computecanada pandas-2.2.1+computecanada parso-0.8.4+computecanada pexpect-4.9.0+computecanada pillow-10.3.0+computecanada prompt_toolkit-3.0.47+computecanada ptyprocess-0.7.0+computecanada pure_eval-0.2.2+computecanada pygments-2.18.0+computecanada pyparsing-3.1.2+computecanada python_dateutil-2.9.0.post0+computecanada pytz-2024.1+computecanada schwimmbad-0.3.1+computecanada scikit_learn-1.5.0+computecanada scipy-1.13.1+computecanada six-1.16.0+computecanada sklearn-0.0+computecanada stack_data-0.6.3+computecanada threadpoolctl-3.5.0+computecanada traitlets-5.14.3+computecanada typing_extensions-4.12.2+computecanada tzdata-2024.1+computecanada wcwidth-0.2.13+computecanada
It is for cycle
 1
[       0.           211090.53010667   422266.27509892   633521.23661321
   844849.34405753  1056244.48258253  1267700.51755446  1479211.31577851
  1690770.76373643  1902372.7831084   2114011.34384827  2325680.47507499
  2537374.27403339  2749086.91336428  2960812.64691039  3172545.814269
  3384280.84428775  3596012.25768497  3807734.6689619   4019442.78776147
  4231131.41981596  4442795.4676154   4654429.93091925  4866029.90722547
  5077590.59230456  5289107.28090048  5500575.36769563  5711990.34863433
  5923347.82269621  6134643.49421029  6345873.17579912  6557032.79204326
  6768118.38395631  6979126.114362    7190052.27426604  7400893.2903162
  7611645.73344508  7822306.32878987  8032871.96698255  8243339.71690129
  8453706.83996948  8663970.80608152  8874129.31122423  9084180.29684797
  9294121.97102249  9503952.83138681  9713671.68987066  9923277.69912481
 10132770.38054875 10342149.65374606 10551415.8671685  10760569.82963055
 10969612.8422859  11178546.73055694 11387373.87540017 11596097.24317541
 11804720.41327049 12013247.60251917 12221683.6853459  12430034.20848431
 12638305.39905647 12846504.16477703 13054638.08507105 13262715.39197688
 13470744.93985425 13678736.16313847 13886699.02167688 14094643.93354856
 14302581.69569448 14510523.39315466 14718480.29820022 14926463.76113104
 15134485.09495382 15342555.45652699 15550685.72702747 15758886.39473639
 15967167.44313904 16175538.24718475 16384007.48026108 16592583.034023
 16801271.95270809 17010080.38299993 17219013.53990973 17428075.68857004
 17637270.14130593 17846599.26889584 18056064.5245741  18265666.47906966
 18475404.86482104 18685278.62745074 18895285.98261021 19105424.47640511
 19315691.0477619  19526082.09128505 19736593.51936241 19947220.82249231
 20157959.12701751 20368803.24965083 20579747.74835842 20790786.96932683]
You must install the tqdm library to use progress indicators with emcee
/localscratch/ragrawal.39407197.0/env/lib/python3.10/site-packages/emcee/moves/red_blue.py:99: RuntimeWarning: invalid value encountered in scalar subtract
  lnpdiff = f + nlp - state.log_prob[j]
WARNING:root:Too few points to create valid contours
WARNING:root:Too few points to create valid contours
WARNING:root:Too few points to create valid contours
WARNING:root:Too few points to create valid contours
WARNING:root:Too few points to create valid contours
WARNING:root:Too few points to create valid contours
WARNING:root:Too few points to create valid contours
WARNING:root:Too few points to create valid contours
WARNING:root:Too few points to create valid contours
WARNING:root:Too few points to create valid contours
WARNING:root:Too few points to create valid contours
WARNING:root:Too few points to create valid contours
WARNING:root:Too few points to create valid contours
WARNING:root:Too few points to create valid contours
WARNING:root:Too few points to create valid contours
WARNING:root:Too few points to create valid contours
WARNING:root:Too few points to create valid contours
WARNING:root:Too few points to create valid contours
WARNING:root:Too few points to create valid contours
WARNING:root:Too few points to create valid contours
WARNING:root:Too few points to create valid contours
WARNING:root:Too few points to create valid contours
WARNING:root:Too few points to create valid contours
WARNING:root:Too few points to create valid contours
WARNING:root:Too few points to create valid contours
WARNING:root:Too few points to create valid contours
WARNING:root:Too few points to create valid contours
WARNING:root:Too few points to create valid contours
Acceptance ratio
 [0.39656 0.39648 0.39056 0.39754 0.3905  0.39004 0.39668 0.39294 0.39846
 0.39282 0.3984  0.39256 0.3876  0.39516 0.39224 0.3981  0.3857  0.38984
 0.39484 0.39566 0.39452 0.39198 0.38974 0.39258 0.3964  0.39782 0.00596
 0.39658 0.38652 0.3935  0.39402 0.39342 0.39334 0.39214 0.39508 0.39422
 0.38726 0.38564 0.39124 0.39722 0.39344 0.39098 0.3917  0.39228 0.39018
 0.39198 0.391   0.39152 0.39374 0.3951  0.01306 0.39402 0.39532 0.38378
 0.39414 0.4018  0.39778 0.39312 0.39428 0.39306 0.38956 0.39228 0.3891
 0.40074 0.39422 0.38546 0.39834 0.39526 0.3943  0.3919  0.38946 0.3965
 0.3917  0.40022 0.39418 0.3931  0.3938  0.3966  0.39756 0.3853  0.39644
 0.39674 0.38926 0.39376 0.38584 0.39396 0.39538 0.0095  0.39596 0.39502
 0.40284 0.392   0.39964 0.38774 0.38806 0.39576 0.39186 0.39548 0.39608
 0.39162 0.38872 0.39178 0.39576 0.39042 0.38886 0.39704 0.3997  0.39098
 0.39522 0.39054 0.39698 0.39434 0.3898  0.39366 0.3872  0.39714 0.39558
 0.39488 0.39582 0.39168 0.39108 0.39568 0.01226 0.39206 0.39444 0.38454
 0.39214 0.3905  0.39108 0.39326 0.39922 0.3955  0.387   0.39126 0.3981
 0.3892  0.39284 0.00392 0.39364 0.39978 0.38934 0.4032  0.39192 0.39434
 0.40094 0.3888  0.39562 0.39014 0.38954 0.39174 0.39494 0.3907  0.39246
 0.39216 0.38646 0.39668 0.39396 0.39284 0.38748 0.39246 0.39224 0.4014
 0.38816 0.39236 0.39594 0.39394 0.39848 0.40142 0.38966 0.38688 0.39404
 0.39516 0.3836  0.39162 0.38716 0.39278 0.39498 0.39252 0.38906 0.39462
 0.01112 0.39324 0.39288 0.39438 0.39604 0.39794 0.3924  0.38636 0.38588
 0.39684 0.39368 0.01216 0.3947  0.3986  0.38774 0.38854 0.39698 0.39584
 0.39916 0.39704 0.39192 0.38588 0.3947  0.39594 0.39422 0.00674 0.39746
 0.39118 0.39698 0.39086 0.39908 0.39672 0.38698 0.3987  0.39762 0.39748
 0.39658 0.39188 0.38824 0.40008 0.39624 0.3907  0.39562 0.39282 0.3901
 0.35664 0.4038  0.38838 0.3896  0.397   0.39576 0.39886 0.3915  0.39096
 0.39762 0.39238 0.3951  0.39848 0.39762 0.39192 0.39108 0.38692 0.39726
 0.39402 0.39674 0.39536 0.39218 0.39682 0.38404 0.38912 0.39208 0.39196
 0.38902 0.38836 0.3892  0.39768]
Error calculating autocorrelation time: The chain is shorter than 50 times the integrated autocorrelation time for 8 parameter(s). Use this estimate with caution and run a longer chain!
N/50 = 1000;
tau: [2619.10248443 2351.11989332 2906.90261811 2683.85027127 2561.26600948
 2513.09525576 2705.31022759 2783.16840975]
Error calculating autocorrelation time: The chain is shorter than 50 times the integrated autocorrelation time for 8 parameter(s). Use this estimate with caution and run a longer chain!
N/50 = 1000;
tau: [2619.10248443 2351.11989332 2906.90261811 2683.85027127 2561.26600948
 2513.09525576 2705.31022759 2783.16840975]
[0.39656 0.39648 0.39056 0.39754 0.3905  0.39004 0.39668 0.39294 0.39846
 0.39282 0.3984  0.39256 0.3876  0.39516 0.39224 0.3981  0.3857  0.38984
 0.39484 0.39566 0.39452 0.39198 0.38974 0.39258 0.3964  0.39782 0.00596
 0.39658 0.38652 0.3935  0.39402 0.39342 0.39334 0.39214 0.39508 0.39422
 0.38726 0.38564 0.39124 0.39722 0.39344 0.39098 0.3917  0.39228 0.39018
 0.39198 0.391   0.39152 0.39374 0.3951  0.01306 0.39402 0.39532 0.38378
 0.39414 0.4018  0.39778 0.39312 0.39428 0.39306 0.38956 0.39228 0.3891
 0.40074 0.39422 0.38546 0.39834 0.39526 0.3943  0.3919  0.38946 0.3965
 0.3917  0.40022 0.39418 0.3931  0.3938  0.3966  0.39756 0.3853  0.39644
 0.39674 0.38926 0.39376 0.38584 0.39396 0.39538 0.0095  0.39596 0.39502
 0.40284 0.392   0.39964 0.38774 0.38806 0.39576 0.39186 0.39548 0.39608
 0.39162 0.38872 0.39178 0.39576 0.39042 0.38886 0.39704 0.3997  0.39098
 0.39522 0.39054 0.39698 0.39434 0.3898  0.39366 0.3872  0.39714 0.39558
 0.39488 0.39582 0.39168 0.39108 0.39568 0.01226 0.39206 0.39444 0.38454
 0.39214 0.3905  0.39108 0.39326 0.39922 0.3955  0.387   0.39126 0.3981
 0.3892  0.39284 0.00392 0.39364 0.39978 0.38934 0.4032  0.39192 0.39434
 0.40094 0.3888  0.39562 0.39014 0.38954 0.39174 0.39494 0.3907  0.39246
 0.39216 0.38646 0.39668 0.39396 0.39284 0.38748 0.39246 0.39224 0.4014
 0.38816 0.39236 0.39594 0.39394 0.39848 0.40142 0.38966 0.38688 0.39404
 0.39516 0.3836  0.39162 0.38716 0.39278 0.39498 0.39252 0.38906 0.39462
 0.01112 0.39324 0.39288 0.39438 0.39604 0.39794 0.3924  0.38636 0.38588
 0.39684 0.39368 0.01216 0.3947  0.3986  0.38774 0.38854 0.39698 0.39584
 0.39916 0.39704 0.39192 0.38588 0.3947  0.39594 0.39422 0.00674 0.39746
 0.39118 0.39698 0.39086 0.39908 0.39672 0.38698 0.3987  0.39762 0.39748
 0.39658 0.39188 0.38824 0.40008 0.39624 0.3907  0.39562 0.39282 0.3901
 0.35664 0.4038  0.38838 0.3896  0.397   0.39576 0.39886 0.3915  0.39096
 0.39762 0.39238 0.3951  0.39848 0.39762 0.39192 0.39108 0.38692 0.39726
 0.39402 0.39674 0.39536 0.39218 0.39682 0.38404 0.38912 0.39208 0.39196
 0.38902 0.38836 0.3892  0.39768]
burn-in: 4000

thin: 200

flat chain shape: (58880, 8)

flat log prob shape: (58880,)

Samples saved to Results_for_time_req/one_complete_cycle_2.txt
